  stdafx.cpp
  bullet.cpp
C:\Users\dkdlf\Desktop\yellowCarrot\.vs\CopyWizard\bullet.cpp(34,21): warning C4018: '<': signed 또는 unsigned가 일치하지 않습니다.
C:\Users\dkdlf\Desktop\yellowCarrot\.vs\CopyWizard\bullet.cpp(41,21): warning C4018: '<': signed 또는 unsigned가 일치하지 않습니다.
C:\Users\dkdlf\Desktop\yellowCarrot\.vs\CopyWizard\bullet.cpp(51,17): warning C4018: '<': signed 또는 unsigned가 일치하지 않습니다.
C:\Users\dkdlf\Desktop\yellowCarrot\.vs\CopyWizard\bullet.cpp(66,46): warning C4244: '인수': 'float'에서 'int'(으)로 변환하면서 데이터가 손실될 수 있습니다.
C:\Users\dkdlf\Desktop\yellowCarrot\.vs\CopyWizard\bullet.cpp(66,36): warning C4244: '인수': 'float'에서 'int'(으)로 변환하면서 데이터가 손실될 수 있습니다.
C:\Users\dkdlf\Desktop\yellowCarrot\.vs\CopyWizard\bullet.cpp(72,46): warning C4244: '인수': 'float'에서 'int'(으)로 변환하면서 데이터가 손실될 수 있습니다.
C:\Users\dkdlf\Desktop\yellowCarrot\.vs\CopyWizard\bullet.cpp(72,36): warning C4244: '인수': 'float'에서 'int'(으)로 변환하면서 데이터가 손실될 수 있습니다.
C:\Users\dkdlf\Desktop\yellowCarrot\.vs\CopyWizard\bullet.cpp(83,20): warning C4018: '<': signed 또는 unsigned가 일치하지 않습니다.
C:\Users\dkdlf\Desktop\yellowCarrot\.vs\CopyWizard\bullet.cpp(90,62): warning C4244: '인수': 'float'에서 'int'(으)로 변환하면서 데이터가 손실될 수 있습니다.
C:\Users\dkdlf\Desktop\yellowCarrot\.vs\CopyWizard\bullet.cpp(90,47): warning C4244: '인수': 'float'에서 'int'(으)로 변환하면서 데이터가 손실될 수 있습니다.
C:\Users\dkdlf\Desktop\yellowCarrot\.vs\CopyWizard\bullet.cpp(96,62): warning C4244: '인수': 'float'에서 'int'(으)로 변환하면서 데이터가 손실될 수 있습니다.
C:\Users\dkdlf\Desktop\yellowCarrot\.vs\CopyWizard\bullet.cpp(96,47): warning C4244: '인수': 'float'에서 'int'(으)로 변환하면서 데이터가 손실될 수 있습니다.
C:\Users\dkdlf\Desktop\yellowCarrot\.vs\CopyWizard\bullet.cpp(150,20): warning C4018: '<': signed 또는 unsigned가 일치하지 않습니다.
C:\Users\dkdlf\Desktop\yellowCarrot\.vs\CopyWizard\bullet.cpp(164,20): warning C4018: '<': signed 또는 unsigned가 일치하지 않습니다.
C:\Users\dkdlf\Desktop\yellowCarrot\.vs\CopyWizard\bullet.cpp(180,57): warning C4244: '인수': 'float'에서 'int'(으)로 변환하면서 데이터가 손실될 수 있습니다.
C:\Users\dkdlf\Desktop\yellowCarrot\.vs\CopyWizard\bullet.cpp(180,43): warning C4244: '인수': 'float'에서 'int'(으)로 변환하면서 데이터가 손실될 수 있습니다.
C:\Users\dkdlf\Desktop\yellowCarrot\.vs\CopyWizard\bullet.cpp(195,57): warning C4244: '인수': 'float'에서 'int'(으)로 변환하면서 데이터가 손실될 수 있습니다.
C:\Users\dkdlf\Desktop\yellowCarrot\.vs\CopyWizard\bullet.cpp(195,43): warning C4244: '인수': 'float'에서 'int'(으)로 변환하면서 데이터가 손실될 수 있습니다.
C:\Users\dkdlf\Desktop\yellowCarrot\.vs\CopyWizard\bullet.cpp(253,17): warning C4018: '<': signed 또는 unsigned가 일치하지 않습니다.
C:\Users\dkdlf\Desktop\yellowCarrot\.vs\CopyWizard\bullet.cpp(267,45): warning C4244: '인수': 'float'에서 'int'(으)로 변환하면서 데이터가 손실될 수 있습니다.
C:\Users\dkdlf\Desktop\yellowCarrot\.vs\CopyWizard\bullet.cpp(267,35): warning C4244: '인수': 'float'에서 'int'(으)로 변환하면서 데이터가 손실될 수 있습니다.
C:\Users\dkdlf\Desktop\yellowCarrot\.vs\CopyWizard\bullet.cpp(281,57): warning C4244: '인수': 'float'에서 'int'(으)로 변환하면서 데이터가 손실될 수 있습니다.
C:\Users\dkdlf\Desktop\yellowCarrot\.vs\CopyWizard\bullet.cpp(281,43): warning C4244: '인수': 'float'에서 'int'(으)로 변환하면서 데이터가 손실될 수 있습니다.
  camera.cpp
C:\Users\dkdlf\Desktop\yellowCarrot\.vs\CopyWizard\camera.cpp(71,93): warning C4244: '인수': 'float'에서 'int'(으)로 변환하면서 데이터가 손실될 수 있습니다.
C:\Users\dkdlf\Desktop\yellowCarrot\.vs\CopyWizard\camera.cpp(71,65): warning C4244: '인수': 'float'에서 'int'(으)로 변환하면서 데이터가 손실될 수 있습니다.
  enemy.cpp
  enemyManager.cpp
C:\Users\dkdlf\Desktop\yellowCarrot\.vs\CopyWizard\progressBar.h(28,66): warning C4244: '인수': 'float'에서 'int'(으)로 변환하면서 데이터가 손실될 수 있습니다.
C:\Users\dkdlf\Desktop\yellowCarrot\.vs\CopyWizard\progressBar.h(28,58): warning C4244: '인수': 'float'에서 'int'(으)로 변환하면서 데이터가 손실될 수 있습니다.
C:\Users\dkdlf\Desktop\yellowCarrot\.vs\CopyWizard\progressBar.h(28,54): warning C4244: '인수': 'float'에서 'int'(으)로 변환하면서 데이터가 손실될 수 있습니다.
C:\Users\dkdlf\Desktop\yellowCarrot\.vs\CopyWizard\progressBar.h(28,50): warning C4244: '인수': 'float'에서 'int'(으)로 변환하면서 데이터가 손실될 수 있습니다.
C:\Users\dkdlf\Desktop\yellowCarrot\.vs\CopyWizard\enemyManager.cpp(33,20): warning C4018: '<': signed 또는 unsigned가 일치하지 않습니다.
C:\Users\dkdlf\Desktop\yellowCarrot\.vs\CopyWizard\enemyManager.cpp(53,20): warning C4018: '<': signed 또는 unsigned가 일치하지 않습니다.
C:\Users\dkdlf\Desktop\yellowCarrot\.vs\CopyWizard\enemyManager.cpp(80,64): warning C4244: '인수': 'LONG'에서 'float'(으)로 변환하면서 데이터가 손실될 수 있습니다.
C:\Users\dkdlf\Desktop\yellowCarrot\.vs\CopyWizard\enemyManager.cpp(80,26): warning C4244: '인수': 'LONG'에서 'float'(으)로 변환하면서 데이터가 손실될 수 있습니다.
C:\Users\dkdlf\Desktop\yellowCarrot\.vs\CopyWizard\enemyManager.cpp(93,20): warning C4018: '<': signed 또는 unsigned가 일치하지 않습니다.
  gameNode.cpp
  gameScene.cpp
C:\Users\dkdlf\Desktop\yellowCarrot\.vs\CopyWizard\progressBar.h(28,66): warning C4244: '인수': 'float'에서 'int'(으)로 변환하면서 데이터가 손실될 수 있습니다.
C:\Users\dkdlf\Desktop\yellowCarrot\.vs\CopyWizard\progressBar.h(28,58): warning C4244: '인수': 'float'에서 'int'(으)로 변환하면서 데이터가 손실될 수 있습니다.
C:\Users\dkdlf\Desktop\yellowCarrot\.vs\CopyWizard\progressBar.h(28,54): warning C4244: '인수': 'float'에서 'int'(으)로 변환하면서 데이터가 손실될 수 있습니다.
C:\Users\dkdlf\Desktop\yellowCarrot\.vs\CopyWizard\progressBar.h(28,50): warning C4244: '인수': 'float'에서 'int'(으)로 변환하면서 데이터가 손실될 수 있습니다.
  image.cpp
C:\Users\dkdlf\Desktop\yellowCarrot\.vs\CopyWizard\image.cpp(68,2): warning C4996: 'strcpy': This function or variable may be unsafe. Consider using strcpy_s instead. To disable deprecation, use _CRT_SECURE_NO_WARNINGS. See online help for details.
C:\Users\dkdlf\Desktop\yellowCarrot\.vs\CopyWizard\image.cpp(108,2): warning C4996: 'strcpy': This function or variable may be unsafe. Consider using strcpy_s instead. To disable deprecation, use _CRT_SECURE_NO_WARNINGS. See online help for details.
C:\Users\dkdlf\Desktop\yellowCarrot\.vs\CopyWizard\image.cpp(150,2): warning C4996: 'strcpy': This function or variable may be unsafe. Consider using strcpy_s instead. To disable deprecation, use _CRT_SECURE_NO_WARNINGS. See online help for details.
C:\Users\dkdlf\Desktop\yellowCarrot\.vs\CopyWizard\image.cpp(194,2): warning C4996: 'strcpy': This function or variable may be unsafe. Consider using strcpy_s instead. To disable deprecation, use _CRT_SECURE_NO_WARNINGS. See online help for details.
  imageManager.cpp
  iniData.cpp
C:\Users\dkdlf\Desktop\yellowCarrot\.vs\CopyWizard\iniData.cpp(39,20): warning C4018: '<': signed 또는 unsigned가 일치하지 않습니다.
C:\Users\dkdlf\Desktop\yellowCarrot\.vs\CopyWizard\iniData.cpp(34,2): warning C4996: 'sprintf': This function or variable may be unsafe. Consider using sprintf_s instead. To disable deprecation, use _CRT_SECURE_NO_WARNINGS. See online help for details.
C:\Users\dkdlf\Desktop\yellowCarrot\.vs\CopyWizard\iniData.cpp(37,2): warning C4996: 'strcat': This function or variable may be unsafe. Consider using strcat_s instead. To disable deprecation, use _CRT_SECURE_NO_WARNINGS. See online help for details.
C:\Users\dkdlf\Desktop\yellowCarrot\.vs\CopyWizard\iniData.cpp(53,2): warning C4996: 'sprintf': This function or variable may be unsafe. Consider using sprintf_s instead. To disable deprecation, use _CRT_SECURE_NO_WARNINGS. See online help for details.
C:\Users\dkdlf\Desktop\yellowCarrot\.vs\CopyWizard\iniData.cpp(56,2): warning C4996: 'strcat': This function or variable may be unsafe. Consider using strcat_s instead. To disable deprecation, use _CRT_SECURE_NO_WARNINGS. See online help for details.
C:\Users\dkdlf\Desktop\yellowCarrot\.vs\CopyWizard\iniData.cpp(73,2): warning C4996: 'sprintf': This function or variable may be unsafe. Consider using sprintf_s instead. To disable deprecation, use _CRT_SECURE_NO_WARNINGS. See online help for details.
C:\Users\dkdlf\Desktop\yellowCarrot\.vs\CopyWizard\iniData.cpp(76,2): warning C4996: 'strcat': This function or variable may be unsafe. Consider using strcat_s instead. To disable deprecation, use _CRT_SECURE_NO_WARNINGS. See online help for details.
C:\Users\dkdlf\Desktop\yellowCarrot\.vs\CopyWizard\iniData.cpp(84,15): warning C4244: 'return': 'double'에서 'float'(으)로 변환하면서 데이터가 손실될 수 있습니다.
  iniTestScene.cpp
  input.cpp
  loading.cpp
C:\Users\dkdlf\Desktop\yellowCarrot\.vs\CopyWizard\progressBar.h(28,66): warning C4244: '인수': 'float'에서 'int'(으)로 변환하면서 데이터가 손실될 수 있습니다.
C:\Users\dkdlf\Desktop\yellowCarrot\.vs\CopyWizard\progressBar.h(28,58): warning C4244: '인수': 'float'에서 'int'(으)로 변환하면서 데이터가 손실될 수 있습니다.
C:\Users\dkdlf\Desktop\yellowCarrot\.vs\CopyWizard\progressBar.h(28,54): warning C4244: '인수': 'float'에서 'int'(으)로 변환하면서 데이터가 손실될 수 있습니다.
C:\Users\dkdlf\Desktop\yellowCarrot\.vs\CopyWizard\progressBar.h(28,50): warning C4244: '인수': 'float'에서 'int'(으)로 변환하면서 데이터가 손실될 수 있습니다.
C:\Users\dkdlf\Desktop\yellowCarrot\.vs\CopyWizard\loading.cpp(41,21): warning C4244: '=': 'float'에서 'int'(으)로 변환하면서 데이터가 손실될 수 있습니다.
C:\Users\dkdlf\Desktop\yellowCarrot\.vs\CopyWizard\loading.cpp(42,21): warning C4244: '=': 'float'에서 'int'(으)로 변환하면서 데이터가 손실될 수 있습니다.
C:\Users\dkdlf\Desktop\yellowCarrot\.vs\CopyWizard\loading.cpp(77,21): warning C4244: '=': 'float'에서 'int'(으)로 변환하면서 데이터가 손실될 수 있습니다.
C:\Users\dkdlf\Desktop\yellowCarrot\.vs\CopyWizard\loading.cpp(78,21): warning C4244: '=': 'float'에서 'int'(으)로 변환하면서 데이터가 손실될 수 있습니다.
C:\Users\dkdlf\Desktop\yellowCarrot\.vs\CopyWizard\loading.cpp(120,16): warning C4244: '인수': 'int'에서 'float'(으)로 변환하면서 데이터가 손실될 수 있습니다.
C:\Users\dkdlf\Desktop\yellowCarrot\.vs\CopyWizard\loading.cpp(119,35): warning C4244: '인수': 'int'에서 'float'(으)로 변환하면서 데이터가 손실될 수 있습니다.
C:\Users\dkdlf\Desktop\yellowCarrot\.vs\CopyWizard\loading.cpp(179,41): warning C4244: '인수': 'float'에서 'int'(으)로 변환하면서 데이터가 손실될 수 있습니다.
C:\Users\dkdlf\Desktop\yellowCarrot\.vs\CopyWizard\loading.cpp(179,31): warning C4244: '인수': 'int'에서 'float'(으)로 변환하면서 데이터가 손실될 수 있습니다.
C:\Users\dkdlf\Desktop\yellowCarrot\.vs\CopyWizard\loading.cpp(193,20): warning C4018: '>=': signed 또는 unsigned가 일치하지 않습니다.
C:\Users\dkdlf\Desktop\yellowCarrot\.vs\CopyWizard\loading.cpp(218,64): warning C4244: '인수': 'int'에서 'float'(으)로 변환하면서 데이터가 손실될 수 있습니다.
C:\Users\dkdlf\Desktop\yellowCarrot\.vs\CopyWizard\loading.cpp(218,57): warning C4244: '인수': 'int'에서 'float'(으)로 변환하면서 데이터가 손실될 수 있습니다.
C:\Users\dkdlf\Desktop\yellowCarrot\.vs\CopyWizard\loading.cpp(232,69): warning C4244: '인수': 'int'에서 'float'(으)로 변환하면서 데이터가 손실될 수 있습니다.
C:\Users\dkdlf\Desktop\yellowCarrot\.vs\CopyWizard\loading.cpp(232,62): warning C4244: '인수': 'int'에서 'float'(으)로 변환하면서 데이터가 손실될 수 있습니다.
C:\Users\dkdlf\Desktop\yellowCarrot\.vs\CopyWizard\loading.cpp(249,43): warning C4244: '인수': 'int'에서 'float'(으)로 변환하면서 데이터가 손실될 수 있습니다.
C:\Users\dkdlf\Desktop\yellowCarrot\.vs\CopyWizard\loading.cpp(249,39): warning C4244: '인수': 'unsigned int'에서 'float'(으)로 변환하면서 데이터가 손실될 수 있습니다.
  loadingScene.cpp
C:\Users\dkdlf\Desktop\yellowCarrot\.vs\CopyWizard\progressBar.h(28,66): warning C4244: '인수': 'float'에서 'int'(으)로 변환하면서 데이터가 손실될 수 있습니다.
C:\Users\dkdlf\Desktop\yellowCarrot\.vs\CopyWizard\progressBar.h(28,58): warning C4244: '인수': 'float'에서 'int'(으)로 변환하면서 데이터가 손실될 수 있습니다.
C:\Users\dkdlf\Desktop\yellowCarrot\.vs\CopyWizard\progressBar.h(28,54): warning C4244: '인수': 'float'에서 'int'(으)로 변환하면서 데이터가 손실될 수 있습니다.
C:\Users\dkdlf\Desktop\yellowCarrot\.vs\CopyWizard\progressBar.h(28,50): warning C4244: '인수': 'float'에서 'int'(으)로 변환하면서 데이터가 손실될 수 있습니다.
C:\Users\dkdlf\Desktop\yellowCarrot\.vs\CopyWizard\loadingScene.cpp(51,37): warning C4018: '>': signed 또는 unsigned가 일치하지 않습니다.
C:\Users\dkdlf\Desktop\yellowCarrot\.vs\CopyWizard\loadingScene.cpp(64,13): warning C4244: '초기화 중': 'float'에서 'int'(으)로 변환하면서 데이터가 손실될 수 있습니다.
  mainGame.cpp
C:\Users\dkdlf\Desktop\yellowCarrot\.vs\CopyWizard\progressBar.h(28,66): warning C4244: '인수': 'float'에서 'int'(으)로 변환하면서 데이터가 손실될 수 있습니다.
C:\Users\dkdlf\Desktop\yellowCarrot\.vs\CopyWizard\progressBar.h(28,58): warning C4244: '인수': 'float'에서 'int'(으)로 변환하면서 데이터가 손실될 수 있습니다.
C:\Users\dkdlf\Desktop\yellowCarrot\.vs\CopyWizard\progressBar.h(28,54): warning C4244: '인수': 'float'에서 'int'(으)로 변환하면서 데이터가 손실될 수 있습니다.
C:\Users\dkdlf\Desktop\yellowCarrot\.vs\CopyWizard\progressBar.h(28,50): warning C4244: '인수': 'float'에서 'int'(으)로 변환하면서 데이터가 손실될 수 있습니다.
C:\Users\dkdlf\Desktop\yellowCarrot\.vs\CopyWizard\mapToolScene.h(52,81): warning C4244: '인수': 'float'에서 'int'(으)로 변환하면서 데이터가 손실될 수 있습니다.
C:\Users\dkdlf\Desktop\yellowCarrot\.vs\CopyWizard\mapToolScene.h(52,71): warning C4244: '인수': 'float'에서 'int'(으)로 변환하면서 데이터가 손실될 수 있습니다.
  mapToolScene.cpp
C:\Users\dkdlf\Desktop\yellowCarrot\.vs\CopyWizard\mapToolScene.h(52,81): warning C4244: '인수': 'float'에서 'int'(으)로 변환하면서 데이터가 손실될 수 있습니다.
C:\Users\dkdlf\Desktop\yellowCarrot\.vs\CopyWizard\mapToolScene.h(52,71): warning C4244: '인수': 'float'에서 'int'(으)로 변환하면서 데이터가 손실될 수 있습니다.
  minion.cpp
  pixelCollisionScene.cpp
C:\Users\dkdlf\Desktop\yellowCarrot\.vs\CopyWizard\pixelCollisionScene.cpp(18,27): warning C4244: '인수': 'float'에서 'int'(으)로 변환하면서 데이터가 손실될 수 있습니다.
C:\Users\dkdlf\Desktop\yellowCarrot\.vs\CopyWizard\pixelCollisionScene.cpp(18,23): warning C4244: '인수': 'float'에서 'int'(으)로 변환하면서 데이터가 손실될 수 있습니다.
C:\Users\dkdlf\Desktop\yellowCarrot\.vs\CopyWizard\pixelCollisionScene.cpp(21,15): warning C4244: '=': 'float'에서 'int'(으)로 변환하면서 데이터가 손실될 수 있습니다.
C:\Users\dkdlf\Desktop\yellowCarrot\.vs\CopyWizard\pixelCollisionScene.cpp(41,27): warning C4244: '인수': 'float'에서 'int'(으)로 변환하면서 데이터가 손실될 수 있습니다.
C:\Users\dkdlf\Desktop\yellowCarrot\.vs\CopyWizard\pixelCollisionScene.cpp(41,23): warning C4244: '인수': 'float'에서 'int'(으)로 변환하면서 데이터가 손실될 수 있습니다.
C:\Users\dkdlf\Desktop\yellowCarrot\.vs\CopyWizard\pixelCollisionScene.cpp(42,15): warning C4244: '=': 'float'에서 'int'(으)로 변환하면서 데이터가 손실될 수 있습니다.
C:\Users\dkdlf\Desktop\yellowCarrot\.vs\CopyWizard\pixelCollisionScene.cpp(47,52): warning C4244: '인수': 'float'에서 'int'(으)로 변환하면서 데이터가 손실될 수 있습니다.
C:\Users\dkdlf\Desktop\yellowCarrot\.vs\CopyWizard\pixelCollisionScene.cpp(59,11): warning C4244: '=': 'int'에서 'float'(으)로 변환하면서 데이터가 손실될 수 있습니다.
C:\Users\dkdlf\Desktop\yellowCarrot\.vs\CopyWizard\pixelCollisionScene.cpp(78,28): warning C4244: '인수': 'float'에서 'int'(으)로 변환하면서 데이터가 손실될 수 있습니다.
  player.cpp
C:\Users\dkdlf\Desktop\yellowCarrot\.vs\CopyWizard\progressBar.h(28,66): warning C4244: '인수': 'float'에서 'int'(으)로 변환하면서 데이터가 손실될 수 있습니다.
C:\Users\dkdlf\Desktop\yellowCarrot\.vs\CopyWizard\progressBar.h(28,58): warning C4244: '인수': 'float'에서 'int'(으)로 변환하면서 데이터가 손실될 수 있습니다.
C:\Users\dkdlf\Desktop\yellowCarrot\.vs\CopyWizard\progressBar.h(28,54): warning C4244: '인수': 'float'에서 'int'(으)로 변환하면서 데이터가 손실될 수 있습니다.
C:\Users\dkdlf\Desktop\yellowCarrot\.vs\CopyWizard\progressBar.h(28,50): warning C4244: '인수': 'float'에서 'int'(으)로 변환하면서 데이터가 손실될 수 있습니다.
C:\Users\dkdlf\Desktop\yellowCarrot\.vs\CopyWizard\player.cpp(93,60): warning C4244: '인수': 'float'에서 'int'(으)로 변환하면서 데이터가 손실될 수 있습니다.
C:\Users\dkdlf\Desktop\yellowCarrot\.vs\CopyWizard\player.cpp(93,43): warning C4244: '인수': 'float'에서 'int'(으)로 변환하면서 데이터가 손실될 수 있습니다.
C:\Users\dkdlf\Desktop\yellowCarrot\.vs\CopyWizard\player.cpp(116,20): warning C4018: '<': signed 또는 unsigned가 일치하지 않습니다.
C:\Users\dkdlf\Desktop\yellowCarrot\.vs\CopyWizard\player.cpp(119,21): warning C4018: '<': signed 또는 unsigned가 일치하지 않습니다.
C:\Users\dkdlf\Desktop\yellowCarrot\.vs\CopyWizard\player.cpp(143,20): warning C4244: '인수': 'float'에서 'int'(으)로 변환하면서 데이터가 손실될 수 있습니다.
C:\Users\dkdlf\Desktop\yellowCarrot\.vs\CopyWizard\player.cpp(151,32): warning C4244: '=': 'int'에서 'float'(으)로 변환하면서 데이터가 손실될 수 있습니다.
  playerData.cpp
  progressBar.cpp
C:\Users\dkdlf\Desktop\yellowCarrot\.vs\CopyWizard\progressBar.h(28,66): warning C4244: '인수': 'float'에서 'int'(으)로 변환하면서 데이터가 손실될 수 있습니다.
C:\Users\dkdlf\Desktop\yellowCarrot\.vs\CopyWizard\progressBar.h(28,58): warning C4244: '인수': 'float'에서 'int'(으)로 변환하면서 데이터가 손실될 수 있습니다.
C:\Users\dkdlf\Desktop\yellowCarrot\.vs\CopyWizard\progressBar.h(28,54): warning C4244: '인수': 'float'에서 'int'(으)로 변환하면서 데이터가 손실될 수 있습니다.
C:\Users\dkdlf\Desktop\yellowCarrot\.vs\CopyWizard\progressBar.h(28,50): warning C4244: '인수': 'float'에서 'int'(으)로 변환하면서 데이터가 손실될 수 있습니다.
C:\Users\dkdlf\Desktop\yellowCarrot\.vs\CopyWizard\progressBar.cpp(15,37): warning C4244: '=': 'int'에서 'float'(으)로 변환하면서 데이터가 손실될 수 있습니다.
C:\Users\dkdlf\Desktop\yellowCarrot\.vs\CopyWizard\progressBar.cpp(16,39): warning C4244: '=': 'int'에서 'float'(으)로 변환하면서 데이터가 손실될 수 있습니다.
C:\Users\dkdlf\Desktop\yellowCarrot\.vs\CopyWizard\progressBar.cpp(19,41): warning C4244: '인수': 'float'에서 'int'(으)로 변환하면서 데이터가 손실될 수 있습니다.
C:\Users\dkdlf\Desktop\yellowCarrot\.vs\CopyWizard\progressBar.cpp(19,33): warning C4244: '인수': 'float'에서 'int'(으)로 변환하면서 데이터가 손실될 수 있습니다.
C:\Users\dkdlf\Desktop\yellowCarrot\.vs\CopyWizard\progressBar.cpp(19,29): warning C4244: '인수': 'float'에서 'int'(으)로 변환하면서 데이터가 손실될 수 있습니다.
C:\Users\dkdlf\Desktop\yellowCarrot\.vs\CopyWizard\progressBar.cpp(19,25): warning C4244: '인수': 'float'에서 'int'(으)로 변환하면서 데이터가 손실될 수 있습니다.
C:\Users\dkdlf\Desktop\yellowCarrot\.vs\CopyWizard\progressBar.cpp(32,41): warning C4244: '인수': 'float'에서 'int'(으)로 변환하면서 데이터가 손실될 수 있습니다.
C:\Users\dkdlf\Desktop\yellowCarrot\.vs\CopyWizard\progressBar.cpp(32,33): warning C4244: '인수': 'float'에서 'int'(으)로 변환하면서 데이터가 손실될 수 있습니다.
C:\Users\dkdlf\Desktop\yellowCarrot\.vs\CopyWizard\progressBar.cpp(32,29): warning C4244: '인수': 'float'에서 'int'(으)로 변환하면서 데이터가 손실될 수 있습니다.
C:\Users\dkdlf\Desktop\yellowCarrot\.vs\CopyWizard\progressBar.cpp(32,25): warning C4244: '인수': 'float'에서 'int'(으)로 변환하면서 데이터가 손실될 수 있습니다.
C:\Users\dkdlf\Desktop\yellowCarrot\.vs\CopyWizard\progressBar.cpp(38,43): warning C4244: '인수': 'float'에서 'int'(으)로 변환하면서 데이터가 손실될 수 있습니다.
C:\Users\dkdlf\Desktop\yellowCarrot\.vs\CopyWizard\progressBar.cpp(38,39): warning C4244: '인수': 'float'에서 'int'(으)로 변환하면서 데이터가 손실될 수 있습니다.
C:\Users\dkdlf\Desktop\yellowCarrot\.vs\CopyWizard\progressBar.cpp(41,17): warning C4244: '인수': 'float'에서 'int'(으)로 변환하면서 데이터가 손실될 수 있습니다.
C:\Users\dkdlf\Desktop\yellowCarrot\.vs\CopyWizard\progressBar.cpp(41,9): warning C4244: '인수': 'float'에서 'int'(으)로 변환하면서 데이터가 손실될 수 있습니다.
C:\Users\dkdlf\Desktop\yellowCarrot\.vs\CopyWizard\progressBar.cpp(40,44): warning C4244: '인수': 'float'에서 'int'(으)로 변환하면서 데이터가 손실될 수 있습니다.
C:\Users\dkdlf\Desktop\yellowCarrot\.vs\CopyWizard\progressBar.cpp(40,40): warning C4244: '인수': 'float'에서 'int'(으)로 변환하면서 데이터가 손실될 수 있습니다.
  코드를 생성하고 있습니다...
C:\Users\dkdlf\Desktop\yellowCarrot\.vs\CopyWizard\iniData.cpp(62): warning C4172: 지역 변수 또는 임시: data의 주소를 반환하고 있습니다.
  컴파일하고 있습니다...
  random.cpp
  sceneManager.cpp
  soundManager.cpp
  soundTestScene.cpp
  startScene.cpp
  util.cpp
  winMain.cpp
C:\Users\dkdlf\Desktop\yellowCarrot\.vs\CopyWizard\progressBar.h(28,66): warning C4244: '인수': 'float'에서 'int'(으)로 변환하면서 데이터가 손실될 수 있습니다.
C:\Users\dkdlf\Desktop\yellowCarrot\.vs\CopyWizard\progressBar.h(28,58): warning C4244: '인수': 'float'에서 'int'(으)로 변환하면서 데이터가 손실될 수 있습니다.
C:\Users\dkdlf\Desktop\yellowCarrot\.vs\CopyWizard\progressBar.h(28,54): warning C4244: '인수': 'float'에서 'int'(으)로 변환하면서 데이터가 손실될 수 있습니다.
C:\Users\dkdlf\Desktop\yellowCarrot\.vs\CopyWizard\progressBar.h(28,50): warning C4244: '인수': 'float'에서 'int'(으)로 변환하면서 데이터가 손실될 수 있습니다.
C:\Users\dkdlf\Desktop\yellowCarrot\.vs\CopyWizard\mapToolScene.h(52,81): warning C4244: '인수': 'float'에서 'int'(으)로 변환하면서 데이터가 손실될 수 있습니다.
C:\Users\dkdlf\Desktop\yellowCarrot\.vs\CopyWizard\mapToolScene.h(52,71): warning C4244: '인수': 'float'에서 'int'(으)로 변환하면서 데이터가 손실될 수 있습니다.
  코드를 생성하고 있습니다...
  WindowAPI.vcxproj -> C:\Users\dkdlf\Desktop\yellowCarrot\.vs\CopyWizard\Debug\GameFramework2D.exe
