c:\users\suhyeon\desktop\포트폴리오\팀포폴\github\release\gameframework2d.pch
c:\users\suhyeon\desktop\포트폴리오\팀포폴\github\release\vc142.pdb
c:\users\suhyeon\desktop\포트폴리오\팀포폴\github\release\stdafx.obj
c:\users\suhyeon\desktop\포트폴리오\팀포폴\github\release\imagemanager.obj
c:\users\suhyeon\desktop\포트폴리오\팀포폴\github\release\image.obj
c:\users\suhyeon\desktop\포트폴리오\팀포폴\github\release\golem.obj
c:\users\suhyeon\desktop\포트폴리오\팀포폴\github\release\ghoullarge.obj
c:\users\suhyeon\desktop\포트폴리오\팀포폴\github\release\ghoul.obj
c:\users\suhyeon\desktop\포트폴리오\팀포폴\github\release\gamescene.obj
c:\users\suhyeon\desktop\포트폴리오\팀포폴\github\release\gamenode.obj
c:\users\suhyeon\desktop\포트폴리오\팀포폴\github\release\finalbossscene.obj
c:\users\suhyeon\desktop\포트폴리오\팀포폴\github\release\finalboss.obj
c:\users\suhyeon\desktop\포트폴리오\팀포폴\github\release\enemymanager.obj
c:\users\suhyeon\desktop\포트폴리오\팀포폴\github\release\effectmanager.obj
c:\users\suhyeon\desktop\포트폴리오\팀포폴\github\release\dropmanager.obj
c:\users\suhyeon\desktop\포트폴리오\팀포폴\github\release\damagemanager.obj
c:\users\suhyeon\desktop\포트폴리오\팀포폴\github\release\chest.obj
c:\users\suhyeon\desktop\포트폴리오\팀포폴\github\release\cameramanager.obj
c:\users\suhyeon\desktop\포트폴리오\팀포폴\github\release\bullet.obj
c:\users\suhyeon\desktop\포트폴리오\팀포폴\github\release\bossskill.obj
c:\users\suhyeon\desktop\포트폴리오\팀포폴\github\release\bossscene.obj
c:\users\suhyeon\desktop\포트폴리오\팀포폴\github\release\bossmanager.obj
c:\users\suhyeon\desktop\포트폴리오\팀포폴\github\release\boss.obj
c:\users\suhyeon\desktop\포트폴리오\팀포폴\github\release\soundmanager.obj
c:\users\suhyeon\desktop\포트폴리오\팀포폴\github\release\scenemanager.obj
c:\users\suhyeon\desktop\포트폴리오\팀포폴\github\release\random.obj
c:\users\suhyeon\desktop\포트폴리오\팀포폴\github\release\playerdata.obj
c:\users\suhyeon\desktop\포트폴리오\팀포폴\github\release\player.obj
c:\users\suhyeon\desktop\포트폴리오\팀포폴\github\release\particlemanager.obj
c:\users\suhyeon\desktop\포트폴리오\팀포폴\github\release\monster.obj
c:\users\suhyeon\desktop\포트폴리오\팀포폴\github\release\summoner.obj
c:\users\suhyeon\desktop\포트폴리오\팀포폴\github\release\shop.obj
c:\users\suhyeon\desktop\포트폴리오\팀포폴\github\release\progressbar.obj
c:\users\suhyeon\desktop\포트폴리오\팀포폴\github\release\portalmanager.obj
c:\users\suhyeon\desktop\포트폴리오\팀포폴\github\release\knight.obj
c:\users\suhyeon\desktop\포트폴리오\팀포폴\github\release\maptoolscene.obj
c:\users\suhyeon\desktop\포트폴리오\팀포폴\github\release\maingame.obj
c:\users\suhyeon\desktop\포트폴리오\팀포폴\github\release\loadingscene.obj
c:\users\suhyeon\desktop\포트폴리오\팀포폴\github\release\loading.obj
c:\users\suhyeon\desktop\포트폴리오\팀포폴\github\release\itemmanager.obj
c:\users\suhyeon\desktop\포트폴리오\팀포폴\github\release\inventory.obj
c:\users\suhyeon\desktop\포트폴리오\팀포폴\github\release\input.obj
c:\users\suhyeon\desktop\포트폴리오\팀포폴\github\release\inidata.obj
c:\users\suhyeon\desktop\포트폴리오\팀포폴\github\release\zobject.obj
c:\users\suhyeon\desktop\포트폴리오\팀포폴\github\release\winmain.obj
c:\users\suhyeon\desktop\포트폴리오\팀포폴\github\release\wall.obj
c:\users\suhyeon\desktop\포트폴리오\팀포폴\github\release\util.obj
c:\users\suhyeon\desktop\포트폴리오\팀포폴\github\release\unit.obj
c:\users\suhyeon\desktop\포트폴리오\팀포폴\github\release\uimanager.obj
c:\users\suhyeon\desktop\포트폴리오\팀포폴\github\release\timemanager.obj
c:\users\suhyeon\desktop\포트폴리오\팀포폴\github\release\startscene.obj
c:\users\suhyeon\desktop\포트폴리오\팀포폴\github\release\gameframework2d.ipdb
c:\users\suhyeon\desktop\포트폴리오\팀포폴\github\release\gameframework2d.iobj
c:\users\suhyeon\desktop\포트폴리오\팀포폴\github\release\gameframework2d.exe
c:\users\suhyeon\desktop\포트폴리오\팀포폴\github\release\gameframework2d.pdb
c:\users\suhyeon\desktop\포트폴리오\팀포폴\github\release\gameframework2d.tlog\cl.command.1.tlog
c:\users\suhyeon\desktop\포트폴리오\팀포폴\github\release\gameframework2d.tlog\cl.read.1.tlog
c:\users\suhyeon\desktop\포트폴리오\팀포폴\github\release\gameframework2d.tlog\cl.write.1.tlog
c:\users\suhyeon\desktop\포트폴리오\팀포폴\github\release\gameframework2d.tlog\gameframework2d.write.1u.tlog
c:\users\suhyeon\desktop\포트폴리오\팀포폴\github\release\gameframework2d.tlog\link.command.1.tlog
c:\users\suhyeon\desktop\포트폴리오\팀포폴\github\release\gameframework2d.tlog\link.read.1.tlog
c:\users\suhyeon\desktop\포트폴리오\팀포폴\github\release\gameframework2d.tlog\link.write.1.tlog
