  stdafx.cpp
C:\Users\suhyeon\Desktop\포트폴리오\팀포폴\GITHUB\cameraManager.h(102,39): warning C4244: 'return': 'float'에서 'int'(으)로 변환하면서 데이터가 손실될 수 있습니다.
C:\Users\suhyeon\Desktop\포트폴리오\팀포폴\GITHUB\cameraManager.h(103,39): warning C4244: 'return': 'float'에서 'int'(으)로 변환하면서 데이터가 손실될 수 있습니다.
C:\Users\suhyeon\Desktop\포트폴리오\팀포폴\GITHUB\cameraManager.h(104,39): warning C4244: 'return': 'float'에서 'int'(으)로 변환하면서 데이터가 손실될 수 있습니다.
C:\Users\suhyeon\Desktop\포트폴리오\팀포폴\GITHUB\cameraManager.h(105,39): warning C4244: 'return': 'float'에서 'int'(으)로 변환하면서 데이터가 손실될 수 있습니다.
  boss.cpp
C:\Users\suhyeon\Desktop\포트폴리오\팀포폴\GITHUB\player.h(7,10): warning C4067: 전처리기 지시문 다음에 예기치 않은 토큰이 있습니다. 줄 바꿈 문자가 필요합니다.
C:\Users\suhyeon\Desktop\포트폴리오\팀포폴\GITHUB\player.h(193,47): warning C4244: '인수': 'float'에서 'int'(으)로 변환하면서 데이터가 손실될 수 있습니다.
C:\Users\suhyeon\Desktop\포트폴리오\팀포폴\GITHUB\player.h(193,41): warning C4244: '인수': 'float'에서 'int'(으)로 변환하면서 데이터가 손실될 수 있습니다.
C:\Users\suhyeon\Desktop\포트폴리오\팀포폴\GITHUB\boss.cpp(123,21): warning C4018: '<': signed 또는 unsigned가 일치하지 않습니다.
C:\Users\suhyeon\Desktop\포트폴리오\팀포폴\GITHUB\boss.cpp(665,22): warning C4244: '=': 'float'에서 'int'(으)로 변환하면서 데이터가 손실될 수 있습니다.
C:\Users\suhyeon\Desktop\포트폴리오\팀포폴\GITHUB\boss.cpp(666,22): warning C4244: '=': 'float'에서 'int'(으)로 변환하면서 데이터가 손실될 수 있습니다.
C:\Users\suhyeon\Desktop\포트폴리오\팀포폴\GITHUB\boss.cpp(667,60): warning C4244: '인수': 'int'에서 'float'(으)로 변환하면서 데이터가 손실될 수 있습니다.
C:\Users\suhyeon\Desktop\포트폴리오\팀포폴\GITHUB\boss.cpp(667,54): warning C4244: '인수': 'int'에서 'float'(으)로 변환하면서 데이터가 손실될 수 있습니다.
C:\Users\suhyeon\Desktop\포트폴리오\팀포폴\GITHUB\boss.cpp(667,50): warning C4244: '인수': 'LONG'에서 'float'(으)로 변환하면서 데이터가 손실될 수 있습니다.
C:\Users\suhyeon\Desktop\포트폴리오\팀포폴\GITHUB\boss.cpp(667,35): warning C4244: '인수': 'LONG'에서 'float'(으)로 변환하면서 데이터가 손실될 수 있습니다.
C:\Users\suhyeon\Desktop\포트폴리오\팀포폴\GITHUB\boss.cpp(695,25): warning C4244: '=': 'float'에서 'int'(으)로 변환하면서 데이터가 손실될 수 있습니다.
C:\Users\suhyeon\Desktop\포트폴리오\팀포폴\GITHUB\boss.cpp(705,50): warning C4244: '인수': 'int'에서 'float'(으)로 변환하면서 데이터가 손실될 수 있습니다.
C:\Users\suhyeon\Desktop\포트폴리오\팀포폴\GITHUB\boss.cpp(705,27): warning C4244: '인수': 'int'에서 'float'(으)로 변환하면서 데이터가 손실될 수 있습니다.
C:\Users\suhyeon\Desktop\포트폴리오\팀포폴\GITHUB\boss.cpp(714,51): warning C4244: '인수': 'int'에서 'float'(으)로 변환하면서 데이터가 손실될 수 있습니다.
C:\Users\suhyeon\Desktop\포트폴리오\팀포폴\GITHUB\boss.cpp(714,28): warning C4244: '인수': 'int'에서 'float'(으)로 변환하면서 데이터가 손실될 수 있습니다.
C:\Users\suhyeon\Desktop\포트폴리오\팀포폴\GITHUB\boss.cpp(715,62): warning C4244: '인수': 'LONG'에서 'float'(으)로 변환하면서 데이터가 손실될 수 있습니다.
C:\Users\suhyeon\Desktop\포트폴리오\팀포폴\GITHUB\boss.cpp(715,47): warning C4244: '인수': 'LONG'에서 'float'(으)로 변환하면서 데이터가 손실될 수 있습니다.
C:\Users\suhyeon\Desktop\포트폴리오\팀포폴\GITHUB\boss.cpp(744,23): warning C4244: '=': 'float'에서 'int'(으)로 변환하면서 데이터가 손실될 수 있습니다.
C:\Users\suhyeon\Desktop\포트폴리오\팀포폴\GITHUB\boss.cpp(745,23): warning C4244: '=': 'float'에서 'int'(으)로 변환하면서 데이터가 손실될 수 있습니다.
C:\Users\suhyeon\Desktop\포트폴리오\팀포폴\GITHUB\boss.cpp(746,61): warning C4244: '인수': 'int'에서 'float'(으)로 변환하면서 데이터가 손실될 수 있습니다.
C:\Users\suhyeon\Desktop\포트폴리오\팀포폴\GITHUB\boss.cpp(746,55): warning C4244: '인수': 'int'에서 'float'(으)로 변환하면서 데이터가 손실될 수 있습니다.
C:\Users\suhyeon\Desktop\포트폴리오\팀포폴\GITHUB\boss.cpp(746,51): warning C4244: '인수': 'LONG'에서 'float'(으)로 변환하면서 데이터가 손실될 수 있습니다.
C:\Users\suhyeon\Desktop\포트폴리오\팀포폴\GITHUB\boss.cpp(746,36): warning C4244: '인수': 'LONG'에서 'float'(으)로 변환하면서 데이터가 손실될 수 있습니다.
C:\Users\suhyeon\Desktop\포트폴리오\팀포폴\GITHUB\boss.cpp(760,42): warning C4244: '+=': 'float'에서 'LONG'(으)로 변환하면서 데이터가 손실될 수 있습니다.
C:\Users\suhyeon\Desktop\포트폴리오\팀포폴\GITHUB\boss.cpp(761,43): warning C4244: '+=': 'float'에서 'LONG'(으)로 변환하면서 데이터가 손실될 수 있습니다.
C:\Users\suhyeon\Desktop\포트폴리오\팀포폴\GITHUB\boss.cpp(814,21): warning C4018: '<': signed 또는 unsigned가 일치하지 않습니다.
C:\Users\suhyeon\Desktop\포트폴리오\팀포폴\GITHUB\boss.cpp(816,63): warning C4244: '+=': 'float'에서 'LONG'(으)로 변환하면서 데이터가 손실될 수 있습니다.
C:\Users\suhyeon\Desktop\포트폴리오\팀포폴\GITHUB\boss.cpp(817,64): warning C4244: '+=': 'float'에서 'LONG'(으)로 변환하면서 데이터가 손실될 수 있습니다.
C:\Users\suhyeon\Desktop\포트폴리오\팀포폴\GITHUB\boss.cpp(822,88): warning C4244: '인수': 'LONG'에서 'float'(으)로 변환하면서 데이터가 손실될 수 있습니다.
C:\Users\suhyeon\Desktop\포트폴리오\팀포폴\GITHUB\boss.cpp(822,60): warning C4244: '인수': 'LONG'에서 'float'(으)로 변환하면서 데이터가 손실될 수 있습니다.
C:\Users\suhyeon\Desktop\포트폴리오\팀포폴\GITHUB\boss.cpp(861,51): warning C4244: '=': 'float'에서 'LONG'(으)로 변환하면서 데이터가 손실될 수 있습니다.
C:\Users\suhyeon\Desktop\포트폴리오\팀포폴\GITHUB\boss.cpp(862,52): warning C4244: '=': 'float'에서 'LONG'(으)로 변환하면서 데이터가 손실될 수 있습니다.
C:\Users\suhyeon\Desktop\포트폴리오\팀포폴\GITHUB\boss.cpp(884,21): warning C4018: '<': signed 또는 unsigned가 일치하지 않습니다.
C:\Users\suhyeon\Desktop\포트폴리오\팀포폴\GITHUB\boss.cpp(885,75): warning C4244: '인수': 'LONG'에서 'float'(으)로 변환하면서 데이터가 손실될 수 있습니다.
C:\Users\suhyeon\Desktop\포트폴리오\팀포폴\GITHUB\boss.cpp(885,49): warning C4244: '인수': 'LONG'에서 'float'(으)로 변환하면서 데이터가 손실될 수 있습니다.
C:\Users\suhyeon\Desktop\포트폴리오\팀포폴\GITHUB\boss.cpp(888,71): warning C4244: '인수': 'LONG'에서 'float'(으)로 변환하면서 데이터가 손실될 수 있습니다.
C:\Users\suhyeon\Desktop\포트폴리오\팀포폴\GITHUB\boss.cpp(888,45): warning C4244: '인수': 'LONG'에서 'float'(으)로 변환하면서 데이터가 손실될 수 있습니다.
C:\Users\suhyeon\Desktop\포트폴리오\팀포폴\GITHUB\boss.cpp(902,63): warning C4244: '+=': 'float'에서 'LONG'(으)로 변환하면서 데이터가 손실될 수 있습니다.
C:\Users\suhyeon\Desktop\포트폴리오\팀포폴\GITHUB\boss.cpp(903,64): warning C4244: '+=': 'float'에서 'LONG'(으)로 변환하면서 데이터가 손실될 수 있습니다.
C:\Users\suhyeon\Desktop\포트폴리오\팀포폴\GITHUB\boss.cpp(916,56): warning C4244: '인수': 'LONG'에서 'float'(으)로 변환하면서 데이터가 손실될 수 있습니다.
C:\Users\suhyeon\Desktop\포트폴리오\팀포폴\GITHUB\boss.cpp(916,39): warning C4244: '인수': 'LONG'에서 'float'(으)로 변환하면서 데이터가 손실될 수 있습니다.
C:\Users\suhyeon\Desktop\포트폴리오\팀포폴\GITHUB\boss.cpp(939,58): warning C4244: '인수': 'LONG'에서 'float'(으)로 변환하면서 데이터가 손실될 수 있습니다.
C:\Users\suhyeon\Desktop\포트폴리오\팀포폴\GITHUB\boss.cpp(939,41): warning C4244: '인수': 'LONG'에서 'float'(으)로 변환하면서 데이터가 손실될 수 있습니다.
C:\Users\suhyeon\Desktop\포트폴리오\팀포폴\GITHUB\boss.cpp(963,21): warning C4018: '<': signed 또는 unsigned가 일치하지 않습니다.
C:\Users\suhyeon\Desktop\포트폴리오\팀포폴\GITHUB\boss.cpp(970,74): warning C4244: '인수': 'LONG'에서 'float'(으)로 변환하면서 데이터가 손실될 수 있습니다.
C:\Users\suhyeon\Desktop\포트폴리오\팀포폴\GITHUB\boss.cpp(970,48): warning C4244: '인수': 'LONG'에서 'float'(으)로 변환하면서 데이터가 손실될 수 있습니다.
C:\Users\suhyeon\Desktop\포트폴리오\팀포폴\GITHUB\boss.cpp(973,78): warning C4244: '인수': 'LONG'에서 'float'(으)로 변환하면서 데이터가 손실될 수 있습니다.
C:\Users\suhyeon\Desktop\포트폴리오\팀포폴\GITHUB\boss.cpp(973,48): warning C4244: '인수': 'LONG'에서 'float'(으)로 변환하면서 데이터가 손실될 수 있습니다.
C:\Users\suhyeon\Desktop\포트폴리오\팀포폴\GITHUB\boss.cpp(976,78): warning C4244: '인수': 'LONG'에서 'float'(으)로 변환하면서 데이터가 손실될 수 있습니다.
C:\Users\suhyeon\Desktop\포트폴리오\팀포폴\GITHUB\boss.cpp(976,48): warning C4244: '인수': 'LONG'에서 'float'(으)로 변환하면서 데이터가 손실될 수 있습니다.
C:\Users\suhyeon\Desktop\포트폴리오\팀포폴\GITHUB\boss.cpp(979,75): warning C4244: '인수': 'LONG'에서 'float'(으)로 변환하면서 데이터가 손실될 수 있습니다.
C:\Users\suhyeon\Desktop\포트폴리오\팀포폴\GITHUB\boss.cpp(979,48): warning C4244: '인수': 'LONG'에서 'float'(으)로 변환하면서 데이터가 손실될 수 있습니다.
C:\Users\suhyeon\Desktop\포트폴리오\팀포폴\GITHUB\boss.cpp(984,96): warning C4244: '인수': 'LONG'에서 'float'(으)로 변환하면서 데이터가 손실될 수 있습니다.
C:\Users\suhyeon\Desktop\포트폴리오\팀포폴\GITHUB\boss.cpp(984,47): warning C4244: '인수': 'LONG'에서 'float'(으)로 변환하면서 데이터가 손실될 수 있습니다.
C:\Users\suhyeon\Desktop\포트폴리오\팀포폴\GITHUB\boss.cpp(990,75): warning C4244: '인수': 'LONG'에서 'float'(으)로 변환하면서 데이터가 손실될 수 있습니다.
C:\Users\suhyeon\Desktop\포트폴리오\팀포폴\GITHUB\boss.cpp(990,48): warning C4244: '인수': 'LONG'에서 'float'(으)로 변환하면서 데이터가 손실될 수 있습니다.
C:\Users\suhyeon\Desktop\포트폴리오\팀포폴\GITHUB\boss.cpp(993,75): warning C4244: '인수': 'LONG'에서 'float'(으)로 변환하면서 데이터가 손실될 수 있습니다.
C:\Users\suhyeon\Desktop\포트폴리오\팀포폴\GITHUB\boss.cpp(993,48): warning C4244: '인수': 'LONG'에서 'float'(으)로 변환하면서 데이터가 손실될 수 있습니다.
C:\Users\suhyeon\Desktop\포트폴리오\팀포폴\GITHUB\boss.cpp(996,77): warning C4244: '인수': 'LONG'에서 'float'(으)로 변환하면서 데이터가 손실될 수 있습니다.
C:\Users\suhyeon\Desktop\포트폴리오\팀포폴\GITHUB\boss.cpp(996,48): warning C4244: '인수': 'LONG'에서 'float'(으)로 변환하면서 데이터가 손실될 수 있습니다.
C:\Users\suhyeon\Desktop\포트폴리오\팀포폴\GITHUB\boss.cpp(999,78): warning C4244: '인수': 'LONG'에서 'float'(으)로 변환하면서 데이터가 손실될 수 있습니다.
C:\Users\suhyeon\Desktop\포트폴리오\팀포폴\GITHUB\boss.cpp(999,48): warning C4244: '인수': 'LONG'에서 'float'(으)로 변환하면서 데이터가 손실될 수 있습니다.
C:\Users\suhyeon\Desktop\포트폴리오\팀포폴\GITHUB\boss.cpp(1003,61): warning C4244: '+=': 'float'에서 'LONG'(으)로 변환하면서 데이터가 손실될 수 있습니다.
C:\Users\suhyeon\Desktop\포트폴리오\팀포폴\GITHUB\boss.cpp(1004,62): warning C4244: '+=': 'float'에서 'LONG'(으)로 변환하면서 데이터가 손실될 수 있습니다.
C:\Users\suhyeon\Desktop\포트폴리오\팀포폴\GITHUB\boss.cpp(1061,20): warning C4018: '<': signed 또는 unsigned가 일치하지 않습니다.
C:\Users\suhyeon\Desktop\포트폴리오\팀포폴\GITHUB\boss.cpp(1070,61): warning C4244: '인수': 'LONG'에서 'float'(으)로 변환하면서 데이터가 손실될 수 있습니다.
C:\Users\suhyeon\Desktop\포트폴리오\팀포폴\GITHUB\boss.cpp(1070,46): warning C4244: '인수': 'LONG'에서 'float'(으)로 변환하면서 데이터가 손실될 수 있습니다.
C:\Users\suhyeon\Desktop\포트폴리오\팀포폴\GITHUB\boss.cpp(1095,23): warning C4018: '<': signed 또는 unsigned가 일치하지 않습니다.
C:\Users\suhyeon\Desktop\포트폴리오\팀포폴\GITHUB\boss.cpp(1098,130): warning C4244: '인수': 'LONG'에서 'float'(으)로 변환하면서 데이터가 손실될 수 있습니다.
C:\Users\suhyeon\Desktop\포트폴리오\팀포폴\GITHUB\boss.cpp(1098,105): warning C4244: '인수': 'LONG'에서 'float'(으)로 변환하면서 데이터가 손실될 수 있습니다.
C:\Users\suhyeon\Desktop\포트폴리오\팀포폴\GITHUB\boss.cpp(1098,81): warning C4244: '인수': 'LONG'에서 'float'(으)로 변환하면서 데이터가 손실될 수 있습니다.
C:\Users\suhyeon\Desktop\포트폴리오\팀포폴\GITHUB\boss.cpp(1098,56): warning C4244: '인수': 'LONG'에서 'float'(으)로 변환하면서 데이터가 손실될 수 있습니다.
C:\Users\suhyeon\Desktop\포트폴리오\팀포폴\GITHUB\boss.cpp(1145,167): warning C4244: '인수': 'LONG'에서 'float'(으)로 변환하면서 데이터가 손실될 수 있습니다.
C:\Users\suhyeon\Desktop\포트폴리오\팀포폴\GITHUB\boss.cpp(1145,142): warning C4244: '인수': 'LONG'에서 'float'(으)로 변환하면서 데이터가 손실될 수 있습니다.
C:\Users\suhyeon\Desktop\포트폴리오\팀포폴\GITHUB\boss.cpp(1145,118): warning C4244: '인수': 'LONG'에서 'float'(으)로 변환하면서 데이터가 손실될 수 있습니다.
C:\Users\suhyeon\Desktop\포트폴리오\팀포폴\GITHUB\boss.cpp(1145,73): warning C4244: '인수': 'LONG'에서 'float'(으)로 변환하면서 데이터가 손실될 수 있습니다.
C:\Users\suhyeon\Desktop\포트폴리오\팀포폴\GITHUB\boss.cpp(1168,21): warning C4018: '<': signed 또는 unsigned가 일치하지 않습니다.
C:\Users\suhyeon\Desktop\포트폴리오\팀포폴\GITHUB\boss.cpp(1180,125): warning C4244: '인수': 'LONG'에서 'float'(으)로 변환하면서 데이터가 손실될 수 있습니다.
C:\Users\suhyeon\Desktop\포트폴리오\팀포폴\GITHUB\boss.cpp(1180,100): warning C4244: '인수': 'LONG'에서 'float'(으)로 변환하면서 데이터가 손실될 수 있습니다.
C:\Users\suhyeon\Desktop\포트폴리오\팀포폴\GITHUB\boss.cpp(1180,76): warning C4244: '인수': 'LONG'에서 'float'(으)로 변환하면서 데이터가 손실될 수 있습니다.
C:\Users\suhyeon\Desktop\포트폴리오\팀포폴\GITHUB\boss.cpp(1180,52): warning C4244: '인수': 'LONG'에서 'float'(으)로 변환하면서 데이터가 손실될 수 있습니다.
C:\Users\suhyeon\Desktop\포트폴리오\팀포폴\GITHUB\boss.cpp(1194,88): warning C4244: '인수': 'LONG'에서 'float'(으)로 변환하면서 데이터가 손실될 수 있습니다.
C:\Users\suhyeon\Desktop\포트폴리오\팀포폴\GITHUB\boss.cpp(1194,60): warning C4244: '인수': 'LONG'에서 'float'(으)로 변환하면서 데이터가 손실될 수 있습니다.
C:\Users\suhyeon\Desktop\포트폴리오\팀포폴\GITHUB\boss.cpp(1212,116): warning C4244: '인수': 'LONG'에서 'float'(으)로 변환하면서 데이터가 손실될 수 있습니다.
C:\Users\suhyeon\Desktop\포트폴리오\팀포폴\GITHUB\boss.cpp(1212,91): warning C4244: '인수': 'LONG'에서 'float'(으)로 변환하면서 데이터가 손실될 수 있습니다.
C:\Users\suhyeon\Desktop\포트폴리오\팀포폴\GITHUB\boss.cpp(1212,67): warning C4244: '인수': 'LONG'에서 'float'(으)로 변환하면서 데이터가 손실될 수 있습니다.
C:\Users\suhyeon\Desktop\포트폴리오\팀포폴\GITHUB\boss.cpp(1212,47): warning C4244: '인수': 'LONG'에서 'float'(으)로 변환하면서 데이터가 손실될 수 있습니다.
C:\Users\suhyeon\Desktop\포트폴리오\팀포폴\GITHUB\boss.cpp(1259,23): warning C4244: '=': 'float'에서 'int'(으)로 변환하면서 데이터가 손실될 수 있습니다.
C:\Users\suhyeon\Desktop\포트폴리오\팀포폴\GITHUB\boss.cpp(1260,23): warning C4244: '=': 'float'에서 'int'(으)로 변환하면서 데이터가 손실될 수 있습니다.
C:\Users\suhyeon\Desktop\포트폴리오\팀포폴\GITHUB\boss.cpp(1261,61): warning C4244: '인수': 'int'에서 'float'(으)로 변환하면서 데이터가 손실될 수 있습니다.
C:\Users\suhyeon\Desktop\포트폴리오\팀포폴\GITHUB\boss.cpp(1261,55): warning C4244: '인수': 'int'에서 'float'(으)로 변환하면서 데이터가 손실될 수 있습니다.
C:\Users\suhyeon\Desktop\포트폴리오\팀포폴\GITHUB\boss.cpp(1261,51): warning C4244: '인수': 'LONG'에서 'float'(으)로 변환하면서 데이터가 손실될 수 있습니다.
C:\Users\suhyeon\Desktop\포트폴리오\팀포폴\GITHUB\boss.cpp(1261,36): warning C4244: '인수': 'LONG'에서 'float'(으)로 변환하면서 데이터가 손실될 수 있습니다.
C:\Users\suhyeon\Desktop\포트폴리오\팀포폴\GITHUB\boss.cpp(1262,21): warning C4018: '<': signed 또는 unsigned가 일치하지 않습니다.
C:\Users\suhyeon\Desktop\포트폴리오\팀포폴\GITHUB\boss.cpp(1318,12): warning C4244: '초기화 중': 'float'에서 'int'(으)로 변환하면서 데이터가 손실될 수 있습니다.
C:\Users\suhyeon\Desktop\포트폴리오\팀포폴\GITHUB\boss.cpp(1325,20): warning C4018: '<': signed 또는 unsigned가 일치하지 않습니다.
C:\Users\suhyeon\Desktop\포트폴리오\팀포폴\GITHUB\boss.cpp(1385,20): warning C4018: '<': signed 또는 unsigned가 일치하지 않습니다.
C:\Users\suhyeon\Desktop\포트폴리오\팀포폴\GITHUB\boss.cpp(1414,40): warning C4244: '+=': 'float'에서 'LONG'(으)로 변환하면서 데이터가 손실될 수 있습니다.
C:\Users\suhyeon\Desktop\포트폴리오\팀포폴\GITHUB\boss.cpp(1415,41): warning C4244: '+=': 'float'에서 'LONG'(으)로 변환하면서 데이터가 손실될 수 있습니다.
C:\Users\suhyeon\Desktop\포트폴리오\팀포폴\GITHUB\boss.cpp(1418,53): warning C4244: '인수': 'LONG'에서 'float'(으)로 변환하면서 데이터가 손실될 수 있습니다.
C:\Users\suhyeon\Desktop\포트폴리오\팀포폴\GITHUB\boss.cpp(1418,36): warning C4244: '인수': 'LONG'에서 'float'(으)로 변환하면서 데이터가 손실될 수 있습니다.
C:\Users\suhyeon\Desktop\포트폴리오\팀포폴\GITHUB\boss.cpp(1428,64): warning C4244: '=': 'float'에서 'LONG'(으)로 변환하면서 데이터가 손실될 수 있습니다.
C:\Users\suhyeon\Desktop\포트폴리오\팀포폴\GITHUB\boss.cpp(1429,65): warning C4244: '=': 'float'에서 'LONG'(으)로 변환하면서 데이터가 손실될 수 있습니다.
C:\Users\suhyeon\Desktop\포트폴리오\팀포폴\GITHUB\boss.cpp(1444,37): warning C4244: '=': 'float'에서 'LONG'(으)로 변환하면서 데이터가 손실될 수 있습니다.
C:\Users\suhyeon\Desktop\포트폴리오\팀포폴\GITHUB\boss.cpp(1460,39): warning C4244: '=': 'float'에서 'LONG'(으)로 변환하면서 데이터가 손실될 수 있습니다.
C:\Users\suhyeon\Desktop\포트폴리오\팀포폴\GITHUB\boss.cpp(1463,39): warning C4244: '=': 'float'에서 'LONG'(으)로 변환하면서 데이터가 손실될 수 있습니다.
C:\Users\suhyeon\Desktop\포트폴리오\팀포폴\GITHUB\boss.cpp(1481,39): warning C4244: '=': 'float'에서 'LONG'(으)로 변환하면서 데이터가 손실될 수 있습니다.
C:\Users\suhyeon\Desktop\포트폴리오\팀포폴\GITHUB\boss.cpp(1484,39): warning C4244: '=': 'float'에서 'LONG'(으)로 변환하면서 데이터가 손실될 수 있습니다.
C:\Users\suhyeon\Desktop\포트폴리오\팀포폴\GITHUB\boss.cpp(1500,36): warning C4244: '=': 'float'에서 'LONG'(으)로 변환하면서 데이터가 손실될 수 있습니다.
C:\Users\suhyeon\Desktop\포트폴리오\팀포폴\GITHUB\boss.cpp(1539,24): warning C4018: '<': signed 또는 unsigned가 일치하지 않습니다.
C:\Users\suhyeon\Desktop\포트폴리오\팀포폴\GITHUB\boss.cpp(1540,65): warning C4244: '+=': 'float'에서 'LONG'(으)로 변환하면서 데이터가 손실될 수 있습니다.
C:\Users\suhyeon\Desktop\포트폴리오\팀포폴\GITHUB\boss.cpp(1541,66): warning C4244: '+=': 'float'에서 'LONG'(으)로 변환하면서 데이터가 손실될 수 있습니다.
C:\Users\suhyeon\Desktop\포트폴리오\팀포폴\GITHUB\boss.cpp(1544,72): warning C4244: '인수': 'LONG'에서 'float'(으)로 변환하면서 데이터가 손실될 수 있습니다.
C:\Users\suhyeon\Desktop\포트폴리오\팀포폴\GITHUB\boss.cpp(1544,47): warning C4244: '인수': 'LONG'에서 'float'(으)로 변환하면서 데이터가 손실될 수 있습니다.
  bossManager.cpp
C:\Users\suhyeon\Desktop\포트폴리오\팀포폴\GITHUB\bossManager.cpp(21,20): warning C4018: '<': signed 또는 unsigned가 일치하지 않습니다.
C:\Users\suhyeon\Desktop\포트폴리오\팀포폴\GITHUB\bossManager.cpp(25,107): warning C4244: '인수': 'LONG'에서 'float'(으)로 변환하면서 데이터가 손실될 수 있습니다.
C:\Users\suhyeon\Desktop\포트폴리오\팀포폴\GITHUB\bossManager.cpp(25,68): warning C4244: '인수': 'LONG'에서 'float'(으)로 변환하면서 데이터가 손실될 수 있습니다.
C:\Users\suhyeon\Desktop\포트폴리오\팀포폴\GITHUB\bossManager.cpp(35,20): warning C4018: '<': signed 또는 unsigned가 일치하지 않습니다.
  bossScene.cpp
C:\Users\suhyeon\Desktop\포트폴리오\팀포폴\GITHUB\player.h(7,10): warning C4067: 전처리기 지시문 다음에 예기치 않은 토큰이 있습니다. 줄 바꿈 문자가 필요합니다.
C:\Users\suhyeon\Desktop\포트폴리오\팀포폴\GITHUB\player.h(193,47): warning C4244: '인수': 'float'에서 'int'(으)로 변환하면서 데이터가 손실될 수 있습니다.
C:\Users\suhyeon\Desktop\포트폴리오\팀포폴\GITHUB\player.h(193,41): warning C4244: '인수': 'float'에서 'int'(으)로 변환하면서 데이터가 손실될 수 있습니다.
C:\Users\suhyeon\Desktop\포트폴리오\팀포폴\GITHUB\bossScene.cpp(185,11): warning C4244: '인수': 'LONG'에서 'float'(으)로 변환하면서 데이터가 손실될 수 있습니다.
C:\Users\suhyeon\Desktop\포트폴리오\팀포폴\GITHUB\bossScene.cpp(184,12): warning C4244: '인수': 'LONG'에서 'float'(으)로 변환하면서 데이터가 손실될 수 있습니다.
C:\Users\suhyeon\Desktop\포트폴리오\팀포폴\GITHUB\bossScene.cpp(627,20): warning C4018: '<': signed 또는 unsigned가 일치하지 않습니다.
C:\Users\suhyeon\Desktop\포트폴리오\팀포폴\GITHUB\bossScene.cpp(644,20): warning C4018: '<': signed 또는 unsigned가 일치하지 않습니다.
  bossSkill.cpp
C:\Users\suhyeon\Desktop\포트폴리오\팀포폴\GITHUB\bossSkill.cpp(24,37): warning C4244: '인수': 'float'에서 'int'(으)로 변환하면서 데이터가 손실될 수 있습니다.
C:\Users\suhyeon\Desktop\포트폴리오\팀포폴\GITHUB\bossSkill.cpp(24,25): warning C4244: '인수': 'float'에서 'int'(으)로 변환하면서 데이터가 손실될 수 있습니다.
C:\Users\suhyeon\Desktop\포트폴리오\팀포폴\GITHUB\bossSkill.cpp(33,37): warning C4244: '인수': 'float'에서 'int'(으)로 변환하면서 데이터가 손실될 수 있습니다.
C:\Users\suhyeon\Desktop\포트폴리오\팀포폴\GITHUB\bossSkill.cpp(33,25): warning C4244: '인수': 'float'에서 'int'(으)로 변환하면서 데이터가 손실될 수 있습니다.
C:\Users\suhyeon\Desktop\포트폴리오\팀포폴\GITHUB\bossSkill.cpp(46,37): warning C4244: '인수': 'float'에서 'int'(으)로 변환하면서 데이터가 손실될 수 있습니다.
C:\Users\suhyeon\Desktop\포트폴리오\팀포폴\GITHUB\bossSkill.cpp(46,25): warning C4244: '인수': 'float'에서 'int'(으)로 변환하면서 데이터가 손실될 수 있습니다.
C:\Users\suhyeon\Desktop\포트폴리오\팀포폴\GITHUB\bossSkill.cpp(52,26): warning C4244: '인수': 'float'에서 'int'(으)로 변환하면서 데이터가 손실될 수 있습니다.
C:\Users\suhyeon\Desktop\포트폴리오\팀포폴\GITHUB\bossSkill.cpp(52,19): warning C4244: '인수': 'float'에서 'int'(으)로 변환하면서 데이터가 손실될 수 있습니다.
C:\Users\suhyeon\Desktop\포트폴리오\팀포폴\GITHUB\bossSkill.cpp(61,26): warning C4244: '인수': 'float'에서 'int'(으)로 변환하면서 데이터가 손실될 수 있습니다.
C:\Users\suhyeon\Desktop\포트폴리오\팀포폴\GITHUB\bossSkill.cpp(61,19): warning C4244: '인수': 'float'에서 'int'(으)로 변환하면서 데이터가 손실될 수 있습니다.
C:\Users\suhyeon\Desktop\포트폴리오\팀포폴\GITHUB\bossSkill.cpp(70,26): warning C4244: '인수': 'float'에서 'int'(으)로 변환하면서 데이터가 손실될 수 있습니다.
C:\Users\suhyeon\Desktop\포트폴리오\팀포폴\GITHUB\bossSkill.cpp(70,19): warning C4244: '인수': 'float'에서 'int'(으)로 변환하면서 데이터가 손실될 수 있습니다.
C:\Users\suhyeon\Desktop\포트폴리오\팀포폴\GITHUB\bossSkill.cpp(98,52): warning C4244: '인수': 'float'에서 'int'(으)로 변환하면서 데이터가 손실될 수 있습니다.
C:\Users\suhyeon\Desktop\포트폴리오\팀포폴\GITHUB\bossSkill.cpp(98,45): warning C4244: '인수': 'float'에서 'int'(으)로 변환하면서 데이터가 손실될 수 있습니다.
C:\Users\suhyeon\Desktop\포트폴리오\팀포폴\GITHUB\bossSkill.cpp(103,54): warning C4244: '인수': 'float'에서 'int'(으)로 변환하면서 데이터가 손실될 수 있습니다.
C:\Users\suhyeon\Desktop\포트폴리오\팀포폴\GITHUB\bossSkill.cpp(103,47): warning C4244: '인수': 'float'에서 'int'(으)로 변환하면서 데이터가 손실될 수 있습니다.
C:\Users\suhyeon\Desktop\포트폴리오\팀포폴\GITHUB\bossSkill.cpp(107,63): warning C4244: '인수': 'float'에서 'int'(으)로 변환하면서 데이터가 손실될 수 있습니다.
C:\Users\suhyeon\Desktop\포트폴리오\팀포폴\GITHUB\bossSkill.cpp(107,56): warning C4244: '인수': 'float'에서 'int'(으)로 변환하면서 데이터가 손실될 수 있습니다.
C:\Users\suhyeon\Desktop\포트폴리오\팀포폴\GITHUB\bossSkill.cpp(114,57): warning C4244: '인수': 'float'에서 'int'(으)로 변환하면서 데이터가 손실될 수 있습니다.
C:\Users\suhyeon\Desktop\포트폴리오\팀포폴\GITHUB\bossSkill.cpp(114,50): warning C4244: '인수': 'float'에서 'int'(으)로 변환하면서 데이터가 손실될 수 있습니다.
C:\Users\suhyeon\Desktop\포트폴리오\팀포폴\GITHUB\bossSkill.cpp(118,55): warning C4244: '인수': 'float'에서 'int'(으)로 변환하면서 데이터가 손실될 수 있습니다.
C:\Users\suhyeon\Desktop\포트폴리오\팀포폴\GITHUB\bossSkill.cpp(118,48): warning C4244: '인수': 'float'에서 'int'(으)로 변환하면서 데이터가 손실될 수 있습니다.
C:\Users\suhyeon\Desktop\포트폴리오\팀포폴\GITHUB\bossSkill.cpp(122,52): warning C4244: '인수': 'float'에서 'int'(으)로 변환하면서 데이터가 손실될 수 있습니다.
C:\Users\suhyeon\Desktop\포트폴리오\팀포폴\GITHUB\bossSkill.cpp(122,45): warning C4244: '인수': 'float'에서 'int'(으)로 변환하면서 데이터가 손실될 수 있습니다.
C:\Users\suhyeon\Desktop\포트폴리오\팀포폴\GITHUB\bossSkill.cpp(191,7): warning C4101: '_temp' :참조되지 않은 지역 변수입니다.
  bullet.cpp
C:\Users\suhyeon\Desktop\포트폴리오\팀포폴\GITHUB\bullet.cpp(39,19): warning C4244: '인수': 'float'에서 'int'(으)로 변환하면서 데이터가 손실될 수 있습니다.
C:\Users\suhyeon\Desktop\포트폴리오\팀포폴\GITHUB\bullet.cpp(38,19): warning C4244: '인수': 'float'에서 'int'(으)로 변환하면서 데이터가 손실될 수 있습니다.
C:\Users\suhyeon\Desktop\포트폴리오\팀포폴\GITHUB\bullet.cpp(92,56): warning C4244: '인수': 'float'에서 'int'(으)로 변환하면서 데이터가 손실될 수 있습니다.
C:\Users\suhyeon\Desktop\포트폴리오\팀포폴\GITHUB\bullet.cpp(92,41): warning C4244: '인수': 'float'에서 'int'(으)로 변환하면서 데이터가 손실될 수 있습니다.
C:\Users\suhyeon\Desktop\포트폴리오\팀포폴\GITHUB\bullet.cpp(101,56): warning C4244: '인수': 'float'에서 'int'(으)로 변환하면서 데이터가 손실될 수 있습니다.
C:\Users\suhyeon\Desktop\포트폴리오\팀포폴\GITHUB\bullet.cpp(101,41): warning C4244: '인수': 'float'에서 'int'(으)로 변환하면서 데이터가 손실될 수 있습니다.
C:\Users\suhyeon\Desktop\포트폴리오\팀포폴\GITHUB\bullet.cpp(111,62): warning C4244: '인수': 'float'에서 'int'(으)로 변환하면서 데이터가 손실될 수 있습니다.
C:\Users\suhyeon\Desktop\포트폴리오\팀포폴\GITHUB\bullet.cpp(111,47): warning C4244: '인수': 'float'에서 'int'(으)로 변환하면서 데이터가 손실될 수 있습니다.
C:\Users\suhyeon\Desktop\포트폴리오\팀포폴\GITHUB\bullet.cpp(122,56): warning C4244: '인수': 'float'에서 'int'(으)로 변환하면서 데이터가 손실될 수 있습니다.
C:\Users\suhyeon\Desktop\포트폴리오\팀포폴\GITHUB\bullet.cpp(122,41): warning C4244: '인수': 'float'에서 'int'(으)로 변환하면서 데이터가 손실될 수 있습니다.
C:\Users\suhyeon\Desktop\포트폴리오\팀포폴\GITHUB\bullet.cpp(131,62): warning C4244: '인수': 'float'에서 'int'(으)로 변환하면서 데이터가 손실될 수 있습니다.
C:\Users\suhyeon\Desktop\포트폴리오\팀포폴\GITHUB\bullet.cpp(131,47): warning C4244: '인수': 'float'에서 'int'(으)로 변환하면서 데이터가 손실될 수 있습니다.
C:\Users\suhyeon\Desktop\포트폴리오\팀포폴\GITHUB\bullet.cpp(210,18): warning C4244: '인수': 'float'에서 'int'(으)로 변환하면서 데이터가 손실될 수 있습니다.
C:\Users\suhyeon\Desktop\포트폴리오\팀포폴\GITHUB\bullet.cpp(209,18): warning C4244: '인수': 'float'에서 'int'(으)로 변환하면서 데이터가 손실될 수 있습니다.
C:\Users\suhyeon\Desktop\포트폴리오\팀포폴\GITHUB\bullet.cpp(212,110): warning C4244: '인수': 'float'에서 'int'(으)로 변환하면서 데이터가 손실될 수 있습니다.
C:\Users\suhyeon\Desktop\포트폴리오\팀포폴\GITHUB\bullet.cpp(212,95): warning C4244: '인수': 'float'에서 'int'(으)로 변환하면서 데이터가 손실될 수 있습니다.
C:\Users\suhyeon\Desktop\포트폴리오\팀포폴\GITHUB\bullet.cpp(225,36): warning C4244: '인수': 'float'에서 'int'(으)로 변환하면서 데이터가 손실될 수 있습니다.
C:\Users\suhyeon\Desktop\포트폴리오\팀포폴\GITHUB\bullet.cpp(225,30): warning C4244: '인수': 'float'에서 'int'(으)로 변환하면서 데이터가 손실될 수 있습니다.
C:\Users\suhyeon\Desktop\포트폴리오\팀포폴\GITHUB\bullet.cpp(234,13): warning C4244: 'return': 'int'에서 'float'(으)로 변환하면서 데이터가 손실될 수 있습니다.
C:\Users\suhyeon\Desktop\포트폴리오\팀포폴\GITHUB\bullet.cpp(243,17): warning C4018: '<': signed 또는 unsigned가 일치하지 않습니다.
C:\Users\suhyeon\Desktop\포트폴리오\팀포폴\GITHUB\bullet.cpp(253,45): warning C4244: '인수': 'float'에서 'int'(으)로 변환하면서 데이터가 손실될 수 있습니다.
C:\Users\suhyeon\Desktop\포트폴리오\팀포폴\GITHUB\bullet.cpp(253,35): warning C4244: '인수': 'float'에서 'int'(으)로 변환하면서 데이터가 손실될 수 있습니다.
C:\Users\suhyeon\Desktop\포트폴리오\팀포폴\GITHUB\bullet.cpp(295,61): warning C4244: '인수': 'float'에서 'int'(으)로 변환하면서 데이터가 손실될 수 있습니다.
C:\Users\suhyeon\Desktop\포트폴리오\팀포폴\GITHUB\bullet.cpp(295,46): warning C4244: '인수': 'float'에서 'int'(으)로 변환하면서 데이터가 손실될 수 있습니다.
C:\Users\suhyeon\Desktop\포트폴리오\팀포폴\GITHUB\bullet.cpp(367,20): warning C4018: '<': signed 또는 unsigned가 일치하지 않습니다.
C:\Users\suhyeon\Desktop\포트폴리오\팀포폴\GITHUB\bullet.cpp(398,47): warning C4244: '인수': 'float'에서 'int'(으)로 변환하면서 데이터가 손실될 수 있습니다.
C:\Users\suhyeon\Desktop\포트폴리오\팀포폴\GITHUB\bullet.cpp(398,37): warning C4244: '인수': 'float'에서 'int'(으)로 변환하면서 데이터가 손실될 수 있습니다.
C:\Users\suhyeon\Desktop\포트폴리오\팀포폴\GITHUB\bullet.cpp(429,17): warning C4244: '인수': 'float'에서 'int'(으)로 변환하면서 데이터가 손실될 수 있습니다.
C:\Users\suhyeon\Desktop\포트폴리오\팀포폴\GITHUB\bullet.cpp(428,17): warning C4244: '인수': 'float'에서 'int'(으)로 변환하면서 데이터가 손실될 수 있습니다.
C:\Users\suhyeon\Desktop\포트폴리오\팀포폴\GITHUB\bullet.cpp(444,59): warning C4244: '인수': 'float'에서 'int'(으)로 변환하면서 데이터가 손실될 수 있습니다.
C:\Users\suhyeon\Desktop\포트폴리오\팀포폴\GITHUB\bullet.cpp(443,58): warning C4244: '인수': 'float'에서 'int'(으)로 변환하면서 데이터가 손실될 수 있습니다.
C:\Users\suhyeon\Desktop\포트폴리오\팀포폴\GITHUB\bullet.cpp(449,21): warning C4018: '<': signed 또는 unsigned가 일치하지 않습니다.
C:\Users\suhyeon\Desktop\포트폴리오\팀포폴\GITHUB\bullet.cpp(465,45): warning C4244: '인수': 'float'에서 'int'(으)로 변환하면서 데이터가 손실될 수 있습니다.
C:\Users\suhyeon\Desktop\포트폴리오\팀포폴\GITHUB\bullet.cpp(465,35): warning C4244: '인수': 'float'에서 'int'(으)로 변환하면서 데이터가 손실될 수 있습니다.
C:\Users\suhyeon\Desktop\포트폴리오\팀포폴\GITHUB\bullet.cpp(484,46): warning C4244: '인수': 'float'에서 'int'(으)로 변환하면서 데이터가 손실될 수 있습니다.
C:\Users\suhyeon\Desktop\포트폴리오\팀포폴\GITHUB\bullet.cpp(484,36): warning C4244: '인수': 'float'에서 'int'(으)로 변환하면서 데이터가 손실될 수 있습니다.
C:\Users\suhyeon\Desktop\포트폴리오\팀포폴\GITHUB\bullet.cpp(519,58): warning C4244: '인수': 'float'에서 'int'(으)로 변환하면서 데이터가 손실될 수 있습니다.
C:\Users\suhyeon\Desktop\포트폴리오\팀포폴\GITHUB\bullet.cpp(519,44): warning C4244: '인수': 'float'에서 'int'(으)로 변환하면서 데이터가 손실될 수 있습니다.
C:\Users\suhyeon\Desktop\포트폴리오\팀포폴\GITHUB\bullet.cpp(533,47): warning C4244: '인수': 'float'에서 'int'(으)로 변환하면서 데이터가 손실될 수 있습니다.
C:\Users\suhyeon\Desktop\포트폴리오\팀포폴\GITHUB\bullet.cpp(533,37): warning C4244: '인수': 'float'에서 'int'(으)로 변환하면서 데이터가 손실될 수 있습니다.
C:\Users\suhyeon\Desktop\포트폴리오\팀포폴\GITHUB\bullet.cpp(637,78): warning C4244: '인수': 'float'에서 'int'(으)로 변환하면서 데이터가 손실될 수 있습니다.
C:\Users\suhyeon\Desktop\포트폴리오\팀포폴\GITHUB\bullet.cpp(636,18): warning C4244: '인수': 'float'에서 'int'(으)로 변환하면서 데이터가 손실될 수 있습니다.
C:\Users\suhyeon\Desktop\포트폴리오\팀포폴\GITHUB\bullet.cpp(655,30): warning C4244: '인수': 'float'에서 'int'(으)로 변환하면서 데이터가 손실될 수 있습니다.
C:\Users\suhyeon\Desktop\포트폴리오\팀포폴\GITHUB\bullet.cpp(655,27): warning C4244: '인수': 'float'에서 'int'(으)로 변환하면서 데이터가 손실될 수 있습니다.
C:\Users\suhyeon\Desktop\포트폴리오\팀포폴\GITHUB\bullet.cpp(757,14): warning C4244: '인수': 'float'에서 'int'(으)로 변환하면서 데이터가 손실될 수 있습니다.
C:\Users\suhyeon\Desktop\포트폴리오\팀포폴\GITHUB\bullet.cpp(756,14): warning C4244: '인수': 'float'에서 'int'(으)로 변환하면서 데이터가 손실될 수 있습니다.
C:\Users\suhyeon\Desktop\포트폴리오\팀포폴\GITHUB\bullet.cpp(806,48): warning C4244: '인수': 'float'에서 'int'(으)로 변환하면서 데이터가 손실될 수 있습니다.
C:\Users\suhyeon\Desktop\포트폴리오\팀포폴\GITHUB\bullet.cpp(806,37): warning C4244: '인수': 'float'에서 'int'(으)로 변환하면서 데이터가 손실될 수 있습니다.
C:\Users\suhyeon\Desktop\포트폴리오\팀포폴\GITHUB\bullet.cpp(830,50): warning C4244: '인수': 'float'에서 'int'(으)로 변환하면서 데이터가 손실될 수 있습니다.
C:\Users\suhyeon\Desktop\포트폴리오\팀포폴\GITHUB\bullet.cpp(830,39): warning C4244: '인수': 'float'에서 'int'(으)로 변환하면서 데이터가 손실될 수 있습니다.
C:\Users\suhyeon\Desktop\포트폴리오\팀포폴\GITHUB\bullet.cpp(850,50): warning C4244: '인수': 'float'에서 'int'(으)로 변환하면서 데이터가 손실될 수 있습니다.
C:\Users\suhyeon\Desktop\포트폴리오\팀포폴\GITHUB\bullet.cpp(850,39): warning C4244: '인수': 'float'에서 'int'(으)로 변환하면서 데이터가 손실될 수 있습니다.
C:\Users\suhyeon\Desktop\포트폴리오\팀포폴\GITHUB\bullet.cpp(996,18): warning C4244: '인수': 'float'에서 'int'(으)로 변환하면서 데이터가 손실될 수 있습니다.
C:\Users\suhyeon\Desktop\포트폴리오\팀포폴\GITHUB\bullet.cpp(995,18): warning C4244: '인수': 'float'에서 'int'(으)로 변환하면서 데이터가 손실될 수 있습니다.
C:\Users\suhyeon\Desktop\포트폴리오\팀포폴\GITHUB\bullet.cpp(1042,46): warning C4244: '인수': 'float'에서 'int'(으)로 변환하면서 데이터가 손실될 수 있습니다.
C:\Users\suhyeon\Desktop\포트폴리오\팀포폴\GITHUB\bullet.cpp(1042,36): warning C4244: '인수': 'float'에서 'int'(으)로 변환하면서 데이터가 손실될 수 있습니다.
C:\Users\suhyeon\Desktop\포트폴리오\팀포폴\GITHUB\bullet.cpp(1047,29): warning C4244: '=': 'float'에서 'int'(으)로 변환하면서 데이터가 손실될 수 있습니다.
C:\Users\suhyeon\Desktop\포트폴리오\팀포폴\GITHUB\bullet.cpp(1057,21): warning C4244: '=': 'float'에서 'int'(으)로 변환하면서 데이터가 손실될 수 있습니다.
C:\Users\suhyeon\Desktop\포트폴리오\팀포폴\GITHUB\bullet.cpp(1073,47): warning C4244: '인수': 'float'에서 'int'(으)로 변환하면서 데이터가 손실될 수 있습니다.
C:\Users\suhyeon\Desktop\포트폴리오\팀포폴\GITHUB\bullet.cpp(1073,37): warning C4244: '인수': 'float'에서 'int'(으)로 변환하면서 데이터가 손실될 수 있습니다.
C:\Users\suhyeon\Desktop\포트폴리오\팀포폴\GITHUB\bullet.cpp(1078,30): warning C4244: '=': 'float'에서 'int'(으)로 변환하면서 데이터가 손실될 수 있습니다.
C:\Users\suhyeon\Desktop\포트폴리오\팀포폴\GITHUB\bullet.cpp(1088,22): warning C4244: '=': 'float'에서 'int'(으)로 변환하면서 데이터가 손실될 수 있습니다.
C:\Users\suhyeon\Desktop\포트폴리오\팀포폴\GITHUB\bullet.cpp(1113,60): warning C4244: '인수': 'float'에서 'int'(으)로 변환하면서 데이터가 손실될 수 있습니다.
C:\Users\suhyeon\Desktop\포트폴리오\팀포폴\GITHUB\bullet.cpp(1113,46): warning C4244: '인수': 'float'에서 'int'(으)로 변환하면서 데이터가 손실될 수 있습니다.
C:\Users\suhyeon\Desktop\포트폴리오\팀포폴\GITHUB\bullet.cpp(1132,60): warning C4244: '인수': 'float'에서 'int'(으)로 변환하면서 데이터가 손실될 수 있습니다.
C:\Users\suhyeon\Desktop\포트폴리오\팀포폴\GITHUB\bullet.cpp(1132,46): warning C4244: '인수': 'float'에서 'int'(으)로 변환하면서 데이터가 손실될 수 있습니다.
C:\Users\suhyeon\Desktop\포트폴리오\팀포폴\GITHUB\bullet.cpp(1169,60): warning C4244: '인수': 'float'에서 'int'(으)로 변환하면서 데이터가 손실될 수 있습니다.
C:\Users\suhyeon\Desktop\포트폴리오\팀포폴\GITHUB\bullet.cpp(1169,46): warning C4244: '인수': 'float'에서 'int'(으)로 변환하면서 데이터가 손실될 수 있습니다.
C:\Users\suhyeon\Desktop\포트폴리오\팀포폴\GITHUB\bullet.cpp(1201,60): warning C4244: '인수': 'float'에서 'int'(으)로 변환하면서 데이터가 손실될 수 있습니다.
C:\Users\suhyeon\Desktop\포트폴리오\팀포폴\GITHUB\bullet.cpp(1201,46): warning C4244: '인수': 'float'에서 'int'(으)로 변환하면서 데이터가 손실될 수 있습니다.
C:\Users\suhyeon\Desktop\포트폴리오\팀포폴\GITHUB\bullet.cpp(1256,58): warning C4244: '인수': 'float'에서 'int'(으)로 변환하면서 데이터가 손실될 수 있습니다.
C:\Users\suhyeon\Desktop\포트폴리오\팀포폴\GITHUB\bullet.cpp(1256,44): warning C4244: '인수': 'float'에서 'int'(으)로 변환하면서 데이터가 손실될 수 있습니다.
C:\Users\suhyeon\Desktop\포트폴리오\팀포폴\GITHUB\bullet.cpp(1258,28): warning C4244: '=': 'float'에서 'int'(으)로 변환하면서 데이터가 손실될 수 있습니다.
C:\Users\suhyeon\Desktop\포트폴리오\팀포폴\GITHUB\bullet.cpp(1264,37): warning C4244: '인수': 'float'에서 'int'(으)로 변환하면서 데이터가 손실될 수 있습니다.
C:\Users\suhyeon\Desktop\포트폴리오\팀포폴\GITHUB\bullet.cpp(1264,30): warning C4244: '인수': 'float'에서 'int'(으)로 변환하면서 데이터가 손실될 수 있습니다.
C:\Users\suhyeon\Desktop\포트폴리오\팀포폴\GITHUB\bullet.cpp(1276,43): warning C4244: '인수': 'float'에서 'int'(으)로 변환하면서 데이터가 손실될 수 있습니다.
C:\Users\suhyeon\Desktop\포트폴리오\팀포폴\GITHUB\bullet.cpp(1276,34): warning C4244: '인수': 'float'에서 'int'(으)로 변환하면서 데이터가 손실될 수 있습니다.
C:\Users\suhyeon\Desktop\포트폴리오\팀포폴\GITHUB\bullet.cpp(1303,58): warning C4244: '인수': 'float'에서 'int'(으)로 변환하면서 데이터가 손실될 수 있습니다.
C:\Users\suhyeon\Desktop\포트폴리오\팀포폴\GITHUB\bullet.cpp(1303,44): warning C4244: '인수': 'float'에서 'int'(으)로 변환하면서 데이터가 손실될 수 있습니다.
C:\Users\suhyeon\Desktop\포트폴리오\팀포폴\GITHUB\bullet.cpp(1305,21): warning C4018: '<': signed 또는 unsigned가 일치하지 않습니다.
C:\Users\suhyeon\Desktop\포트폴리오\팀포폴\GITHUB\bullet.cpp(1309,65): warning C4244: '인수': 'float'에서 'int'(으)로 변환하면서 데이터가 손실될 수 있습니다.
C:\Users\suhyeon\Desktop\포트폴리오\팀포폴\GITHUB\bullet.cpp(1309,49): warning C4244: '인수': 'float'에서 'int'(으)로 변환하면서 데이터가 손실될 수 있습니다.
C:\Users\suhyeon\Desktop\포트폴리오\팀포폴\GITHUB\bullet.cpp(1316,22): warning C4018: '<': signed 또는 unsigned가 일치하지 않습니다.
C:\Users\suhyeon\Desktop\포트폴리오\팀포폴\GITHUB\bullet.cpp(1324,20): warning C4018: '<': signed 또는 unsigned가 일치하지 않습니다.
C:\Users\suhyeon\Desktop\포트폴리오\팀포폴\GITHUB\bullet.cpp(1328,55): warning C4244: '인수': 'float'에서 'int'(으)로 변환하면서 데이터가 손실될 수 있습니다.
C:\Users\suhyeon\Desktop\포트폴리오\팀포폴\GITHUB\bullet.cpp(1328,42): warning C4244: '인수': 'float'에서 'int'(으)로 변환하면서 데이터가 손실될 수 있습니다.
C:\Users\suhyeon\Desktop\포트폴리오\팀포폴\GITHUB\bullet.cpp(1585,70): warning C4244: '인수': 'float'에서 'int'(으)로 변환하면서 데이터가 손실될 수 있습니다.
C:\Users\suhyeon\Desktop\포트폴리오\팀포폴\GITHUB\bullet.cpp(1585,57): warning C4244: '인수': 'float'에서 'int'(으)로 변환하면서 데이터가 손실될 수 있습니다.
C:\Users\suhyeon\Desktop\포트폴리오\팀포폴\GITHUB\bullet.cpp(1592,68): warning C4244: '인수': 'float'에서 'int'(으)로 변환하면서 데이터가 손실될 수 있습니다.
C:\Users\suhyeon\Desktop\포트폴리오\팀포폴\GITHUB\bullet.cpp(1592,56): warning C4244: '인수': 'float'에서 'int'(으)로 변환하면서 데이터가 손실될 수 있습니다.
C:\Users\suhyeon\Desktop\포트폴리오\팀포폴\GITHUB\bullet.cpp(1602,77): warning C4244: '인수': 'float'에서 'int'(으)로 변환하면서 데이터가 손실될 수 있습니다.
C:\Users\suhyeon\Desktop\포트폴리오\팀포폴\GITHUB\bullet.cpp(1602,61): warning C4244: '인수': 'float'에서 'int'(으)로 변환하면서 데이터가 손실될 수 있습니다.
C:\Users\suhyeon\Desktop\포트폴리오\팀포폴\GITHUB\bullet.cpp(1607,77): warning C4244: '인수': 'float'에서 'int'(으)로 변환하면서 데이터가 손실될 수 있습니다.
C:\Users\suhyeon\Desktop\포트폴리오\팀포폴\GITHUB\bullet.cpp(1607,61): warning C4244: '인수': 'float'에서 'int'(으)로 변환하면서 데이터가 손실될 수 있습니다.
C:\Users\suhyeon\Desktop\포트폴리오\팀포폴\GITHUB\bullet.cpp(1621,13): warning C4244: '초기화 중': 'float'에서 'int'(으)로 변환하면서 데이터가 손실될 수 있습니다.
C:\Users\suhyeon\Desktop\포트폴리오\팀포폴\GITHUB\bullet.cpp(1622,13): warning C4244: '초기화 중': 'float'에서 'int'(으)로 변환하면서 데이터가 손실될 수 있습니다.
C:\Users\suhyeon\Desktop\포트폴리오\팀포폴\GITHUB\bullet.cpp(1636,16): warning C4244: '=': 'int'에서 'float'(으)로 변환하면서 데이터가 손실될 수 있습니다.
C:\Users\suhyeon\Desktop\포트폴리오\팀포폴\GITHUB\bullet.cpp(1637,11): warning C4244: 'return': 'int'에서 'float'(으)로 변환하면서 데이터가 손실될 수 있습니다.
C:\Users\suhyeon\Desktop\포트폴리오\팀포폴\GITHUB\bullet.cpp(1660,19): warning C4244: '=': 'float'에서 'int'(으)로 변환하면서 데이터가 손실될 수 있습니다.
C:\Users\suhyeon\Desktop\포트폴리오\팀포폴\GITHUB\bullet.cpp(1663,42): warning C4244: '인수': 'float'에서 'int'(으)로 변환하면서 데이터가 손실될 수 있습니다.
C:\Users\suhyeon\Desktop\포트폴리오\팀포폴\GITHUB\bullet.cpp(1663,33): warning C4244: '인수': 'float'에서 'int'(으)로 변환하면서 데이터가 손실될 수 있습니다.
C:\Users\suhyeon\Desktop\포트폴리오\팀포폴\GITHUB\bullet.cpp(1682,39): warning C4244: '인수': 'float'에서 'int'(으)로 변환하면서 데이터가 손실될 수 있습니다.
C:\Users\suhyeon\Desktop\포트폴리오\팀포폴\GITHUB\bullet.cpp(1682,33): warning C4244: '인수': 'float'에서 'int'(으)로 변환하면서 데이터가 손실될 수 있습니다.
C:\Users\suhyeon\Desktop\포트폴리오\팀포폴\GITHUB\bullet.cpp(1780,52): warning C4244: '인수': 'float'에서 'int'(으)로 변환하면서 데이터가 손실될 수 있습니다.
C:\Users\suhyeon\Desktop\포트폴리오\팀포폴\GITHUB\bullet.cpp(1780,40): warning C4244: '인수': 'float'에서 'int'(으)로 변환하면서 데이터가 손실될 수 있습니다.
C:\Users\suhyeon\Desktop\포트폴리오\팀포폴\GITHUB\bullet.cpp(1810,41): warning C4244: '인수': 'float'에서 'int'(으)로 변환하면서 데이터가 손실될 수 있습니다.
C:\Users\suhyeon\Desktop\포트폴리오\팀포폴\GITHUB\bullet.cpp(1810,38): warning C4244: '인수': 'float'에서 'int'(으)로 변환하면서 데이터가 손실될 수 있습니다.
C:\Users\suhyeon\Desktop\포트폴리오\팀포폴\GITHUB\bullet.cpp(1814,41): warning C4244: '인수': 'float'에서 'int'(으)로 변환하면서 데이터가 손실될 수 있습니다.
C:\Users\suhyeon\Desktop\포트폴리오\팀포폴\GITHUB\bullet.cpp(1814,38): warning C4244: '인수': 'float'에서 'int'(으)로 변환하면서 데이터가 손실될 수 있습니다.
  cameraManager.cpp
C:\Users\suhyeon\Desktop\포트폴리오\팀포폴\GITHUB\cameraManager.cpp(26,49): warning C4244: '인수': 'float'에서 'int'(으)로 변환하면서 데이터가 손실될 수 있습니다.
C:\Users\suhyeon\Desktop\포트폴리오\팀포폴\GITHUB\cameraManager.cpp(26,33): warning C4244: '인수': 'float'에서 'int'(으)로 변환하면서 데이터가 손실될 수 있습니다.
C:\Users\suhyeon\Desktop\포트폴리오\팀포폴\GITHUB\cameraManager.cpp(41,59): warning C4244: '인수': 'float'에서 'int'(으)로 변환하면서 데이터가 손실될 수 있습니다.
C:\Users\suhyeon\Desktop\포트폴리오\팀포폴\GITHUB\cameraManager.cpp(41,33): warning C4244: '인수': 'float'에서 'int'(으)로 변환하면서 데이터가 손실될 수 있습니다.
C:\Users\suhyeon\Desktop\포트폴리오\팀포폴\GITHUB\cameraManager.cpp(46,22): warning C4244: '=': 'float'에서 'LONG'(으)로 변환하면서 데이터가 손실될 수 있습니다.
C:\Users\suhyeon\Desktop\포트폴리오\팀포폴\GITHUB\cameraManager.cpp(47,29): warning C4244: '=': 'float'에서 'LONG'(으)로 변환하면서 데이터가 손실될 수 있습니다.
C:\Users\suhyeon\Desktop\포트폴리오\팀포폴\GITHUB\cameraManager.cpp(51,23): warning C4244: '=': 'float'에서 'LONG'(으)로 변환하면서 데이터가 손실될 수 있습니다.
C:\Users\suhyeon\Desktop\포트폴리오\팀포폴\GITHUB\cameraManager.cpp(52,28): warning C4244: '=': 'float'에서 'LONG'(으)로 변환하면서 데이터가 손실될 수 있습니다.
C:\Users\suhyeon\Desktop\포트폴리오\팀포폴\GITHUB\cameraManager.cpp(56,21): warning C4244: '=': 'float'에서 'LONG'(으)로 변환하면서 데이터가 손실될 수 있습니다.
C:\Users\suhyeon\Desktop\포트폴리오\팀포폴\GITHUB\cameraManager.cpp(57,30): warning C4244: '=': 'float'에서 'LONG'(으)로 변환하면서 데이터가 손실될 수 있습니다.
C:\Users\suhyeon\Desktop\포트폴리오\팀포폴\GITHUB\cameraManager.cpp(61,24): warning C4244: '=': 'float'에서 'LONG'(으)로 변환하면서 데이터가 손실될 수 있습니다.
C:\Users\suhyeon\Desktop\포트폴리오\팀포폴\GITHUB\cameraManager.cpp(62,27): warning C4244: '=': 'float'에서 'LONG'(으)로 변환하면서 데이터가 손실될 수 있습니다.
C:\Users\suhyeon\Desktop\포트폴리오\팀포폴\GITHUB\cameraManager.cpp(66,36): warning C4244: '인수': 'float'에서 'int'(으)로 변환하면서 데이터가 손실될 수 있습니다.
C:\Users\suhyeon\Desktop\포트폴리오\팀포폴\GITHUB\cameraManager.cpp(66,27): warning C4244: '인수': 'float'에서 'int'(으)로 변환하면서 데이터가 손실될 수 있습니다.
C:\Users\suhyeon\Desktop\포트폴리오\팀포폴\GITHUB\cameraManager.cpp(136,58): warning C4244: '인수': 'float'에서 'int'(으)로 변환하면서 데이터가 손실될 수 있습니다.
C:\Users\suhyeon\Desktop\포트폴리오\팀포폴\GITHUB\cameraManager.cpp(136,26): warning C4244: '인수': 'float'에서 'int'(으)로 변환하면서 데이터가 손실될 수 있습니다.
C:\Users\suhyeon\Desktop\포트폴리오\팀포폴\GITHUB\cameraManager.cpp(196,31): warning C4244: '인수': 'int'에서 'float'(으)로 변환하면서 데이터가 손실될 수 있습니다.
C:\Users\suhyeon\Desktop\포트폴리오\팀포폴\GITHUB\cameraManager.cpp(196,52): warning C4244: '인수': 'int'에서 'float'(으)로 변환하면서 데이터가 손실될 수 있습니다.
C:\Users\suhyeon\Desktop\포트폴리오\팀포폴\GITHUB\cameraManager.cpp(201,36): warning C4244: '인수': 'int'에서 'float'(으)로 변환하면서 데이터가 손실될 수 있습니다.
C:\Users\suhyeon\Desktop\포트폴리오\팀포폴\GITHUB\cameraManager.cpp(201,57): warning C4244: '인수': 'int'에서 'float'(으)로 변환하면서 데이터가 손실될 수 있습니다.
C:\Users\suhyeon\Desktop\포트폴리오\팀포폴\GITHUB\cameraManager.cpp(206,41): warning C4244: '인수': 'int'에서 'float'(으)로 변환하면서 데이터가 손실될 수 있습니다.
C:\Users\suhyeon\Desktop\포트폴리오\팀포폴\GITHUB\cameraManager.cpp(206,62): warning C4244: '인수': 'int'에서 'float'(으)로 변환하면서 데이터가 손실될 수 있습니다.
C:\Users\suhyeon\Desktop\포트폴리오\팀포폴\GITHUB\cameraManager.cpp(211,36): warning C4244: '인수': 'int'에서 'float'(으)로 변환하면서 데이터가 손실될 수 있습니다.
C:\Users\suhyeon\Desktop\포트폴리오\팀포폴\GITHUB\cameraManager.cpp(211,57): warning C4244: '인수': 'int'에서 'float'(으)로 변환하면서 데이터가 손실될 수 있습니다.
C:\Users\suhyeon\Desktop\포트폴리오\팀포폴\GITHUB\cameraManager.cpp(216,38): warning C4244: '인수': 'int'에서 'float'(으)로 변환하면서 데이터가 손실될 수 있습니다.
C:\Users\suhyeon\Desktop\포트폴리오\팀포폴\GITHUB\cameraManager.cpp(216,59): warning C4244: '인수': 'int'에서 'float'(으)로 변환하면서 데이터가 손실될 수 있습니다.
C:\Users\suhyeon\Desktop\포트폴리오\팀포폴\GITHUB\cameraManager.cpp(221,37): warning C4244: '인수': 'int'에서 'float'(으)로 변환하면서 데이터가 손실될 수 있습니다.
C:\Users\suhyeon\Desktop\포트폴리오\팀포폴\GITHUB\cameraManager.cpp(221,58): warning C4244: '인수': 'int'에서 'float'(으)로 변환하면서 데이터가 손실될 수 있습니다.
C:\Users\suhyeon\Desktop\포트폴리오\팀포폴\GITHUB\cameraManager.cpp(221,57): warning C4244: '인수': 'int'에서 'float'(으)로 변환하면서 데이터가 손실될 수 있습니다.
C:\Users\suhyeon\Desktop\포트폴리오\팀포폴\GITHUB\cameraManager.cpp(221,36): warning C4244: '인수': 'int'에서 'float'(으)로 변환하면서 데이터가 손실될 수 있습니다.
C:\Users\suhyeon\Desktop\포트폴리오\팀포폴\GITHUB\cameraManager.cpp(226,42): warning C4244: '인수': 'int'에서 'float'(으)로 변환하면서 데이터가 손실될 수 있습니다.
C:\Users\suhyeon\Desktop\포트폴리오\팀포폴\GITHUB\cameraManager.cpp(226,63): warning C4244: '인수': 'int'에서 'float'(으)로 변환하면서 데이터가 손실될 수 있습니다.
C:\Users\suhyeon\Desktop\포트폴리오\팀포폴\GITHUB\cameraManager.cpp(226,62): warning C4244: '인수': 'int'에서 'float'(으)로 변환하면서 데이터가 손실될 수 있습니다.
C:\Users\suhyeon\Desktop\포트폴리오\팀포폴\GITHUB\cameraManager.cpp(226,41): warning C4244: '인수': 'int'에서 'float'(으)로 변환하면서 데이터가 손실될 수 있습니다.
C:\Users\suhyeon\Desktop\포트폴리오\팀포폴\GITHUB\cameraManager.cpp(231,36): warning C4244: '인수': 'int'에서 'float'(으)로 변환하면서 데이터가 손실될 수 있습니다.
C:\Users\suhyeon\Desktop\포트폴리오\팀포폴\GITHUB\cameraManager.cpp(231,57): warning C4244: '인수': 'int'에서 'float'(으)로 변환하면서 데이터가 손실될 수 있습니다.
C:\Users\suhyeon\Desktop\포트폴리오\팀포폴\GITHUB\cameraManager.cpp(236,34): warning C4244: '인수': 'LONG'에서 'float'(으)로 변환하면서 데이터가 손실될 수 있습니다.
C:\Users\suhyeon\Desktop\포트폴리오\팀포폴\GITHUB\cameraManager.cpp(236,57): warning C4244: '인수': 'LONG'에서 'float'(으)로 변환하면서 데이터가 손실될 수 있습니다.
C:\Users\suhyeon\Desktop\포트폴리오\팀포폴\GITHUB\cameraManager.cpp(236,79): warning C4244: '인수': 'LONG'에서 'float'(으)로 변환하면서 데이터가 손실될 수 있습니다.
C:\Users\suhyeon\Desktop\포트폴리오\팀포폴\GITHUB\cameraManager.cpp(236,103): warning C4244: '인수': 'LONG'에서 'float'(으)로 변환하면서 데이터가 손실될 수 있습니다.
C:\Users\suhyeon\Desktop\포트폴리오\팀포폴\GITHUB\cameraManager.cpp(241,32): warning C4244: '인수': 'LONG'에서 'float'(으)로 변환하면서 데이터가 손실될 수 있습니다.
C:\Users\suhyeon\Desktop\포트폴리오\팀포폴\GITHUB\cameraManager.cpp(241,55): warning C4244: '인수': 'LONG'에서 'float'(으)로 변환하면서 데이터가 손실될 수 있습니다.
C:\Users\suhyeon\Desktop\포트폴리오\팀포폴\GITHUB\cameraManager.cpp(241,77): warning C4244: '인수': 'LONG'에서 'float'(으)로 변환하면서 데이터가 손실될 수 있습니다.
C:\Users\suhyeon\Desktop\포트폴리오\팀포폴\GITHUB\cameraManager.cpp(241,101): warning C4244: '인수': 'LONG'에서 'float'(으)로 변환하면서 데이터가 손실될 수 있습니다.
C:\Users\suhyeon\Desktop\포트폴리오\팀포폴\GITHUB\cameraManager.cpp(246,36): warning C4244: '인수': 'int'에서 'float'(으)로 변환하면서 데이터가 손실될 수 있습니다.
C:\Users\suhyeon\Desktop\포트폴리오\팀포폴\GITHUB\cameraManager.cpp(246,56): warning C4244: '인수': 'int'에서 'float'(으)로 변환하면서 데이터가 손실될 수 있습니다.
C:\Users\suhyeon\Desktop\포트폴리오\팀포폴\GITHUB\cameraManager.cpp(251,42): warning C4244: '인수': 'int'에서 'float'(으)로 변환하면서 데이터가 손실될 수 있습니다.
C:\Users\suhyeon\Desktop\포트폴리오\팀포폴\GITHUB\cameraManager.cpp(251,59): warning C4244: '인수': 'int'에서 'float'(으)로 변환하면서 데이터가 손실될 수 있습니다.
C:\Users\suhyeon\Desktop\포트폴리오\팀포폴\GITHUB\cameraManager.cpp(256,28): warning C4244: '인수': 'int'에서 'float'(으)로 변환하면서 데이터가 손실될 수 있습니다.
C:\Users\suhyeon\Desktop\포트폴리오\팀포폴\GITHUB\cameraManager.cpp(256,49): warning C4244: '인수': 'int'에서 'float'(으)로 변환하면서 데이터가 손실될 수 있습니다.
  chest.cpp
C:\Users\suhyeon\Desktop\포트폴리오\팀포폴\GITHUB\chest.cpp(58,67): warning C4244: '인수': 'LONG'에서 'float'(으)로 변환하면서 데이터가 손실될 수 있습니다.
C:\Users\suhyeon\Desktop\포트폴리오\팀포폴\GITHUB\chest.cpp(58,59): warning C4244: '인수': 'LONG'에서 'float'(으)로 변환하면서 데이터가 손실될 수 있습니다.
  damageManager.cpp
C:\Users\suhyeon\Desktop\포트폴리오\팀포폴\GITHUB\damageManager.cpp(18,20): warning C4018: '<': signed 또는 unsigned가 일치하지 않습니다.
C:\Users\suhyeon\Desktop\포트폴리오\팀포폴\GITHUB\damageManager.cpp(62,19): warning C4244: '인수': 'float'에서 'int'(으)로 변환하면서 데이터가 손실될 수 있습니다.
C:\Users\suhyeon\Desktop\포트폴리오\팀포폴\GITHUB\damageManager.cpp(61,66): warning C4244: '인수': 'float'에서 'int'(으)로 변환하면서 데이터가 손실될 수 있습니다.
C:\Users\suhyeon\Desktop\포트폴리오\팀포폴\GITHUB\damageManager.cpp(65,19): warning C4244: '인수': 'float'에서 'int'(으)로 변환하면서 데이터가 손실될 수 있습니다.
C:\Users\suhyeon\Desktop\포트폴리오\팀포폴\GITHUB\damageManager.cpp(64,66): warning C4244: '인수': 'float'에서 'int'(으)로 변환하면서 데이터가 손실될 수 있습니다.
C:\Users\suhyeon\Desktop\포트폴리오\팀포폴\GITHUB\damageManager.cpp(72,19): warning C4244: '인수': 'float'에서 'int'(으)로 변환하면서 데이터가 손실될 수 있습니다.
C:\Users\suhyeon\Desktop\포트폴리오\팀포폴\GITHUB\damageManager.cpp(71,57): warning C4244: '인수': 'float'에서 'int'(으)로 변환하면서 데이터가 손실될 수 있습니다.
C:\Users\suhyeon\Desktop\포트폴리오\팀포폴\GITHUB\damageManager.cpp(76,19): warning C4244: '인수': 'float'에서 'int'(으)로 변환하면서 데이터가 손실될 수 있습니다.
C:\Users\suhyeon\Desktop\포트폴리오\팀포폴\GITHUB\damageManager.cpp(75,66): warning C4244: '인수': 'float'에서 'int'(으)로 변환하면서 데이터가 손실될 수 있습니다.
C:\Users\suhyeon\Desktop\포트폴리오\팀포폴\GITHUB\damageManager.cpp(79,19): warning C4244: '인수': 'float'에서 'int'(으)로 변환하면서 데이터가 손실될 수 있습니다.
C:\Users\suhyeon\Desktop\포트폴리오\팀포폴\GITHUB\damageManager.cpp(78,66): warning C4244: '인수': 'float'에서 'int'(으)로 변환하면서 데이터가 손실될 수 있습니다.
C:\Users\suhyeon\Desktop\포트폴리오\팀포폴\GITHUB\damageManager.cpp(88,19): warning C4244: '인수': 'float'에서 'int'(으)로 변환하면서 데이터가 손실될 수 있습니다.
C:\Users\suhyeon\Desktop\포트폴리오\팀포폴\GITHUB\damageManager.cpp(87,19): warning C4244: '인수': 'float'에서 'int'(으)로 변환하면서 데이터가 손실될 수 있습니다.
C:\Users\suhyeon\Desktop\포트폴리오\팀포폴\GITHUB\damageManager.cpp(96,19): warning C4244: '인수': 'float'에서 'int'(으)로 변환하면서 데이터가 손실될 수 있습니다.
C:\Users\suhyeon\Desktop\포트폴리오\팀포폴\GITHUB\damageManager.cpp(95,57): warning C4244: '인수': 'float'에서 'int'(으)로 변환하면서 데이터가 손실될 수 있습니다.
C:\Users\suhyeon\Desktop\포트폴리오\팀포폴\GITHUB\damageManager.cpp(101,19): warning C4244: '인수': 'float'에서 'int'(으)로 변환하면서 데이터가 손실될 수 있습니다.
C:\Users\suhyeon\Desktop\포트폴리오\팀포폴\GITHUB\damageManager.cpp(100,19): warning C4244: '인수': 'float'에서 'int'(으)로 변환하면서 데이터가 손실될 수 있습니다.
C:\Users\suhyeon\Desktop\포트폴리오\팀포폴\GITHUB\damageManager.cpp(123,15): warning C4244: '=': 'LONG'에서 'float'(으)로 변환하면서 데이터가 손실될 수 있습니다.
C:\Users\suhyeon\Desktop\포트폴리오\팀포폴\GITHUB\damageManager.cpp(124,15): warning C4244: '=': 'LONG'에서 'float'(으)로 변환하면서 데이터가 손실될 수 있습니다.
  dropManager.cpp
C:\Users\suhyeon\Desktop\포트폴리오\팀포폴\GITHUB\dropManager.cpp(33,52): warning C4244: '인수': 'LONG'에서 'float'(으)로 변환하면서 데이터가 손실될 수 있습니다.
C:\Users\suhyeon\Desktop\포트폴리오\팀포폴\GITHUB\dropManager.cpp(33,40): warning C4244: '인수': 'LONG'에서 'float'(으)로 변환하면서 데이터가 손실될 수 있습니다.
C:\Users\suhyeon\Desktop\포트폴리오\팀포폴\GITHUB\dropManager.cpp(35,48): warning C4244: '+=': 'float'에서 'LONG'(으)로 변환하면서 데이터가 손실될 수 있습니다.
C:\Users\suhyeon\Desktop\포트폴리오\팀포폴\GITHUB\dropManager.cpp(36,49): warning C4244: '+=': 'float'에서 'LONG'(으)로 변환하면서 데이터가 손실될 수 있습니다.
C:\Users\suhyeon\Desktop\포트폴리오\팀포폴\GITHUB\dropManager.cpp(59,23): warning C4018: '<': signed 또는 unsigned가 일치하지 않습니다.
C:\Users\suhyeon\Desktop\포트폴리오\팀포폴\GITHUB\dropManager.cpp(115,23): warning C4018: '<': signed 또는 unsigned가 일치하지 않습니다.
C:\Users\suhyeon\Desktop\포트폴리오\팀포폴\GITHUB\dropManager.cpp(157,20): warning C4244: '초기화 중': 'float'에서 'int'(으)로 변환하면서 데이터가 손실될 수 있습니다.
C:\Users\suhyeon\Desktop\포트폴리오\팀포폴\GITHUB\dropManager.cpp(210,59): warning C4244: '+=': 'float'에서 'LONG'(으)로 변환하면서 데이터가 손실될 수 있습니다.
C:\Users\suhyeon\Desktop\포트폴리오\팀포폴\GITHUB\dropManager.cpp(211,59): warning C4244: '+=': 'float'에서 'LONG'(으)로 변환하면서 데이터가 손실될 수 있습니다.
C:\Users\suhyeon\Desktop\포트폴리오\팀포폴\GITHUB\dropManager.cpp(221,59): warning C4244: '+=': 'float'에서 'LONG'(으)로 변환하면서 데이터가 손실될 수 있습니다.
C:\Users\suhyeon\Desktop\포트폴리오\팀포폴\GITHUB\dropManager.cpp(222,59): warning C4244: '+=': 'float'에서 'LONG'(으)로 변환하면서 데이터가 손실될 수 있습니다.
C:\Users\suhyeon\Desktop\포트폴리오\팀포폴\GITHUB\dropManager.cpp(232,59): warning C4244: '+=': 'float'에서 'LONG'(으)로 변환하면서 데이터가 손실될 수 있습니다.
C:\Users\suhyeon\Desktop\포트폴리오\팀포폴\GITHUB\dropManager.cpp(233,59): warning C4244: '+=': 'float'에서 'LONG'(으)로 변환하면서 데이터가 손실될 수 있습니다.
  effectManager.cpp
C:\Users\suhyeon\Desktop\포트폴리오\팀포폴\GITHUB\effectManager.cpp(26,23): warning C4018: '<': signed 또는 unsigned가 일치하지 않습니다.
C:\Users\suhyeon\Desktop\포트폴리오\팀포폴\GITHUB\effectManager.cpp(28,71): warning C4244: '인수': 'LONG'에서 'float'(으)로 변환하면서 데이터가 손실될 수 있습니다.
C:\Users\suhyeon\Desktop\포트폴리오\팀포폴\GITHUB\effectManager.cpp(28,118): warning C4244: '인수': 'LONG'에서 'float'(으)로 변환하면서 데이터가 손실될 수 있습니다.
C:\Users\suhyeon\Desktop\포트폴리오\팀포폴\GITHUB\effectManager.cpp(67,23): warning C4018: '<': signed 또는 unsigned가 일치하지 않습니다.
C:\Users\suhyeon\Desktop\포트폴리오\팀포폴\GITHUB\effectManager.cpp(77,35): warning C4244: '인수': 'float'에서 'int'(으)로 변환하면서 데이터가 손실될 수 있습니다.
C:\Users\suhyeon\Desktop\포트폴리오\팀포폴\GITHUB\effectManager.cpp(76,35): warning C4244: '인수': 'float'에서 'int'(으)로 변환하면서 데이터가 손실될 수 있습니다.
C:\Users\suhyeon\Desktop\포트폴리오\팀포폴\GITHUB\effectManager.cpp(160,35): warning C4244: '인수': 'float'에서 'int'(으)로 변환하면서 데이터가 손실될 수 있습니다.
C:\Users\suhyeon\Desktop\포트폴리오\팀포폴\GITHUB\effectManager.cpp(159,35): warning C4244: '인수': 'float'에서 'int'(으)로 변환하면서 데이터가 손실될 수 있습니다.
C:\Users\suhyeon\Desktop\포트폴리오\팀포폴\GITHUB\effectManager.cpp(224,23): warning C4018: '<': signed 또는 unsigned가 일치하지 않습니다.
C:\Users\suhyeon\Desktop\포트폴리오\팀포폴\GITHUB\effectManager.cpp(431,23): warning C4018: '<': signed 또는 unsigned가 일치하지 않습니다.
C:\Users\suhyeon\Desktop\포트폴리오\팀포폴\GITHUB\effectManager.cpp(543,23): warning C4018: '<': signed 또는 unsigned가 일치하지 않습니다.
C:\Users\suhyeon\Desktop\포트폴리오\팀포폴\GITHUB\effectManager.cpp(571,23): warning C4018: '<': signed 또는 unsigned가 일치하지 않습니다.
C:\Users\suhyeon\Desktop\포트폴리오\팀포폴\GITHUB\effectManager.cpp(616,23): warning C4018: '<': signed 또는 unsigned가 일치하지 않습니다.
C:\Users\suhyeon\Desktop\포트폴리오\팀포폴\GITHUB\effectManager.cpp(677,23): warning C4018: '<': signed 또는 unsigned가 일치하지 않습니다.
C:\Users\suhyeon\Desktop\포트폴리오\팀포폴\GITHUB\effectManager.cpp(716,23): warning C4018: '<': signed 또는 unsigned가 일치하지 않습니다.
C:\Users\suhyeon\Desktop\포트폴리오\팀포폴\GITHUB\effectManager.cpp(759,23): warning C4018: '<': signed 또는 unsigned가 일치하지 않습니다.
  enemyManager.cpp
C:\Users\suhyeon\Desktop\포트폴리오\팀포폴\GITHUB\monster.h(192,27): warning C4244: 'return': 'float'에서 'int'(으)로 변환하면서 데이터가 손실될 수 있습니다.
C:\Users\suhyeon\Desktop\포트폴리오\팀포폴\GITHUB\enemyManager.cpp(42,20): warning C4018: '<': signed 또는 unsigned가 일치하지 않습니다.
C:\Users\suhyeon\Desktop\포트폴리오\팀포폴\GITHUB\enemyManager.cpp(59,61): warning C4244: '인수': 'LONG'에서 'float'(으)로 변환하면서 데이터가 손실될 수 있습니다.
C:\Users\suhyeon\Desktop\포트폴리오\팀포폴\GITHUB\enemyManager.cpp(59,105): warning C4244: '인수': 'LONG'에서 'float'(으)로 변환하면서 데이터가 손실될 수 있습니다.
C:\Users\suhyeon\Desktop\포트폴리오\팀포폴\GITHUB\enemyManager.cpp(59,96): warning C4244: '인수': 'int'에서 'float'(으)로 변환하면서 데이터가 손실될 수 있습니다.
C:\Users\suhyeon\Desktop\포트폴리오\팀포폴\GITHUB\enemyManager.cpp(59,52): warning C4244: '인수': 'int'에서 'float'(으)로 변환하면서 데이터가 손실될 수 있습니다.
  finalBoss.cpp
C:\Users\suhyeon\Desktop\포트폴리오\팀포폴\GITHUB\player.h(7,10): warning C4067: 전처리기 지시문 다음에 예기치 않은 토큰이 있습니다. 줄 바꿈 문자가 필요합니다.
C:\Users\suhyeon\Desktop\포트폴리오\팀포폴\GITHUB\player.h(193,47): warning C4244: '인수': 'float'에서 'int'(으)로 변환하면서 데이터가 손실될 수 있습니다.
C:\Users\suhyeon\Desktop\포트폴리오\팀포폴\GITHUB\player.h(193,41): warning C4244: '인수': 'float'에서 'int'(으)로 변환하면서 데이터가 손실될 수 있습니다.
C:\Users\suhyeon\Desktop\포트폴리오\팀포폴\GITHUB\finalBoss.cpp(8,81): warning C4244: '인수': 'double'에서 'int'(으)로 변환하면서 데이터가 손실될 수 있습니다.
C:\Users\suhyeon\Desktop\포트폴리오\팀포폴\GITHUB\finalBoss.cpp(8,71): warning C4244: '인수': 'double'에서 'int'(으)로 변환하면서 데이터가 손실될 수 있습니다.
C:\Users\suhyeon\Desktop\포트폴리오\팀포폴\GITHUB\finalBoss.cpp(99,22): warning C4018: '<': signed 또는 unsigned가 일치하지 않습니다.
C:\Users\suhyeon\Desktop\포트폴리오\팀포폴\GITHUB\finalBoss.cpp(384,45): warning C4244: '인수': 'LONG'에서 'float'(으)로 변환하면서 데이터가 손실될 수 있습니다.
C:\Users\suhyeon\Desktop\포트폴리오\팀포폴\GITHUB\finalBoss.cpp(384,30): warning C4244: '인수': 'LONG'에서 'float'(으)로 변환하면서 데이터가 손실될 수 있습니다.
C:\Users\suhyeon\Desktop\포트폴리오\팀포폴\GITHUB\finalBoss.cpp(389,63): warning C4244: '인수': 'LONG'에서 'float'(으)로 변환하면서 데이터가 손실될 수 있습니다.
C:\Users\suhyeon\Desktop\포트폴리오\팀포폴\GITHUB\finalBoss.cpp(389,48): warning C4244: '인수': 'LONG'에서 'float'(으)로 변환하면서 데이터가 손실될 수 있습니다.
C:\Users\suhyeon\Desktop\포트폴리오\팀포폴\GITHUB\finalBoss.cpp(389,36): warning C4244: '=': 'float'에서 'int'(으)로 변환하면서 데이터가 손실될 수 있습니다.
C:\Users\suhyeon\Desktop\포트폴리오\팀포폴\GITHUB\finalBoss.cpp(396,25): warning C4244: '=': 'float'에서 'int'(으)로 변환하면서 데이터가 손실될 수 있습니다.
C:\Users\suhyeon\Desktop\포트폴리오\팀포폴\GITHUB\finalBoss.cpp(397,25): warning C4244: '=': 'float'에서 'int'(으)로 변환하면서 데이터가 손실될 수 있습니다.
C:\Users\suhyeon\Desktop\포트폴리오\팀포폴\GITHUB\finalBoss.cpp(436,40): warning C4244: '+=': 'float'에서 'LONG'(으)로 변환하면서 데이터가 손실될 수 있습니다.
C:\Users\suhyeon\Desktop\포트폴리오\팀포폴\GITHUB\finalBoss.cpp(437,41): warning C4244: '+=': 'float'에서 'LONG'(으)로 변환하면서 데이터가 손실될 수 있습니다.
C:\Users\suhyeon\Desktop\포트폴리오\팀포폴\GITHUB\finalBoss.cpp(453,46): warning C4244: '인수': 'LONG'에서 'float'(으)로 변환하면서 데이터가 손실될 수 있습니다.
C:\Users\suhyeon\Desktop\포트폴리오\팀포폴\GITHUB\finalBoss.cpp(453,31): warning C4244: '인수': 'LONG'에서 'float'(으)로 변환하면서 데이터가 손실될 수 있습니다.
C:\Users\suhyeon\Desktop\포트폴리오\팀포폴\GITHUB\finalBoss.cpp(467,49): warning C4244: '인수': 'LONG'에서 'float'(으)로 변환하면서 데이터가 손실될 수 있습니다.
C:\Users\suhyeon\Desktop\포트폴리오\팀포폴\GITHUB\finalBoss.cpp(467,34): warning C4244: '인수': 'LONG'에서 'float'(으)로 변환하면서 데이터가 손실될 수 있습니다.
C:\Users\suhyeon\Desktop\포트폴리오\팀포폴\GITHUB\finalBoss.cpp(532,50): warning C4244: '인수': 'LONG'에서 'float'(으)로 변환하면서 데이터가 손실될 수 있습니다.
C:\Users\suhyeon\Desktop\포트폴리오\팀포폴\GITHUB\finalBoss.cpp(532,35): warning C4244: '인수': 'LONG'에서 'float'(으)로 변환하면서 데이터가 손실될 수 있습니다.
C:\Users\suhyeon\Desktop\포트폴리오\팀포폴\GITHUB\finalBoss.cpp(558,62): warning C4244: '=': 'float'에서 'LONG'(으)로 변환하면서 데이터가 손실될 수 있습니다.
C:\Users\suhyeon\Desktop\포트폴리오\팀포폴\GITHUB\finalBoss.cpp(559,63): warning C4244: '=': 'float'에서 'LONG'(으)로 변환하면서 데이터가 손실될 수 있습니다.
C:\Users\suhyeon\Desktop\포트폴리오\팀포폴\GITHUB\finalBoss.cpp(566,21): warning C4018: '<': signed 또는 unsigned가 일치하지 않습니다.
C:\Users\suhyeon\Desktop\포트폴리오\팀포폴\GITHUB\finalBoss.cpp(571,68): warning C4244: '인수': 'LONG'에서 'float'(으)로 변환하면서 데이터가 손실될 수 있습니다.
C:\Users\suhyeon\Desktop\포트폴리오\팀포폴\GITHUB\finalBoss.cpp(571,44): warning C4244: '인수': 'LONG'에서 'float'(으)로 변환하면서 데이터가 손실될 수 있습니다.
C:\Users\suhyeon\Desktop\포트폴리오\팀포폴\GITHUB\finalBoss.cpp(573,61): warning C4244: '+=': 'float'에서 'LONG'(으)로 변환하면서 데이터가 손실될 수 있습니다.
C:\Users\suhyeon\Desktop\포트폴리오\팀포폴\GITHUB\finalBoss.cpp(574,62): warning C4244: '+=': 'float'에서 'LONG'(으)로 변환하면서 데이터가 손실될 수 있습니다.
C:\Users\suhyeon\Desktop\포트폴리오\팀포폴\GITHUB\finalBoss.cpp(593,65): warning C4244: '=': 'float'에서 'LONG'(으)로 변환하면서 데이터가 손실될 수 있습니다.
C:\Users\suhyeon\Desktop\포트폴리오\팀포폴\GITHUB\finalBoss.cpp(594,66): warning C4244: '=': 'float'에서 'LONG'(으)로 변환하면서 데이터가 손실될 수 있습니다.
C:\Users\suhyeon\Desktop\포트폴리오\팀포폴\GITHUB\finalBoss.cpp(601,21): warning C4018: '<': signed 또는 unsigned가 일치하지 않습니다.
C:\Users\suhyeon\Desktop\포트폴리오\팀포폴\GITHUB\finalBoss.cpp(605,70): warning C4244: '인수': 'LONG'에서 'float'(으)로 변환하면서 데이터가 손실될 수 있습니다.
C:\Users\suhyeon\Desktop\포트폴리오\팀포폴\GITHUB\finalBoss.cpp(605,45): warning C4244: '인수': 'LONG'에서 'float'(으)로 변환하면서 데이터가 손실될 수 있습니다.
C:\Users\suhyeon\Desktop\포트폴리오\팀포폴\GITHUB\finalBoss.cpp(607,63): warning C4244: '+=': 'float'에서 'LONG'(으)로 변환하면서 데이터가 손실될 수 있습니다.
C:\Users\suhyeon\Desktop\포트폴리오\팀포폴\GITHUB\finalBoss.cpp(608,64): warning C4244: '+=': 'float'에서 'LONG'(으)로 변환하면서 데이터가 손실될 수 있습니다.
C:\Users\suhyeon\Desktop\포트폴리오\팀포폴\GITHUB\finalBoss.cpp(626,69): warning C4244: '=': 'float'에서 'LONG'(으)로 변환하면서 데이터가 손실될 수 있습니다.
C:\Users\suhyeon\Desktop\포트폴리오\팀포폴\GITHUB\finalBoss.cpp(627,70): warning C4244: '=': 'float'에서 'LONG'(으)로 변환하면서 데이터가 손실될 수 있습니다.
C:\Users\suhyeon\Desktop\포트폴리오\팀포폴\GITHUB\finalBoss.cpp(634,21): warning C4018: '<': signed 또는 unsigned가 일치하지 않습니다.
C:\Users\suhyeon\Desktop\포트폴리오\팀포폴\GITHUB\finalBoss.cpp(637,82): warning C4244: '인수': 'LONG'에서 'float'(으)로 변환하면서 데이터가 손실될 수 있습니다.
C:\Users\suhyeon\Desktop\포트폴리오\팀포폴\GITHUB\finalBoss.cpp(637,49): warning C4244: '인수': 'LONG'에서 'float'(으)로 변환하면서 데이터가 손실될 수 있습니다.
C:\Users\suhyeon\Desktop\포트폴리오\팀포폴\GITHUB\finalBoss.cpp(654,56): warning C4244: '=': 'float'에서 'LONG'(으)로 변환하면서 데이터가 손실될 수 있습니다.
C:\Users\suhyeon\Desktop\포트폴리오\팀포폴\GITHUB\finalBoss.cpp(655,57): warning C4244: '=': 'float'에서 'LONG'(으)로 변환하면서 데이터가 손실될 수 있습니다.
C:\Users\suhyeon\Desktop\포트폴리오\팀포폴\GITHUB\finalBoss.cpp(661,21): warning C4018: '<': signed 또는 unsigned가 일치하지 않습니다.
C:\Users\suhyeon\Desktop\포트폴리오\팀포폴\GITHUB\finalBoss.cpp(664,73): warning C4244: '인수': 'LONG'에서 'float'(으)로 변환하면서 데이터가 손실될 수 있습니다.
C:\Users\suhyeon\Desktop\포트폴리오\팀포폴\GITHUB\finalBoss.cpp(664,46): warning C4244: '인수': 'LONG'에서 'float'(으)로 변환하면서 데이터가 손실될 수 있습니다.
C:\Users\suhyeon\Desktop\포트폴리오\팀포폴\GITHUB\finalBoss.cpp(666,60): warning C4244: '+=': 'float'에서 'LONG'(으)로 변환하면서 데이터가 손실될 수 있습니다.
C:\Users\suhyeon\Desktop\포트폴리오\팀포폴\GITHUB\finalBoss.cpp(667,61): warning C4244: '+=': 'float'에서 'LONG'(으)로 변환하면서 데이터가 손실될 수 있습니다.
C:\Users\suhyeon\Desktop\포트폴리오\팀포폴\GITHUB\finalBoss.cpp(685,61): warning C4244: '=': 'float'에서 'LONG'(으)로 변환하면서 데이터가 손실될 수 있습니다.
C:\Users\suhyeon\Desktop\포트폴리오\팀포폴\GITHUB\finalBoss.cpp(686,62): warning C4244: '=': 'float'에서 'LONG'(으)로 변환하면서 데이터가 손실될 수 있습니다.
C:\Users\suhyeon\Desktop\포트폴리오\팀포폴\GITHUB\finalBoss.cpp(693,21): warning C4018: '<': signed 또는 unsigned가 일치하지 않습니다.
C:\Users\suhyeon\Desktop\포트폴리오\팀포폴\GITHUB\finalBoss.cpp(696,76): warning C4244: '인수': 'LONG'에서 'float'(으)로 변환하면서 데이터가 손실될 수 있습니다.
C:\Users\suhyeon\Desktop\포트폴리오\팀포폴\GITHUB\finalBoss.cpp(696,53): warning C4244: '인수': 'LONG'에서 'float'(으)로 변환하면서 데이터가 손실될 수 있습니다.
C:\Users\suhyeon\Desktop\포트폴리오\팀포폴\GITHUB\finalBoss.cpp(700,57): warning C4244: '+=': 'float'에서 'LONG'(으)로 변환하면서 데이터가 손실될 수 있습니다.
C:\Users\suhyeon\Desktop\포트폴리오\팀포폴\GITHUB\finalBoss.cpp(701,58): warning C4244: '+=': 'float'에서 'LONG'(으)로 변환하면서 데이터가 손실될 수 있습니다.
C:\Users\suhyeon\Desktop\포트폴리오\팀포폴\GITHUB\finalBoss.cpp(703,44): warning C4244: '=': 'float'에서 'int'(으)로 변환하면서 데이터가 손실될 수 있습니다.
C:\Users\suhyeon\Desktop\포트폴리오\팀포폴\GITHUB\finalBoss.cpp(704,44): warning C4244: '=': 'float'에서 'int'(으)로 변환하면서 데이터가 손실될 수 있습니다.
C:\Users\suhyeon\Desktop\포트폴리오\팀포폴\GITHUB\finalBoss.cpp(726,20): warning C4018: '<': signed 또는 unsigned가 일치하지 않습니다.
C:\Users\suhyeon\Desktop\포트폴리오\팀포폴\GITHUB\finalBoss.cpp(742,128): warning C4244: '인수': 'LONG'에서 'float'(으)로 변환하면서 데이터가 손실될 수 있습니다.
C:\Users\suhyeon\Desktop\포트폴리오\팀포폴\GITHUB\finalBoss.cpp(742,79): warning C4244: '인수': 'LONG'에서 'float'(으)로 변환하면서 데이터가 손실될 수 있습니다.
C:\Users\suhyeon\Desktop\포트폴리오\팀포폴\GITHUB\finalBoss.cpp(779,132): warning C4244: '인수': 'LONG'에서 'float'(으)로 변환하면서 데이터가 손실될 수 있습니다.
C:\Users\suhyeon\Desktop\포트폴리오\팀포폴\GITHUB\finalBoss.cpp(779,82): warning C4244: '인수': 'LONG'에서 'float'(으)로 변환하면서 데이터가 손실될 수 있습니다.
C:\Users\suhyeon\Desktop\포트폴리오\팀포폴\GITHUB\finalBoss.cpp(816,129): warning C4244: '인수': 'LONG'에서 'float'(으)로 변환하면서 데이터가 손실될 수 있습니다.
C:\Users\suhyeon\Desktop\포트폴리오\팀포폴\GITHUB\finalBoss.cpp(816,79): warning C4244: '인수': 'LONG'에서 'float'(으)로 변환하면서 데이터가 손실될 수 있습니다.
C:\Users\suhyeon\Desktop\포트폴리오\팀포폴\GITHUB\finalBoss.cpp(845,21): warning C4018: '<': signed 또는 unsigned가 일치하지 않습니다.
C:\Users\suhyeon\Desktop\포트폴리오\팀포폴\GITHUB\finalBoss.cpp(858,82): warning C4244: '인수': 'LONG'에서 'float'(으)로 변환하면서 데이터가 손실될 수 있습니다.
C:\Users\suhyeon\Desktop\포트폴리오\팀포폴\GITHUB\finalBoss.cpp(858,57): warning C4244: '인수': 'LONG'에서 'float'(으)로 변환하면서 데이터가 손실될 수 있습니다.
C:\Users\suhyeon\Desktop\포트폴리오\팀포폴\GITHUB\finalBoss.cpp(878,21): warning C4018: '<': signed 또는 unsigned가 일치하지 않습니다.
C:\Users\suhyeon\Desktop\포트폴리오\팀포폴\GITHUB\finalBoss.cpp(891,76): warning C4244: '인수': 'LONG'에서 'float'(으)로 변환하면서 데이터가 손실될 수 있습니다.
C:\Users\suhyeon\Desktop\포트폴리오\팀포폴\GITHUB\finalBoss.cpp(891,53): warning C4244: '인수': 'LONG'에서 'float'(으)로 변환하면서 데이터가 손실될 수 있습니다.
C:\Users\suhyeon\Desktop\포트폴리오\팀포폴\GITHUB\finalBoss.cpp(933,12): warning C4244: '초기화 중': 'float'에서 'int'(으)로 변환하면서 데이터가 손실될 수 있습니다.
C:\Users\suhyeon\Desktop\포트폴리오\팀포폴\GITHUB\finalBoss.cpp(940,20): warning C4018: '<': signed 또는 unsigned가 일치하지 않습니다.
C:\Users\suhyeon\Desktop\포트폴리오\팀포폴\GITHUB\finalBoss.cpp(994,20): warning C4018: '<': signed 또는 unsigned가 일치하지 않습니다.
  finalBossScene.cpp
C:\Users\suhyeon\Desktop\포트폴리오\팀포폴\GITHUB\player.h(7,10): warning C4067: 전처리기 지시문 다음에 예기치 않은 토큰이 있습니다. 줄 바꿈 문자가 필요합니다.
C:\Users\suhyeon\Desktop\포트폴리오\팀포폴\GITHUB\player.h(193,47): warning C4244: '인수': 'float'에서 'int'(으)로 변환하면서 데이터가 손실될 수 있습니다.
C:\Users\suhyeon\Desktop\포트폴리오\팀포폴\GITHUB\player.h(193,41): warning C4244: '인수': 'float'에서 'int'(으)로 변환하면서 데이터가 손실될 수 있습니다.
C:\Users\suhyeon\Desktop\포트폴리오\팀포폴\GITHUB\finalBossScene.cpp(113,57): warning C4244: '인수': 'int'에서 'float'(으)로 변환하면서 데이터가 손실될 수 있습니다.
C:\Users\suhyeon\Desktop\포트폴리오\팀포폴\GITHUB\finalBossScene.cpp(113,45): warning C4244: '인수': 'LONG'에서 'float'(으)로 변환하면서 데이터가 손실될 수 있습니다.
C:\Users\suhyeon\Desktop\포트폴리오\팀포폴\GITHUB\finalBossScene.cpp(207,42): warning C4244: '인수': 'float'에서 'int'(으)로 변환하면서 데이터가 손실될 수 있습니다.
C:\Users\suhyeon\Desktop\포트폴리오\팀포폴\GITHUB\finalBossScene.cpp(207,20): warning C4244: '인수': 'float'에서 'int'(으)로 변환하면서 데이터가 손실될 수 있습니다.
C:\Users\suhyeon\Desktop\포트폴리오\팀포폴\GITHUB\finalBossScene.cpp(270,11): warning C4244: '인수': 'LONG'에서 'float'(으)로 변환하면서 데이터가 손실될 수 있습니다.
C:\Users\suhyeon\Desktop\포트폴리오\팀포폴\GITHUB\finalBossScene.cpp(269,12): warning C4244: '인수': 'LONG'에서 'float'(으)로 변환하면서 데이터가 손실될 수 있습니다.
C:\Users\suhyeon\Desktop\포트폴리오\팀포폴\GITHUB\finalBossScene.cpp(384,96): warning C4244: '인수': 'LONG'에서 'float'(으)로 변환하면서 데이터가 손실될 수 있습니다.
C:\Users\suhyeon\Desktop\포트폴리오\팀포폴\GITHUB\finalBossScene.cpp(384,59): warning C4244: '인수': 'LONG'에서 'float'(으)로 변환하면서 데이터가 손실될 수 있습니다.
  gameNode.cpp
  gameScene.cpp
C:\Users\suhyeon\Desktop\포트폴리오\팀포폴\GITHUB\player.h(7,10): warning C4067: 전처리기 지시문 다음에 예기치 않은 토큰이 있습니다. 줄 바꿈 문자가 필요합니다.
C:\Users\suhyeon\Desktop\포트폴리오\팀포폴\GITHUB\player.h(193,47): warning C4244: '인수': 'float'에서 'int'(으)로 변환하면서 데이터가 손실될 수 있습니다.
C:\Users\suhyeon\Desktop\포트폴리오\팀포폴\GITHUB\player.h(193,41): warning C4244: '인수': 'float'에서 'int'(으)로 변환하면서 데이터가 손실될 수 있습니다.
C:\Users\suhyeon\Desktop\포트폴리오\팀포폴\GITHUB\monster.h(192,27): warning C4244: 'return': 'float'에서 'int'(으)로 변환하면서 데이터가 손실될 수 있습니다.
C:\Users\suhyeon\Desktop\포트폴리오\팀포폴\GITHUB\gameScene.cpp(20,53): warning C4244: '인수': 'float'에서 'int'(으)로 변환하면서 데이터가 손실될 수 있습니다.
C:\Users\suhyeon\Desktop\포트폴리오\팀포폴\GITHUB\gameScene.cpp(20,36): warning C4244: '인수': 'float'에서 'int'(으)로 변환하면서 데이터가 손실될 수 있습니다.
C:\Users\suhyeon\Desktop\포트폴리오\팀포폴\GITHUB\gameScene.cpp(129,60): warning C4244: '인수': 'float'에서 'int'(으)로 변환하면서 데이터가 손실될 수 있습니다.
C:\Users\suhyeon\Desktop\포트폴리오\팀포폴\GITHUB\gameScene.cpp(129,43): warning C4244: '인수': 'float'에서 'int'(으)로 변환하면서 데이터가 손실될 수 있습니다.
C:\Users\suhyeon\Desktop\포트폴리오\팀포폴\GITHUB\gameScene.cpp(137,53): warning C4244: '인수': 'float'에서 'int'(으)로 변환하면서 데이터가 손실될 수 있습니다.
C:\Users\suhyeon\Desktop\포트폴리오\팀포폴\GITHUB\gameScene.cpp(137,36): warning C4244: '인수': 'float'에서 'int'(으)로 변환하면서 데이터가 손실될 수 있습니다.
C:\Users\suhyeon\Desktop\포트폴리오\팀포폴\GITHUB\gameScene.cpp(139,77): warning C4244: '인수': 'float'에서 'int'(으)로 변환하면서 데이터가 손실될 수 있습니다.
C:\Users\suhyeon\Desktop\포트폴리오\팀포폴\GITHUB\gameScene.cpp(139,39): warning C4244: '인수': 'float'에서 'int'(으)로 변환하면서 데이터가 손실될 수 있습니다.
C:\Users\suhyeon\Desktop\포트폴리오\팀포폴\GITHUB\gameScene.cpp(262,33): warning C4018: '<=': signed 또는 unsigned가 일치하지 않습니다.
C:\Users\suhyeon\Desktop\포트폴리오\팀포폴\GITHUB\gameScene.cpp(409,49): warning C4244: '인수': 'long'에서 'float'(으)로 변환하면서 데이터가 손실될 수 있습니다.
C:\Users\suhyeon\Desktop\포트폴리오\팀포폴\GITHUB\gameScene.cpp(409,36): warning C4244: '인수': 'long'에서 'float'(으)로 변환하면서 데이터가 손실될 수 있습니다.
C:\Users\suhyeon\Desktop\포트폴리오\팀포폴\GITHUB\gameScene.cpp(542,20): warning C4018: '<': signed 또는 unsigned가 일치하지 않습니다.
C:\Users\suhyeon\Desktop\포트폴리오\팀포폴\GITHUB\gameScene.cpp(578,20): warning C4018: '<': signed 또는 unsigned가 일치하지 않습니다.
C:\Users\suhyeon\Desktop\포트폴리오\팀포폴\GITHUB\gameScene.cpp(752,20): warning C4018: '<': signed 또는 unsigned가 일치하지 않습니다.
C:\Users\suhyeon\Desktop\포트폴리오\팀포폴\GITHUB\gameScene.cpp(801,21): warning C4244: '인수': 'LONG'에서 'float'(으)로 변환하면서 데이터가 손실될 수 있습니다.
C:\Users\suhyeon\Desktop\포트폴리오\팀포폴\GITHUB\gameScene.cpp(802,22): warning C4244: '인수': 'LONG'에서 'float'(으)로 변환하면서 데이터가 손실될 수 있습니다.
C:\Users\suhyeon\Desktop\포트폴리오\팀포폴\GITHUB\gameScene.cpp(825,21): warning C4244: '인수': 'LONG'에서 'float'(으)로 변환하면서 데이터가 손실될 수 있습니다.
C:\Users\suhyeon\Desktop\포트폴리오\팀포폴\GITHUB\gameScene.cpp(826,22): warning C4244: '인수': 'LONG'에서 'float'(으)로 변환하면서 데이터가 손실될 수 있습니다.
  ghoul.cpp
C:\Users\suhyeon\Desktop\포트폴리오\팀포폴\GITHUB\monster.h(192,27): warning C4244: 'return': 'float'에서 'int'(으)로 변환하면서 데이터가 손실될 수 있습니다.
C:\Users\suhyeon\Desktop\포트폴리오\팀포폴\GITHUB\ghoul.cpp(81,40): warning C4244: '+=': 'float'에서 'LONG'(으)로 변환하면서 데이터가 손실될 수 있습니다.
C:\Users\suhyeon\Desktop\포트폴리오\팀포폴\GITHUB\ghoul.cpp(82,41): warning C4244: '+=': 'float'에서 'LONG'(으)로 변환하면서 데이터가 손실될 수 있습니다.
  ghoulLarge.cpp
C:\Users\suhyeon\Desktop\포트폴리오\팀포폴\GITHUB\monster.h(192,27): warning C4244: 'return': 'float'에서 'int'(으)로 변환하면서 데이터가 손실될 수 있습니다.
C:\Users\suhyeon\Desktop\포트폴리오\팀포폴\GITHUB\ghoulLarge.cpp(39,44): warning C4244: '+=': 'float'에서 'LONG'(으)로 변환하면서 데이터가 손실될 수 있습니다.
C:\Users\suhyeon\Desktop\포트폴리오\팀포폴\GITHUB\ghoulLarge.cpp(40,45): warning C4244: '+=': 'float'에서 'LONG'(으)로 변환하면서 데이터가 손실될 수 있습니다.
C:\Users\suhyeon\Desktop\포트폴리오\팀포폴\GITHUB\ghoulLarge.cpp(86,47): warning C4244: '+=': 'float'에서 'LONG'(으)로 변환하면서 데이터가 손실될 수 있습니다.
C:\Users\suhyeon\Desktop\포트폴리오\팀포폴\GITHUB\ghoulLarge.cpp(87,48): warning C4244: '+=': 'float'에서 'LONG'(으)로 변환하면서 데이터가 손실될 수 있습니다.
  golem.cpp
C:\Users\suhyeon\Desktop\포트폴리오\팀포폴\GITHUB\monster.h(192,27): warning C4244: 'return': 'float'에서 'int'(으)로 변환하면서 데이터가 손실될 수 있습니다.
C:\Users\suhyeon\Desktop\포트폴리오\팀포폴\GITHUB\golem.cpp(37,44): warning C4244: '+=': 'float'에서 'LONG'(으)로 변환하면서 데이터가 손실될 수 있습니다.
C:\Users\suhyeon\Desktop\포트폴리오\팀포폴\GITHUB\golem.cpp(38,45): warning C4244: '+=': 'float'에서 'LONG'(으)로 변환하면서 데이터가 손실될 수 있습니다.
  image.cpp
C:\Users\suhyeon\Desktop\포트폴리오\팀포폴\GITHUB\image.cpp(437,70): warning C4244: '인수': 'float'에서 'int'(으)로 변환하면서 데이터가 손실될 수 있습니다.
C:\Users\suhyeon\Desktop\포트폴리오\팀포폴\GITHUB\image.cpp(437,50): warning C4244: '인수': 'float'에서 'int'(으)로 변환하면서 데이터가 손실될 수 있습니다.
C:\Users\suhyeon\Desktop\포트폴리오\팀포폴\GITHUB\image.cpp(445,79): warning C4244: '인수': 'float'에서 'int'(으)로 변환하면서 데이터가 손실될 수 있습니다.
C:\Users\suhyeon\Desktop\포트폴리오\팀포폴\GITHUB\image.cpp(445,51): warning C4244: '인수': 'float'에서 'int'(으)로 변환하면서 데이터가 손실될 수 있습니다.
C:\Users\suhyeon\Desktop\포트폴리오\팀포폴\GITHUB\image.cpp(456,86): warning C4244: '인수': 'float'에서 'int'(으)로 변환하면서 데이터가 손실될 수 있습니다.
C:\Users\suhyeon\Desktop\포트폴리오\팀포폴\GITHUB\image.cpp(456,58): warning C4244: '인수': 'float'에서 'int'(으)로 변환하면서 데이터가 손실될 수 있습니다.
C:\Users\suhyeon\Desktop\포트폴리오\팀포폴\GITHUB\image.cpp(461,79): warning C4244: '인수': 'float'에서 'int'(으)로 변환하면서 데이터가 손실될 수 있습니다.
C:\Users\suhyeon\Desktop\포트폴리오\팀포폴\GITHUB\image.cpp(461,51): warning C4244: '인수': 'float'에서 'int'(으)로 변환하면서 데이터가 손실될 수 있습니다.
C:\Users\suhyeon\Desktop\포트폴리오\팀포폴\GITHUB\image.cpp(486,111): warning C4244: '인수': 'float'에서 'int'(으)로 변환하면서 데이터가 손실될 수 있습니다.
C:\Users\suhyeon\Desktop\포트폴리오\팀포폴\GITHUB\image.cpp(486,70): warning C4244: '인수': 'float'에서 'int'(으)로 변환하면서 데이터가 손실될 수 있습니다.
C:\Users\suhyeon\Desktop\포트폴리오\팀포폴\GITHUB\image.cpp(495,28): warning C4244: '인수': 'float'에서 'int'(으)로 변환하면서 데이터가 손실될 수 있습니다.
C:\Users\suhyeon\Desktop\포트폴리오\팀포폴\GITHUB\image.cpp(494,27): warning C4244: '인수': 'float'에서 'int'(으)로 변환하면서 데이터가 손실될 수 있습니다.
C:\Users\suhyeon\Desktop\포트폴리오\팀포폴\GITHUB\image.cpp(528,28): warning C4244: '인수': 'float'에서 'int'(으)로 변환하면서 데이터가 손실될 수 있습니다.
C:\Users\suhyeon\Desktop\포트폴리오\팀포폴\GITHUB\image.cpp(527,27): warning C4244: '인수': 'float'에서 'int'(으)로 변환하면서 데이터가 손실될 수 있습니다.
C:\Users\suhyeon\Desktop\포트폴리오\팀포폴\GITHUB\image.cpp(523,28): warning C4244: '인수': 'float'에서 'int'(으)로 변환하면서 데이터가 손실될 수 있습니다.
C:\Users\suhyeon\Desktop\포트폴리오\팀포폴\GITHUB\image.cpp(522,27): warning C4244: '인수': 'float'에서 'int'(으)로 변환하면서 데이터가 손실될 수 있습니다.
C:\Users\suhyeon\Desktop\포트폴리오\팀포폴\GITHUB\image.cpp(533,79): warning C4244: '인수': 'float'에서 'int'(으)로 변환하면서 데이터가 손실될 수 있습니다.
C:\Users\suhyeon\Desktop\포트폴리오\팀포폴\GITHUB\image.cpp(533,51): warning C4244: '인수': 'float'에서 'int'(으)로 변환하면서 데이터가 손실될 수 있습니다.
C:\Users\suhyeon\Desktop\포트폴리오\팀포폴\GITHUB\image.cpp(734,28): warning C4244: '인수': 'float'에서 'int'(으)로 변환하면서 데이터가 손실될 수 있습니다.
C:\Users\suhyeon\Desktop\포트폴리오\팀포폴\GITHUB\image.cpp(733,27): warning C4244: '인수': 'float'에서 'int'(으)로 변환하면서 데이터가 손실될 수 있습니다.
C:\Users\suhyeon\Desktop\포트폴리오\팀포폴\GITHUB\image.cpp(814,28): warning C4244: '인수': 'float'에서 'int'(으)로 변환하면서 데이터가 손실될 수 있습니다.
C:\Users\suhyeon\Desktop\포트폴리오\팀포폴\GITHUB\image.cpp(813,27): warning C4244: '인수': 'float'에서 'int'(으)로 변환하면서 데이터가 손실될 수 있습니다.
C:\Users\suhyeon\Desktop\포트폴리오\팀포폴\GITHUB\image.cpp(1024,41): warning C4244: '=': 'float'에서 'int'(으)로 변환하면서 데이터가 손실될 수 있습니다.
C:\Users\suhyeon\Desktop\포트폴리오\팀포폴\GITHUB\image.cpp(1025,43): warning C4244: '=': 'float'에서 'int'(으)로 변환하면서 데이터가 손실될 수 있습니다.
C:\Users\suhyeon\Desktop\포트폴리오\팀포폴\GITHUB\image.cpp(1061,41): warning C4244: '=': 'float'에서 'int'(으)로 변환하면서 데이터가 손실될 수 있습니다.
C:\Users\suhyeon\Desktop\포트폴리오\팀포폴\GITHUB\image.cpp(1062,43): warning C4244: '=': 'float'에서 'int'(으)로 변환하면서 데이터가 손실될 수 있습니다.
C:\Users\suhyeon\Desktop\포트폴리오\팀포폴\GITHUB\image.cpp(1108,11): warning C4244: '초기화 중': 'double'에서 'int'(으)로 변환하면서 데이터가 손실될 수 있습니다.
C:\Users\suhyeon\Desktop\포트폴리오\팀포폴\GITHUB\image.cpp(1116,42): warning C4244: '=': 'float'에서 'LONG'(으)로 변환하면서 데이터가 손실될 수 있습니다.
C:\Users\suhyeon\Desktop\포트폴리오\팀포폴\GITHUB\image.cpp(1117,43): warning C4244: '=': 'float'에서 'LONG'(으)로 변환하면서 데이터가 손실될 수 있습니다.
C:\Users\suhyeon\Desktop\포트폴리오\팀포폴\GITHUB\image.cpp(1136,10): warning C4244: '인수': 'float'에서 'int'(으)로 변환하면서 데이터가 손실될 수 있습니다.
C:\Users\suhyeon\Desktop\포트폴리오\팀포폴\GITHUB\image.cpp(1135,10): warning C4244: '인수': 'float'에서 'int'(으)로 변환하면서 데이터가 손실될 수 있습니다.
C:\Users\suhyeon\Desktop\포트폴리오\팀포폴\GITHUB\image.cpp(1159,11): warning C4244: '초기화 중': 'double'에서 'int'(으)로 변환하면서 데이터가 손실될 수 있습니다.
C:\Users\suhyeon\Desktop\포트폴리오\팀포폴\GITHUB\image.cpp(1167,42): warning C4244: '=': 'float'에서 'LONG'(으)로 변환하면서 데이터가 손실될 수 있습니다.
C:\Users\suhyeon\Desktop\포트폴리오\팀포폴\GITHUB\image.cpp(1168,43): warning C4244: '=': 'float'에서 'LONG'(으)로 변환하면서 데이터가 손실될 수 있습니다.
C:\Users\suhyeon\Desktop\포트폴리오\팀포폴\GITHUB\image.cpp(1191,10): warning C4244: '인수': 'float'에서 'int'(으)로 변환하면서 데이터가 손실될 수 있습니다.
C:\Users\suhyeon\Desktop\포트폴리오\팀포폴\GITHUB\image.cpp(1190,10): warning C4244: '인수': 'float'에서 'int'(으)로 변환하면서 데이터가 손실될 수 있습니다.
C:\Users\suhyeon\Desktop\포트폴리오\팀포폴\GITHUB\image.cpp(1230,103): warning C4244: '인수': 'float'에서 'int'(으)로 변환하면서 데이터가 손실될 수 있습니다.
C:\Users\suhyeon\Desktop\포트폴리오\팀포폴\GITHUB\image.cpp(1230,66): warning C4244: '인수': 'float'에서 'int'(으)로 변환하면서 데이터가 손실될 수 있습니다.
C:\Users\suhyeon\Desktop\포트폴리오\팀포폴\GITHUB\image.cpp(1232,101): warning C4244: '인수': 'float'에서 'int'(으)로 변환하면서 데이터가 손실될 수 있습니다.
C:\Users\suhyeon\Desktop\포트폴리오\팀포폴\GITHUB\image.cpp(1232,64): warning C4244: '인수': 'float'에서 'int'(으)로 변환하면서 데이터가 손실될 수 있습니다.
C:\Users\suhyeon\Desktop\포트폴리오\팀포폴\GITHUB\image.cpp(1241,23): warning C4244: '인수': 'float'에서 'int'(으)로 변환하면서 데이터가 손실될 수 있습니다.
C:\Users\suhyeon\Desktop\포트폴리오\팀포폴\GITHUB\image.cpp(1240,22): warning C4244: '인수': 'float'에서 'int'(으)로 변환하면서 데이터가 손실될 수 있습니다.
C:\Users\suhyeon\Desktop\포트폴리오\팀포폴\GITHUB\image.cpp(1260,28): warning C4244: '인수': 'float'에서 'int'(으)로 변환하면서 데이터가 손실될 수 있습니다.
C:\Users\suhyeon\Desktop\포트폴리오\팀포폴\GITHUB\image.cpp(1259,27): warning C4244: '인수': 'float'에서 'int'(으)로 변환하면서 데이터가 손실될 수 있습니다.
C:\Users\suhyeon\Desktop\포트폴리오\팀포폴\GITHUB\image.cpp(1258,55): warning C4244: '인수': 'float'에서 'int'(으)로 변환하면서 데이터가 손실될 수 있습니다.
C:\Users\suhyeon\Desktop\포트폴리오\팀포폴\GITHUB\image.cpp(1257,54): warning C4244: '인수': 'float'에서 'int'(으)로 변환하면서 데이터가 손실될 수 있습니다.
C:\Users\suhyeon\Desktop\포트폴리오\팀포폴\GITHUB\image.cpp(1255,28): warning C4244: '인수': 'float'에서 'int'(으)로 변환하면서 데이터가 손실될 수 있습니다.
C:\Users\suhyeon\Desktop\포트폴리오\팀포폴\GITHUB\image.cpp(1254,27): warning C4244: '인수': 'float'에서 'int'(으)로 변환하면서 데이터가 손실될 수 있습니다.
C:\Users\suhyeon\Desktop\포트폴리오\팀포폴\GITHUB\image.cpp(1265,61): warning C4244: '인수': 'float'에서 'int'(으)로 변환하면서 데이터가 손실될 수 있습니다.
C:\Users\suhyeon\Desktop\포트폴리오\팀포폴\GITHUB\image.cpp(1265,27): warning C4244: '인수': 'float'에서 'int'(으)로 변환하면서 데이터가 손실될 수 있습니다.
C:\Users\suhyeon\Desktop\포트폴리오\팀포폴\GITHUB\image.cpp(1264,90): warning C4244: '인수': 'float'에서 'int'(으)로 변환하면서 데이터가 손실될 수 있습니다.
C:\Users\suhyeon\Desktop\포트폴리오\팀포폴\GITHUB\image.cpp(1264,31): warning C4244: '인수': 'float'에서 'int'(으)로 변환하면서 데이터가 손실될 수 있습니다.
C:\Users\suhyeon\Desktop\포트폴리오\팀포폴\GITHUB\image.cpp(1263,93): warning C4244: '인수': 'float'에서 'int'(으)로 변환하면서 데이터가 손실될 수 있습니다.
C:\Users\suhyeon\Desktop\포트폴리오\팀포폴\GITHUB\image.cpp(1263,59): warning C4244: '인수': 'float'에서 'int'(으)로 변환하면서 데이터가 손실될 수 있습니다.
C:\Users\suhyeon\Desktop\포트폴리오\팀포폴\GITHUB\image.cpp(1270,180): warning C4244: '인수': 'float'에서 'int'(으)로 변환하면서 데이터가 손실될 수 있습니다.
C:\Users\suhyeon\Desktop\포트폴리오\팀포폴\GITHUB\image.cpp(1270,146): warning C4244: '인수': 'float'에서 'int'(으)로 변환하면서 데이터가 손실될 수 있습니다.
C:\Users\suhyeon\Desktop\포트폴리오\팀포폴\GITHUB\image.cpp(1270,113): warning C4244: '인수': 'float'에서 'int'(으)로 변환하면서 데이터가 손실될 수 있습니다.
C:\Users\suhyeon\Desktop\포트폴리오\팀포폴\GITHUB\image.cpp(1270,63): warning C4244: '인수': 'float'에서 'int'(으)로 변환하면서 데이터가 손실될 수 있습니다.
C:\Users\suhyeon\Desktop\포트폴리오\팀포폴\GITHUB\image.cpp(1269,106): warning C4244: '인수': 'float'에서 'int'(으)로 변환하면서 데이터가 손실될 수 있습니다.
C:\Users\suhyeon\Desktop\포트폴리오\팀포폴\GITHUB\image.cpp(1269,72): warning C4244: '인수': 'float'에서 'int'(으)로 변환하면서 데이터가 손실될 수 있습니다.
C:\Users\suhyeon\Desktop\포트폴리오\팀포폴\GITHUB\image.cpp(1274,61): warning C4244: '인수': 'float'에서 'int'(으)로 변환하면서 데이터가 손실될 수 있습니다.
C:\Users\suhyeon\Desktop\포트폴리오\팀포폴\GITHUB\image.cpp(1274,27): warning C4244: '인수': 'float'에서 'int'(으)로 변환하면서 데이터가 손실될 수 있습니다.
C:\Users\suhyeon\Desktop\포트폴리오\팀포폴\GITHUB\image.cpp(1273,90): warning C4244: '인수': 'float'에서 'int'(으)로 변환하면서 데이터가 손실될 수 있습니다.
C:\Users\suhyeon\Desktop\포트폴리오\팀포폴\GITHUB\image.cpp(1273,31): warning C4244: '인수': 'float'에서 'int'(으)로 변환하면서 데이터가 손실될 수 있습니다.
C:\Users\suhyeon\Desktop\포트폴리오\팀포폴\GITHUB\image.cpp(1272,93): warning C4244: '인수': 'float'에서 'int'(으)로 변환하면서 데이터가 손실될 수 있습니다.
C:\Users\suhyeon\Desktop\포트폴리오\팀포폴\GITHUB\image.cpp(1272,59): warning C4244: '인수': 'float'에서 'int'(으)로 변환하면서 데이터가 손실될 수 있습니다.
  imageManager.cpp
  컴파일하고 있습니다...
  iniData.cpp
C:\Users\suhyeon\Desktop\포트폴리오\팀포폴\GITHUB\iniData.cpp(39,20): warning C4018: '<': signed 또는 unsigned가 일치하지 않습니다.
C:\Users\suhyeon\Desktop\포트폴리오\팀포폴\GITHUB\iniData.cpp(84,15): warning C4244: 'return': 'double'에서 'float'(으)로 변환하면서 데이터가 손실될 수 있습니다.
  input.cpp
  inventory.cpp
C:\Users\suhyeon\Desktop\포트폴리오\팀포폴\GITHUB\inventory.cpp(47,21): warning C4018: '<': signed 또는 unsigned가 일치하지 않습니다.
C:\Users\suhyeon\Desktop\포트폴리오\팀포폴\GITHUB\inventory.cpp(73,21): warning C4018: '<': signed 또는 unsigned가 일치하지 않습니다.
C:\Users\suhyeon\Desktop\포트폴리오\팀포폴\GITHUB\inventory.cpp(86,21): warning C4018: '<': signed 또는 unsigned가 일치하지 않습니다.
  itemManager.cpp
  loading.cpp
C:\Users\suhyeon\Desktop\포트폴리오\팀포폴\GITHUB\loading.cpp(41,21): warning C4244: '=': 'float'에서 'int'(으)로 변환하면서 데이터가 손실될 수 있습니다.
C:\Users\suhyeon\Desktop\포트폴리오\팀포폴\GITHUB\loading.cpp(42,21): warning C4244: '=': 'float'에서 'int'(으)로 변환하면서 데이터가 손실될 수 있습니다.
C:\Users\suhyeon\Desktop\포트폴리오\팀포폴\GITHUB\loading.cpp(77,21): warning C4244: '=': 'float'에서 'int'(으)로 변환하면서 데이터가 손실될 수 있습니다.
C:\Users\suhyeon\Desktop\포트폴리오\팀포폴\GITHUB\loading.cpp(78,21): warning C4244: '=': 'float'에서 'int'(으)로 변환하면서 데이터가 손실될 수 있습니다.
C:\Users\suhyeon\Desktop\포트폴리오\팀포폴\GITHUB\loading.cpp(157,140): warning C4244: '인수': 'float'에서 'int'(으)로 변환하면서 데이터가 손실될 수 있습니다.
C:\Users\suhyeon\Desktop\포트폴리오\팀포폴\GITHUB\loading.cpp(157,83): warning C4244: '인수': 'float'에서 'int'(으)로 변환하면서 데이터가 손실될 수 있습니다.
C:\Users\suhyeon\Desktop\포트폴리오\팀포폴\GITHUB\loading.cpp(158,128): warning C4244: '인수': 'float'에서 'int'(으)로 변환하면서 데이터가 손실될 수 있습니다.
C:\Users\suhyeon\Desktop\포트폴리오\팀포폴\GITHUB\loading.cpp(158,56): warning C4244: '인수': 'float'에서 'int'(으)로 변환하면서 데이터가 손실될 수 있습니다.
C:\Users\suhyeon\Desktop\포트폴리오\팀포폴\GITHUB\loading.cpp(160,20): warning C4018: '<': signed 또는 unsigned가 일치하지 않습니다.
C:\Users\suhyeon\Desktop\포트폴리오\팀포폴\GITHUB\loading.cpp(161,72): warning C4244: '인수': 'float'에서 'int'(으)로 변환하면서 데이터가 손실될 수 있습니다.
C:\Users\suhyeon\Desktop\포트폴리오\팀포폴\GITHUB\loading.cpp(195,41): warning C4244: '인수': 'float'에서 'int'(으)로 변환하면서 데이터가 손실될 수 있습니다.
C:\Users\suhyeon\Desktop\포트폴리오\팀포폴\GITHUB\loading.cpp(195,31): warning C4244: '인수': 'int'에서 'float'(으)로 변환하면서 데이터가 손실될 수 있습니다.
C:\Users\suhyeon\Desktop\포트폴리오\팀포폴\GITHUB\loading.cpp(209,20): warning C4018: '>=': signed 또는 unsigned가 일치하지 않습니다.
C:\Users\suhyeon\Desktop\포트폴리오\팀포폴\GITHUB\loading.cpp(234,63): warning C4244: '인수': 'int'에서 'float'(으)로 변환하면서 데이터가 손실될 수 있습니다.
C:\Users\suhyeon\Desktop\포트폴리오\팀포폴\GITHUB\loading.cpp(234,56): warning C4244: '인수': 'int'에서 'float'(으)로 변환하면서 데이터가 손실될 수 있습니다.
C:\Users\suhyeon\Desktop\포트폴리오\팀포폴\GITHUB\loading.cpp(248,68): warning C4244: '인수': 'int'에서 'float'(으)로 변환하면서 데이터가 손실될 수 있습니다.
C:\Users\suhyeon\Desktop\포트폴리오\팀포폴\GITHUB\loading.cpp(248,61): warning C4244: '인수': 'int'에서 'float'(으)로 변환하면서 데이터가 손실될 수 있습니다.
C:\Users\suhyeon\Desktop\포트폴리오\팀포폴\GITHUB\loading.cpp(287,43): warning C4244: '인수': 'int'에서 'float'(으)로 변환하면서 데이터가 손실될 수 있습니다.
C:\Users\suhyeon\Desktop\포트폴리오\팀포폴\GITHUB\loading.cpp(287,39): warning C4244: '인수': 'unsigned int'에서 'float'(으)로 변환하면서 데이터가 손실될 수 있습니다.
  loadingScene.cpp
  mainGame.cpp
C:\Users\suhyeon\Desktop\포트폴리오\팀포폴\GITHUB\player.h(7,10): warning C4067: 전처리기 지시문 다음에 예기치 않은 토큰이 있습니다. 줄 바꿈 문자가 필요합니다.
C:\Users\suhyeon\Desktop\포트폴리오\팀포폴\GITHUB\player.h(193,47): warning C4244: '인수': 'float'에서 'int'(으)로 변환하면서 데이터가 손실될 수 있습니다.
C:\Users\suhyeon\Desktop\포트폴리오\팀포폴\GITHUB\player.h(193,41): warning C4244: '인수': 'float'에서 'int'(으)로 변환하면서 데이터가 손실될 수 있습니다.
C:\Users\suhyeon\Desktop\포트폴리오\팀포폴\GITHUB\monster.h(192,27): warning C4244: 'return': 'float'에서 'int'(으)로 변환하면서 데이터가 손실될 수 있습니다.
C:\Users\suhyeon\Desktop\포트폴리오\팀포폴\GITHUB\finalBossScene.h(6,1): warning C4005: 'MAXWIDTH': 매크로 재정의
C:\Users\suhyeon\Desktop\포트폴리오\팀포폴\GITHUB\bossScene.h(6): message : 'MAXWIDTH'의 이전 정의를 참조하십시오.
C:\Users\suhyeon\Desktop\포트폴리오\팀포폴\GITHUB\finalBossScene.h(7,1): warning C4005: 'MAXHEIGHT': 매크로 재정의
C:\Users\suhyeon\Desktop\포트폴리오\팀포폴\GITHUB\bossScene.h(7): message : 'MAXHEIGHT'의 이전 정의를 참조하십시오.
  mapToolScene.cpp
C:\Users\suhyeon\Desktop\포트폴리오\팀포폴\GITHUB\mapToolScene.cpp(801,26): warning C4101: 'str2' :참조되지 않은 지역 변수입니다.
C:\Users\suhyeon\Desktop\포트폴리오\팀포폴\GITHUB\mapToolScene.cpp(819,26): warning C4101: 'str2' :참조되지 않은 지역 변수입니다.
  knight.cpp
C:\Users\suhyeon\Desktop\포트폴리오\팀포폴\GITHUB\monster.h(192,27): warning C4244: 'return': 'float'에서 'int'(으)로 변환하면서 데이터가 손실될 수 있습니다.
C:\Users\suhyeon\Desktop\포트폴리오\팀포폴\GITHUB\knight.cpp(55,44): warning C4244: '+=': 'float'에서 'LONG'(으)로 변환하면서 데이터가 손실될 수 있습니다.
C:\Users\suhyeon\Desktop\포트폴리오\팀포폴\GITHUB\knight.cpp(56,45): warning C4244: '+=': 'float'에서 'LONG'(으)로 변환하면서 데이터가 손실될 수 있습니다.
  portalManager.cpp
C:\Users\suhyeon\Desktop\포트폴리오\팀포폴\GITHUB\portalManager.cpp(22,35): warning C4244: '인수': 'float'에서 'int'(으)로 변환하면서 데이터가 손실될 수 있습니다.
C:\Users\suhyeon\Desktop\포트폴리오\팀포폴\GITHUB\portalManager.cpp(22,32): warning C4244: '인수': 'float'에서 'int'(으)로 변환하면서 데이터가 손실될 수 있습니다.
C:\Users\suhyeon\Desktop\포트폴리오\팀포폴\GITHUB\portalManager.cpp(47,15): warning C4244: '인수': 'float'에서 'int'(으)로 변환하면서 데이터가 손실될 수 있습니다.
C:\Users\suhyeon\Desktop\포트폴리오\팀포폴\GITHUB\portalManager.cpp(46,15): warning C4244: '인수': 'float'에서 'int'(으)로 변환하면서 데이터가 손실될 수 있습니다.
C:\Users\suhyeon\Desktop\포트폴리오\팀포폴\GITHUB\portalManager.cpp(63,15): warning C4244: '인수': 'float'에서 'int'(으)로 변환하면서 데이터가 손실될 수 있습니다.
C:\Users\suhyeon\Desktop\포트폴리오\팀포폴\GITHUB\portalManager.cpp(62,15): warning C4244: '인수': 'float'에서 'int'(으)로 변환하면서 데이터가 손실될 수 있습니다.
  progressBar.cpp
C:\Users\suhyeon\Desktop\포트폴리오\팀포폴\GITHUB\progressBar.cpp(15,37): warning C4244: '=': 'int'에서 'float'(으)로 변환하면서 데이터가 손실될 수 있습니다.
C:\Users\suhyeon\Desktop\포트폴리오\팀포폴\GITHUB\progressBar.cpp(16,39): warning C4244: '=': 'int'에서 'float'(으)로 변환하면서 데이터가 손실될 수 있습니다.
C:\Users\suhyeon\Desktop\포트폴리오\팀포폴\GITHUB\progressBar.cpp(19,41): warning C4244: '인수': 'float'에서 'int'(으)로 변환하면서 데이터가 손실될 수 있습니다.
C:\Users\suhyeon\Desktop\포트폴리오\팀포폴\GITHUB\progressBar.cpp(19,33): warning C4244: '인수': 'float'에서 'int'(으)로 변환하면서 데이터가 손실될 수 있습니다.
C:\Users\suhyeon\Desktop\포트폴리오\팀포폴\GITHUB\progressBar.cpp(19,29): warning C4244: '인수': 'float'에서 'int'(으)로 변환하면서 데이터가 손실될 수 있습니다.
C:\Users\suhyeon\Desktop\포트폴리오\팀포폴\GITHUB\progressBar.cpp(19,25): warning C4244: '인수': 'float'에서 'int'(으)로 변환하면서 데이터가 손실될 수 있습니다.
C:\Users\suhyeon\Desktop\포트폴리오\팀포폴\GITHUB\progressBar.cpp(32,41): warning C4244: '인수': 'float'에서 'int'(으)로 변환하면서 데이터가 손실될 수 있습니다.
C:\Users\suhyeon\Desktop\포트폴리오\팀포폴\GITHUB\progressBar.cpp(32,33): warning C4244: '인수': 'float'에서 'int'(으)로 변환하면서 데이터가 손실될 수 있습니다.
C:\Users\suhyeon\Desktop\포트폴리오\팀포폴\GITHUB\progressBar.cpp(32,29): warning C4244: '인수': 'float'에서 'int'(으)로 변환하면서 데이터가 손실될 수 있습니다.
C:\Users\suhyeon\Desktop\포트폴리오\팀포폴\GITHUB\progressBar.cpp(32,25): warning C4244: '인수': 'float'에서 'int'(으)로 변환하면서 데이터가 손실될 수 있습니다.
C:\Users\suhyeon\Desktop\포트폴리오\팀포폴\GITHUB\progressBar.cpp(38,43): warning C4244: '인수': 'float'에서 'int'(으)로 변환하면서 데이터가 손실될 수 있습니다.
C:\Users\suhyeon\Desktop\포트폴리오\팀포폴\GITHUB\progressBar.cpp(38,39): warning C4244: '인수': 'float'에서 'int'(으)로 변환하면서 데이터가 손실될 수 있습니다.
C:\Users\suhyeon\Desktop\포트폴리오\팀포폴\GITHUB\progressBar.cpp(41,17): warning C4244: '인수': 'float'에서 'int'(으)로 변환하면서 데이터가 손실될 수 있습니다.
C:\Users\suhyeon\Desktop\포트폴리오\팀포폴\GITHUB\progressBar.cpp(41,9): warning C4244: '인수': 'float'에서 'int'(으)로 변환하면서 데이터가 손실될 수 있습니다.
C:\Users\suhyeon\Desktop\포트폴리오\팀포폴\GITHUB\progressBar.cpp(40,44): warning C4244: '인수': 'float'에서 'int'(으)로 변환하면서 데이터가 손실될 수 있습니다.
C:\Users\suhyeon\Desktop\포트폴리오\팀포폴\GITHUB\progressBar.cpp(40,40): warning C4244: '인수': 'float'에서 'int'(으)로 변환하면서 데이터가 손실될 수 있습니다.
  shop.cpp
C:\Users\suhyeon\Desktop\포트폴리오\팀포폴\GITHUB\shop.cpp(258,86): warning C4244: '인수': 'LONG'에서 'float'(으)로 변환하면서 데이터가 손실될 수 있습니다.
C:\Users\suhyeon\Desktop\포트폴리오\팀포폴\GITHUB\shop.cpp(258,73): warning C4244: '인수': 'LONG'에서 'float'(으)로 변환하면서 데이터가 손실될 수 있습니다.
C:\Users\suhyeon\Desktop\포트폴리오\팀포폴\GITHUB\shop.cpp(414,61): warning C4244: '인수': 'LONG'에서 'float'(으)로 변환하면서 데이터가 손실될 수 있습니다.
C:\Users\suhyeon\Desktop\포트폴리오\팀포폴\GITHUB\shop.cpp(415,61): warning C4244: '인수': 'LONG'에서 'float'(으)로 변환하면서 데이터가 손실될 수 있습니다.
C:\Users\suhyeon\Desktop\포트폴리오\팀포폴\GITHUB\shop.cpp(435,77): warning C4244: '인수': 'LONG'에서 'float'(으)로 변환하면서 데이터가 손실될 수 있습니다.
C:\Users\suhyeon\Desktop\포트폴리오\팀포폴\GITHUB\shop.cpp(436,62): warning C4244: '인수': 'LONG'에서 'float'(으)로 변환하면서 데이터가 손실될 수 있습니다.
C:\Users\suhyeon\Desktop\포트폴리오\팀포폴\GITHUB\shop.cpp(452,58): warning C4244: '인수': 'LONG'에서 'float'(으)로 변환하면서 데이터가 손실될 수 있습니다.
C:\Users\suhyeon\Desktop\포트폴리오\팀포폴\GITHUB\shop.cpp(453,58): warning C4244: '인수': 'LONG'에서 'float'(으)로 변환하면서 데이터가 손실될 수 있습니다.
C:\Users\suhyeon\Desktop\포트폴리오\팀포폴\GITHUB\shop.cpp(475,74): warning C4244: '인수': 'LONG'에서 'float'(으)로 변환하면서 데이터가 손실될 수 있습니다.
C:\Users\suhyeon\Desktop\포트폴리오\팀포폴\GITHUB\shop.cpp(476,58): warning C4244: '인수': 'LONG'에서 'float'(으)로 변환하면서 데이터가 손실될 수 있습니다.
  summoner.cpp
C:\Users\suhyeon\Desktop\포트폴리오\팀포폴\GITHUB\monster.h(192,27): warning C4244: 'return': 'float'에서 'int'(으)로 변환하면서 데이터가 손실될 수 있습니다.
C:\Users\suhyeon\Desktop\포트폴리오\팀포폴\GITHUB\summoner.cpp(65,71): warning C4244: '인수': 'LONG'에서 'float'(으)로 변환하면서 데이터가 손실될 수 있습니다.
C:\Users\suhyeon\Desktop\포트폴리오\팀포폴\GITHUB\summoner.cpp(65,59): warning C4244: '인수': 'LONG'에서 'float'(으)로 변환하면서 데이터가 손실될 수 있습니다.
  monster.cpp
C:\Users\suhyeon\Desktop\포트폴리오\팀포폴\GITHUB\monster.h(192,27): warning C4244: 'return': 'float'에서 'int'(으)로 변환하면서 데이터가 손실될 수 있습니다.
C:\Users\suhyeon\Desktop\포트폴리오\팀포폴\GITHUB\monster.cpp(93,20): warning C4244: '=': 'int'에서 'float'(으)로 변환하면서 데이터가 손실될 수 있습니다.
C:\Users\suhyeon\Desktop\포트폴리오\팀포폴\GITHUB\monster.cpp(94,20): warning C4244: '=': 'int'에서 'float'(으)로 변환하면서 데이터가 손실될 수 있습니다.
C:\Users\suhyeon\Desktop\포트폴리오\팀포폴\GITHUB\monster.cpp(109,21): warning C4244: '=': 'int'에서 'float'(으)로 변환하면서 데이터가 손실될 수 있습니다.
C:\Users\suhyeon\Desktop\포트폴리오\팀포폴\GITHUB\monster.cpp(110,21): warning C4244: '=': 'int'에서 'float'(으)로 변환하면서 데이터가 손실될 수 있습니다.
C:\Users\suhyeon\Desktop\포트폴리오\팀포폴\GITHUB\monster.cpp(128,99): warning C4244: '인수': 'LONG'에서 'float'(으)로 변환하면서 데이터가 손실될 수 있습니다.
C:\Users\suhyeon\Desktop\포트폴리오\팀포폴\GITHUB\monster.cpp(128,76): warning C4244: '인수': 'LONG'에서 'float'(으)로 변환하면서 데이터가 손실될 수 있습니다.
C:\Users\suhyeon\Desktop\포트폴리오\팀포폴\GITHUB\monster.cpp(128,54): warning C4244: '인수': 'LONG'에서 'float'(으)로 변환하면서 데이터가 손실될 수 있습니다.
C:\Users\suhyeon\Desktop\포트폴리오\팀포폴\GITHUB\monster.cpp(128,34): warning C4244: '인수': 'LONG'에서 'float'(으)로 변환하면서 데이터가 손실될 수 있습니다.
C:\Users\suhyeon\Desktop\포트폴리오\팀포폴\GITHUB\monster.cpp(174,21): warning C4018: '<': signed 또는 unsigned가 일치하지 않습니다.
C:\Users\suhyeon\Desktop\포트폴리오\팀포폴\GITHUB\monster.cpp(135,7): warning C4101: 'str' :참조되지 않은 지역 변수입니다.
C:\Users\suhyeon\Desktop\포트폴리오\팀포폴\GITHUB\monster.cpp(203,21): warning C4018: '<': signed 또는 unsigned가 일치하지 않습니다.
C:\Users\suhyeon\Desktop\포트폴리오\팀포폴\GITHUB\monster.cpp(212,21): warning C4018: '<': signed 또는 unsigned가 일치하지 않습니다.
C:\Users\suhyeon\Desktop\포트폴리오\팀포폴\GITHUB\monster.cpp(274,20): warning C4018: '<': signed 또는 unsigned가 일치하지 않습니다.
C:\Users\suhyeon\Desktop\포트폴리오\팀포폴\GITHUB\monster.cpp(284,20): warning C4018: '<': signed 또는 unsigned가 일치하지 않습니다.
C:\Users\suhyeon\Desktop\포트폴리오\팀포폴\GITHUB\monster.cpp(372,79): warning C4244: '인수': 'LONG'에서 'float'(으)로 변환하면서 데이터가 손실될 수 있습니다.
C:\Users\suhyeon\Desktop\포트폴리오\팀포폴\GITHUB\monster.cpp(372,64): warning C4244: '인수': 'LONG'에서 'float'(으)로 변환하면서 데이터가 손실될 수 있습니다.
C:\Users\suhyeon\Desktop\포트폴리오\팀포폴\GITHUB\monster.cpp(372,52): warning C4244: '인수': 'LONG'에서 'float'(으)로 변환하면서 데이터가 손실될 수 있습니다.
C:\Users\suhyeon\Desktop\포트폴리오\팀포폴\GITHUB\monster.cpp(372,40): warning C4244: '인수': 'LONG'에서 'float'(으)로 변환하면서 데이터가 손실될 수 있습니다.
C:\Users\suhyeon\Desktop\포트폴리오\팀포폴\GITHUB\monster.cpp(444,47): warning C4244: '+=': 'double'에서 'LONG'(으)로 변환하면서 데이터가 손실될 수 있습니다.
C:\Users\suhyeon\Desktop\포트폴리오\팀포폴\GITHUB\monster.cpp(445,48): warning C4244: '+=': 'double'에서 'LONG'(으)로 변환하면서 데이터가 손실될 수 있습니다.
C:\Users\suhyeon\Desktop\포트폴리오\팀포폴\GITHUB\monster.cpp(459,42): warning C4244: '인수': 'LONG'에서 'float'(으)로 변환하면서 데이터가 손실될 수 있습니다.
C:\Users\suhyeon\Desktop\포트폴리오\팀포폴\GITHUB\monster.cpp(460,42): warning C4244: '인수': 'LONG'에서 'float'(으)로 변환하면서 데이터가 손실될 수 있습니다.
C:\Users\suhyeon\Desktop\포트폴리오\팀포폴\GITHUB\monster.cpp(593,20): warning C4018: '<': signed 또는 unsigned가 일치하지 않습니다.
  particleManager.cpp
C:\Users\suhyeon\Desktop\포트폴리오\팀포폴\GITHUB\particleManager.cpp(120,20): warning C4244: '인수': 'float'에서 'int'(으)로 변환하면서 데이터가 손실될 수 있습니다.
C:\Users\suhyeon\Desktop\포트폴리오\팀포폴\GITHUB\particleManager.cpp(119,20): warning C4244: '인수': 'float'에서 'int'(으)로 변환하면서 데이터가 손실될 수 있습니다.
C:\Users\suhyeon\Desktop\포트폴리오\팀포폴\GITHUB\particleManager.cpp(135,59): warning C4244: '인수': 'float'에서 'int'(으)로 변환하면서 데이터가 손실될 수 있습니다.
C:\Users\suhyeon\Desktop\포트폴리오\팀포폴\GITHUB\particleManager.cpp(135,42): warning C4244: '인수': 'float'에서 'int'(으)로 변환하면서 데이터가 손실될 수 있습니다.
C:\Users\suhyeon\Desktop\포트폴리오\팀포폴\GITHUB\particleManager.cpp(136,62): warning C4244: '인수': 'float'에서 'int'(으)로 변환하면서 데이터가 손실될 수 있습니다.
C:\Users\suhyeon\Desktop\포트폴리오\팀포폴\GITHUB\particleManager.cpp(136,42): warning C4244: '인수': 'float'에서 'int'(으)로 변환하면서 데이터가 손실될 수 있습니다.
C:\Users\suhyeon\Desktop\포트폴리오\팀포폴\GITHUB\particleManager.cpp(150,59): warning C4244: '인수': 'float'에서 'int'(으)로 변환하면서 데이터가 손실될 수 있습니다.
C:\Users\suhyeon\Desktop\포트폴리오\팀포폴\GITHUB\particleManager.cpp(150,42): warning C4244: '인수': 'float'에서 'int'(으)로 변환하면서 데이터가 손실될 수 있습니다.
C:\Users\suhyeon\Desktop\포트폴리오\팀포폴\GITHUB\particleManager.cpp(151,66): warning C4244: '인수': 'float'에서 'int'(으)로 변환하면서 데이터가 손실될 수 있습니다.
C:\Users\suhyeon\Desktop\포트폴리오\팀포폴\GITHUB\particleManager.cpp(151,46): warning C4244: '인수': 'float'에서 'int'(으)로 변환하면서 데이터가 손실될 수 있습니다.
C:\Users\suhyeon\Desktop\포트폴리오\팀포폴\GITHUB\particleManager.cpp(335,16): warning C4244: '초기화 중': 'int'에서 'float'(으)로 변환하면서 데이터가 손실될 수 있습니다.
C:\Users\suhyeon\Desktop\포트폴리오\팀포폴\GITHUB\particleManager.cpp(343,84): warning C4244: '인수': 'float'에서 'int'(으)로 변환하면서 데이터가 손실될 수 있습니다.
C:\Users\suhyeon\Desktop\포트폴리오\팀포폴\GITHUB\particleManager.cpp(344,55): warning C4244: '인수': 'float'에서 'int'(으)로 변환하면서 데이터가 손실될 수 있습니다.
  player.cpp
C:\Users\suhyeon\Desktop\포트폴리오\팀포폴\GITHUB\player.h(7,10): warning C4067: 전처리기 지시문 다음에 예기치 않은 토큰이 있습니다. 줄 바꿈 문자가 필요합니다.
C:\Users\suhyeon\Desktop\포트폴리오\팀포폴\GITHUB\player.h(193,47): warning C4244: '인수': 'float'에서 'int'(으)로 변환하면서 데이터가 손실될 수 있습니다.
C:\Users\suhyeon\Desktop\포트폴리오\팀포폴\GITHUB\player.h(193,41): warning C4244: '인수': 'float'에서 'int'(으)로 변환하면서 데이터가 손실될 수 있습니다.
C:\Users\suhyeon\Desktop\포트폴리오\팀포폴\GITHUB\monster.h(192,27): warning C4244: 'return': 'float'에서 'int'(으)로 변환하면서 데이터가 손실될 수 있습니다.
C:\Users\suhyeon\Desktop\포트폴리오\팀포폴\GITHUB\player.cpp(17,28): warning C4244: '인수': 'float'에서 'int'(으)로 변환하면서 데이터가 손실될 수 있습니다.
C:\Users\suhyeon\Desktop\포트폴리오\팀포폴\GITHUB\player.cpp(17,22): warning C4244: '인수': 'float'에서 'int'(으)로 변환하면서 데이터가 손실될 수 있습니다.
C:\Users\suhyeon\Desktop\포트폴리오\팀포폴\GITHUB\player.cpp(139,73): warning C4244: '인수': 'LONG'에서 'float'(으)로 변환하면서 데이터가 손실될 수 있습니다.
C:\Users\suhyeon\Desktop\포트폴리오\팀포폴\GITHUB\player.cpp(139,114): warning C4244: '인수': 'LONG'에서 'float'(으)로 변환하면서 데이터가 손실될 수 있습니다.
C:\Users\suhyeon\Desktop\포트폴리오\팀포폴\GITHUB\player.cpp(139,105): warning C4244: '인수': 'int'에서 'float'(으)로 변환하면서 데이터가 손실될 수 있습니다.
C:\Users\suhyeon\Desktop\포트폴리오\팀포폴\GITHUB\player.cpp(139,64): warning C4244: '인수': 'int'에서 'float'(으)로 변환하면서 데이터가 손실될 수 있습니다.
C:\Users\suhyeon\Desktop\포트폴리오\팀포폴\GITHUB\player.cpp(193,29): warning C4244: '인수': 'float'에서 'int'(으)로 변환하면서 데이터가 손실될 수 있습니다.
C:\Users\suhyeon\Desktop\포트폴리오\팀포폴\GITHUB\player.cpp(193,23): warning C4244: '인수': 'float'에서 'int'(으)로 변환하면서 데이터가 손실될 수 있습니다.
C:\Users\suhyeon\Desktop\포트폴리오\팀포폴\GITHUB\player.cpp(244,73): warning C4244: '인수': 'LONG'에서 'float'(으)로 변환하면서 데이터가 손실될 수 있습니다.
C:\Users\suhyeon\Desktop\포트폴리오\팀포폴\GITHUB\player.cpp(244,114): warning C4244: '인수': 'LONG'에서 'float'(으)로 변환하면서 데이터가 손실될 수 있습니다.
C:\Users\suhyeon\Desktop\포트폴리오\팀포폴\GITHUB\player.cpp(244,105): warning C4244: '인수': 'int'에서 'float'(으)로 변환하면서 데이터가 손실될 수 있습니다.
C:\Users\suhyeon\Desktop\포트폴리오\팀포폴\GITHUB\player.cpp(244,64): warning C4244: '인수': 'int'에서 'float'(으)로 변환하면서 데이터가 손실될 수 있습니다.
C:\Users\suhyeon\Desktop\포트폴리오\팀포폴\GITHUB\player.cpp(293,29): warning C4244: '인수': 'float'에서 'int'(으)로 변환하면서 데이터가 손실될 수 있습니다.
C:\Users\suhyeon\Desktop\포트폴리오\팀포폴\GITHUB\player.cpp(293,23): warning C4244: '인수': 'float'에서 'int'(으)로 변환하면서 데이터가 손실될 수 있습니다.
C:\Users\suhyeon\Desktop\포트폴리오\팀포폴\GITHUB\player.cpp(326,16): warning C4244: '초기화 중': 'float'에서 'int'(으)로 변환하면서 데이터가 손실될 수 있습니다.
C:\Users\suhyeon\Desktop\포트폴리오\팀포폴\GITHUB\player.cpp(328,67): warning C4244: '인수': 'float'에서 'int'(으)로 변환하면서 데이터가 손실될 수 있습니다.
C:\Users\suhyeon\Desktop\포트폴리오\팀포폴\GITHUB\player.cpp(328,56): warning C4244: '인수': 'float'에서 'int'(으)로 변환하면서 데이터가 손실될 수 있습니다.
C:\Users\suhyeon\Desktop\포트폴리오\팀포폴\GITHUB\player.cpp(413,29): warning C4244: '인수': 'float'에서 'int'(으)로 변환하면서 데이터가 손실될 수 있습니다.
C:\Users\suhyeon\Desktop\포트폴리오\팀포폴\GITHUB\player.cpp(413,23): warning C4244: '인수': 'float'에서 'int'(으)로 변환하면서 데이터가 손실될 수 있습니다.
C:\Users\suhyeon\Desktop\포트폴리오\팀포폴\GITHUB\player.cpp(426,29): warning C4244: '인수': 'float'에서 'int'(으)로 변환하면서 데이터가 손실될 수 있습니다.
C:\Users\suhyeon\Desktop\포트폴리오\팀포폴\GITHUB\player.cpp(426,23): warning C4244: '인수': 'float'에서 'int'(으)로 변환하면서 데이터가 손실될 수 있습니다.
C:\Users\suhyeon\Desktop\포트폴리오\팀포폴\GITHUB\player.cpp(439,29): warning C4244: '인수': 'float'에서 'int'(으)로 변환하면서 데이터가 손실될 수 있습니다.
C:\Users\suhyeon\Desktop\포트폴리오\팀포폴\GITHUB\player.cpp(439,23): warning C4244: '인수': 'float'에서 'int'(으)로 변환하면서 데이터가 손실될 수 있습니다.
C:\Users\suhyeon\Desktop\포트폴리오\팀포폴\GITHUB\player.cpp(452,29): warning C4244: '인수': 'float'에서 'int'(으)로 변환하면서 데이터가 손실될 수 있습니다.
C:\Users\suhyeon\Desktop\포트폴리오\팀포폴\GITHUB\player.cpp(452,23): warning C4244: '인수': 'float'에서 'int'(으)로 변환하면서 데이터가 손실될 수 있습니다.
C:\Users\suhyeon\Desktop\포트폴리오\팀포폴\GITHUB\player.cpp(655,26): warning C4244: '인수': 'float'에서 'int'(으)로 변환하면서 데이터가 손실될 수 있습니다.
C:\Users\suhyeon\Desktop\포트폴리오\팀포폴\GITHUB\player.cpp(655,20): warning C4244: '인수': 'float'에서 'int'(으)로 변환하면서 데이터가 손실될 수 있습니다.
C:\Users\suhyeon\Desktop\포트폴리오\팀포폴\GITHUB\player.cpp(666,26): warning C4244: '인수': 'float'에서 'int'(으)로 변환하면서 데이터가 손실될 수 있습니다.
C:\Users\suhyeon\Desktop\포트폴리오\팀포폴\GITHUB\player.cpp(666,20): warning C4244: '인수': 'float'에서 'int'(으)로 변환하면서 데이터가 손실될 수 있습니다.
C:\Users\suhyeon\Desktop\포트폴리오\팀포폴\GITHUB\player.cpp(676,26): warning C4244: '인수': 'float'에서 'int'(으)로 변환하면서 데이터가 손실될 수 있습니다.
C:\Users\suhyeon\Desktop\포트폴리오\팀포폴\GITHUB\player.cpp(676,20): warning C4244: '인수': 'float'에서 'int'(으)로 변환하면서 데이터가 손실될 수 있습니다.
C:\Users\suhyeon\Desktop\포트폴리오\팀포폴\GITHUB\player.cpp(691,26): warning C4244: '인수': 'float'에서 'int'(으)로 변환하면서 데이터가 손실될 수 있습니다.
C:\Users\suhyeon\Desktop\포트폴리오\팀포폴\GITHUB\player.cpp(691,20): warning C4244: '인수': 'float'에서 'int'(으)로 변환하면서 데이터가 손실될 수 있습니다.
C:\Users\suhyeon\Desktop\포트폴리오\팀포폴\GITHUB\player.cpp(702,26): warning C4244: '인수': 'float'에서 'int'(으)로 변환하면서 데이터가 손실될 수 있습니다.
C:\Users\suhyeon\Desktop\포트폴리오\팀포폴\GITHUB\player.cpp(702,20): warning C4244: '인수': 'float'에서 'int'(으)로 변환하면서 데이터가 손실될 수 있습니다.
C:\Users\suhyeon\Desktop\포트폴리오\팀포폴\GITHUB\player.cpp(712,26): warning C4244: '인수': 'float'에서 'int'(으)로 변환하면서 데이터가 손실될 수 있습니다.
C:\Users\suhyeon\Desktop\포트폴리오\팀포폴\GITHUB\player.cpp(712,20): warning C4244: '인수': 'float'에서 'int'(으)로 변환하면서 데이터가 손실될 수 있습니다.
C:\Users\suhyeon\Desktop\포트폴리오\팀포폴\GITHUB\player.cpp(725,25): warning C4244: '인수': 'float'에서 'int'(으)로 변환하면서 데이터가 손실될 수 있습니다.
C:\Users\suhyeon\Desktop\포트폴리오\팀포폴\GITHUB\player.cpp(725,19): warning C4244: '인수': 'float'에서 'int'(으)로 변환하면서 데이터가 손실될 수 있습니다.
C:\Users\suhyeon\Desktop\포트폴리오\팀포폴\GITHUB\player.cpp(737,25): warning C4244: '인수': 'float'에서 'int'(으)로 변환하면서 데이터가 손실될 수 있습니다.
C:\Users\suhyeon\Desktop\포트폴리오\팀포폴\GITHUB\player.cpp(737,19): warning C4244: '인수': 'float'에서 'int'(으)로 변환하면서 데이터가 손실될 수 있습니다.
C:\Users\suhyeon\Desktop\포트폴리오\팀포폴\GITHUB\player.cpp(772,53): warning C4244: '인수': 'LONG'에서 'float'(으)로 변환하면서 데이터가 손실될 수 있습니다.
C:\Users\suhyeon\Desktop\포트폴리오\팀포폴\GITHUB\player.cpp(772,15): warning C4244: '초기화 중': 'int'에서 'float'(으)로 변환하면서 데이터가 손실될 수 있습니다.
C:\Users\suhyeon\Desktop\포트폴리오\팀포폴\GITHUB\player.cpp(773,53): warning C4244: '인수': 'LONG'에서 'float'(으)로 변환하면서 데이터가 손실될 수 있습니다.
C:\Users\suhyeon\Desktop\포트폴리오\팀포폴\GITHUB\player.cpp(773,15): warning C4244: '초기화 중': 'int'에서 'float'(으)로 변환하면서 데이터가 손실될 수 있습니다.
C:\Users\suhyeon\Desktop\포트폴리오\팀포폴\GITHUB\player.cpp(1048,20): warning C4018: '<': signed 또는 unsigned가 일치하지 않습니다.
C:\Users\suhyeon\Desktop\포트폴리오\팀포폴\GITHUB\player.cpp(1064,20): warning C4018: '<': signed 또는 unsigned가 일치하지 않습니다.
C:\Users\suhyeon\Desktop\포트폴리오\팀포폴\GITHUB\player.cpp(1924,98): warning C4244: '인수': 'float'에서 'int'(으)로 변환하면서 데이터가 손실될 수 있습니다.
C:\Users\suhyeon\Desktop\포트폴리오\팀포폴\GITHUB\player.cpp(1924,87): warning C4244: '인수': 'float'에서 'int'(으)로 변환하면서 데이터가 손실될 수 있습니다.
C:\Users\suhyeon\Desktop\포트폴리오\팀포폴\GITHUB\player.cpp(1953,20): warning C4018: '<': signed 또는 unsigned가 일치하지 않습니다.
  playerData.cpp
C:\Users\suhyeon\Desktop\포트폴리오\팀포폴\GITHUB\playerData.cpp(102,18): warning C4244: '인수': 'float'에서 'int'(으)로 변환하면서 데이터가 손실될 수 있습니다.
C:\Users\suhyeon\Desktop\포트폴리오\팀포폴\GITHUB\playerData.cpp(101,22): warning C4244: '인수': 'float'에서 'int'(으)로 변환하면서 데이터가 손실될 수 있습니다.
C:\Users\suhyeon\Desktop\포트폴리오\팀포폴\GITHUB\playerData.cpp(168,27): warning C4244: '=': 'float'에서 'int'(으)로 변환하면서 데이터가 손실될 수 있습니다.
C:\Users\suhyeon\Desktop\포트폴리오\팀포폴\GITHUB\playerData.cpp(173,27): warning C4244: '=': 'float'에서 'int'(으)로 변환하면서 데이터가 손실될 수 있습니다.
C:\Users\suhyeon\Desktop\포트폴리오\팀포폴\GITHUB\playerData.cpp(182,21): warning C4244: '=': 'float'에서 'int'(으)로 변환하면서 데이터가 손실될 수 있습니다.
C:\Users\suhyeon\Desktop\포트폴리오\팀포폴\GITHUB\playerData.cpp(193,27): warning C4244: '=': 'float'에서 'int'(으)로 변환하면서 데이터가 손실될 수 있습니다.
C:\Users\suhyeon\Desktop\포트폴리오\팀포폴\GITHUB\playerData.cpp(198,27): warning C4244: '=': 'float'에서 'int'(으)로 변환하면서 데이터가 손실될 수 있습니다.
C:\Users\suhyeon\Desktop\포트폴리오\팀포폴\GITHUB\playerData.cpp(207,21): warning C4244: '=': 'float'에서 'int'(으)로 변환하면서 데이터가 손실될 수 있습니다.
C:\Users\suhyeon\Desktop\포트폴리오\팀포폴\GITHUB\playerData.cpp(230,15): warning C4244: '초기화 중': 'float'에서 'int'(으)로 변환하면서 데이터가 손실될 수 있습니다.
  random.cpp
  sceneManager.cpp
  soundManager.cpp
  컴파일하고 있습니다...
  startScene.cpp
  timeManager.cpp
  uiManager.cpp
C:\Users\suhyeon\Desktop\포트폴리오\팀포폴\GITHUB\uiManager.cpp(202,12): warning C4244: '초기화 중': 'float'에서 'int'(으)로 변환하면서 데이터가 손실될 수 있습니다.
C:\Users\suhyeon\Desktop\포트폴리오\팀포폴\GITHUB\uiManager.cpp(207,20): warning C4244: '초기화 중': 'float'에서 'int'(으)로 변환하면서 데이터가 손실될 수 있습니다.
C:\Users\suhyeon\Desktop\포트폴리오\팀포폴\GITHUB\uiManager.cpp(245,18): warning C4244: '초기화 중': 'float'에서 'int'(으)로 변환하면서 데이터가 손실될 수 있습니다.
C:\Users\suhyeon\Desktop\포트폴리오\팀포폴\GITHUB\uiManager.cpp(309,11): warning C4244: '초기화 중': 'float'에서 'int'(으)로 변환하면서 데이터가 손실될 수 있습니다.
  unit.cpp
  util.cpp
  wall.cpp
C:\Users\suhyeon\Desktop\포트폴리오\팀포폴\GITHUB\player.h(7,10): warning C4067: 전처리기 지시문 다음에 예기치 않은 토큰이 있습니다. 줄 바꿈 문자가 필요합니다.
C:\Users\suhyeon\Desktop\포트폴리오\팀포폴\GITHUB\player.h(193,47): warning C4244: '인수': 'float'에서 'int'(으)로 변환하면서 데이터가 손실될 수 있습니다.
C:\Users\suhyeon\Desktop\포트폴리오\팀포폴\GITHUB\player.h(193,41): warning C4244: '인수': 'float'에서 'int'(으)로 변환하면서 데이터가 손실될 수 있습니다.
C:\Users\suhyeon\Desktop\포트폴리오\팀포폴\GITHUB\wall.cpp(79,20): warning C4018: '<': signed 또는 unsigned가 일치하지 않습니다.
C:\Users\suhyeon\Desktop\포트폴리오\팀포폴\GITHUB\wall.cpp(78,13): warning C4101: 'height' :참조되지 않은 지역 변수입니다.
C:\Users\suhyeon\Desktop\포트폴리오\팀포폴\GITHUB\wall.cpp(78,6): warning C4101: 'width' :참조되지 않은 지역 변수입니다.
C:\Users\suhyeon\Desktop\포트폴리오\팀포폴\GITHUB\wall.cpp(77,9): warning C4101: 'img' :참조되지 않은 지역 변수입니다.
C:\Users\suhyeon\Desktop\포트폴리오\팀포폴\GITHUB\wall.cpp(171,46): warning C4244: '인수': 'LONG'에서 'float'(으)로 변환하면서 데이터가 손실될 수 있습니다.
C:\Users\suhyeon\Desktop\포트폴리오\팀포폴\GITHUB\wall.cpp(172,47): warning C4244: '인수': 'LONG'에서 'float'(으)로 변환하면서 데이터가 손실될 수 있습니다.
C:\Users\suhyeon\Desktop\포트폴리오\팀포폴\GITHUB\wall.cpp(173,45): warning C4244: '인수': 'LONG'에서 'float'(으)로 변환하면서 데이터가 손실될 수 있습니다.
C:\Users\suhyeon\Desktop\포트폴리오\팀포폴\GITHUB\wall.cpp(174,48): warning C4244: '인수': 'LONG'에서 'float'(으)로 변환하면서 데이터가 손실될 수 있습니다.
  winMain.cpp
C:\Users\suhyeon\Desktop\포트폴리오\팀포폴\GITHUB\player.h(7,10): warning C4067: 전처리기 지시문 다음에 예기치 않은 토큰이 있습니다. 줄 바꿈 문자가 필요합니다.
C:\Users\suhyeon\Desktop\포트폴리오\팀포폴\GITHUB\player.h(193,47): warning C4244: '인수': 'float'에서 'int'(으)로 변환하면서 데이터가 손실될 수 있습니다.
C:\Users\suhyeon\Desktop\포트폴리오\팀포폴\GITHUB\player.h(193,41): warning C4244: '인수': 'float'에서 'int'(으)로 변환하면서 데이터가 손실될 수 있습니다.
C:\Users\suhyeon\Desktop\포트폴리오\팀포폴\GITHUB\monster.h(192,27): warning C4244: 'return': 'float'에서 'int'(으)로 변환하면서 데이터가 손실될 수 있습니다.
C:\Users\suhyeon\Desktop\포트폴리오\팀포폴\GITHUB\finalBossScene.h(6,1): warning C4005: 'MAXWIDTH': 매크로 재정의
C:\Users\suhyeon\Desktop\포트폴리오\팀포폴\GITHUB\bossScene.h(6): message : 'MAXWIDTH'의 이전 정의를 참조하십시오.
C:\Users\suhyeon\Desktop\포트폴리오\팀포폴\GITHUB\finalBossScene.h(7,1): warning C4005: 'MAXHEIGHT': 매크로 재정의
C:\Users\suhyeon\Desktop\포트폴리오\팀포폴\GITHUB\bossScene.h(7): message : 'MAXHEIGHT'의 이전 정의를 참조하십시오.
  zObject.cpp
C:\Users\suhyeon\Desktop\포트폴리오\팀포폴\GITHUB\zObject.cpp(34,63): warning C4244: '인수': 'float'에서 'int'(으)로 변환하면서 데이터가 손실될 수 있습니다.
C:\Users\suhyeon\Desktop\포트폴리오\팀포폴\GITHUB\zObject.cpp(34,35): warning C4244: '인수': 'float'에서 'int'(으)로 변환하면서 데이터가 손실될 수 있습니다.
C:\Users\suhyeon\Desktop\포트폴리오\팀포폴\GITHUB\zObject.cpp(36,63): warning C4244: '인수': 'float'에서 'int'(으)로 변환하면서 데이터가 손실될 수 있습니다.
C:\Users\suhyeon\Desktop\포트폴리오\팀포폴\GITHUB\zObject.cpp(36,35): warning C4244: '인수': 'float'에서 'int'(으)로 변환하면서 데이터가 손실될 수 있습니다.
C:\Users\suhyeon\Desktop\포트폴리오\팀포폴\GITHUB\zObject.cpp(38,63): warning C4244: '인수': 'float'에서 'int'(으)로 변환하면서 데이터가 손실될 수 있습니다.
C:\Users\suhyeon\Desktop\포트폴리오\팀포폴\GITHUB\zObject.cpp(38,35): warning C4244: '인수': 'float'에서 'int'(으)로 변환하면서 데이터가 손실될 수 있습니다.
C:\Users\suhyeon\Desktop\포트폴리오\팀포폴\GITHUB\zObject.cpp(40,65): warning C4244: '인수': 'float'에서 'int'(으)로 변환하면서 데이터가 손실될 수 있습니다.
C:\Users\suhyeon\Desktop\포트폴리오\팀포폴\GITHUB\zObject.cpp(40,35): warning C4244: '인수': 'float'에서 'int'(으)로 변환하면서 데이터가 손실될 수 있습니다.
C:\Users\suhyeon\Desktop\포트폴리오\팀포폴\GITHUB\zObject.cpp(42,65): warning C4244: '인수': 'float'에서 'int'(으)로 변환하면서 데이터가 손실될 수 있습니다.
C:\Users\suhyeon\Desktop\포트폴리오\팀포폴\GITHUB\zObject.cpp(42,35): warning C4244: '인수': 'float'에서 'int'(으)로 변환하면서 데이터가 손실될 수 있습니다.
C:\Users\suhyeon\Desktop\포트폴리오\팀포폴\GITHUB\zObject.cpp(48,87): warning C4244: '인수': 'float'에서 'int'(으)로 변환하면서 데이터가 손실될 수 있습니다.
C:\Users\suhyeon\Desktop\포트폴리오\팀포폴\GITHUB\zObject.cpp(48,43): warning C4244: '인수': 'float'에서 'int'(으)로 변환하면서 데이터가 손실될 수 있습니다.
C:\Users\suhyeon\Desktop\포트폴리오\팀포폴\GITHUB\zObject.cpp(53,106): warning C4244: '인수': 'float'에서 'int'(으)로 변환하면서 데이터가 손실될 수 있습니다.
C:\Users\suhyeon\Desktop\포트폴리오\팀포폴\GITHUB\zObject.cpp(53,48): warning C4244: '인수': 'float'에서 'int'(으)로 변환하면서 데이터가 손실될 수 있습니다.
C:\Users\suhyeon\Desktop\포트폴리오\팀포폴\GITHUB\zObject.cpp(92,78): warning C4244: '인수': 'float'에서 'int'(으)로 변환하면서 데이터가 손실될 수 있습니다.
C:\Users\suhyeon\Desktop\포트폴리오\팀포폴\GITHUB\zObject.cpp(92,75): warning C4244: '인수': 'float'에서 'int'(으)로 변환하면서 데이터가 손실될 수 있습니다.
C:\Users\suhyeon\Desktop\포트폴리오\팀포폴\GITHUB\zObject.cpp(104,15): warning C4244: '인수': 'float'에서 'int'(으)로 변환하면서 데이터가 손실될 수 있습니다.
C:\Users\suhyeon\Desktop\포트폴리오\팀포폴\GITHUB\zObject.cpp(117,15): warning C4244: '인수': 'float'에서 'int'(으)로 변환하면서 데이터가 손실될 수 있습니다.
C:\Users\suhyeon\Desktop\포트폴리오\팀포폴\GITHUB\zObject.cpp(116,15): warning C4244: '인수': 'float'에서 'int'(으)로 변환하면서 데이터가 손실될 수 있습니다.
  코드를 생성하고 있습니다.
  Previous IPDB not found, fall back to full compilation.
C:\Users\suhyeon\Desktop\포트폴리오\팀포폴\GITHUB\monster.h(189): warning C4715: 'monster::getBulletDirection': 모든 제어 경로에서 값을 반환하지는 않습니다.
  All 4398 functions were compiled because no usable IPDB/IOBJ from previous compilation was found.
  코드를 생성했습니다.
  WindowAPI.vcxproj -> C:\Users\suhyeon\Desktop\포트폴리오\팀포폴\GITHUB\Release\GameFramework2D.exe
